

Microchip Technology PIC LITE Macro Assembler V1.33 build 59893 
                                                                                               Thu Feb 05 21:35:52 2015

Microchip Technology Omniscient Code Generator (Lite mode) build 59893
     1                           	processor	16F628A
     2                           	opt	pw 120
     3                           	opt	lm
     4                           	psect	text0,local,class=CODE,merge=1,delta=2
     5                           	psect	cinit,global,class=CODE,merge=1,delta=2
     6                           	psect	cstackCOMMON,global,class=COMMON,space=1,delta=1
     7                           	psect	maintext,global,class=CODE,split=1,delta=2
     8                           	psect	text1,local,class=CODE,merge=1,delta=2
     9                           	dabs	1,0x7E,2
    10  0000                     	;# 
    11  0001                     	;# 
    12  0002                     	;# 
    13  0003                     	;# 
    14  0004                     	;# 
    15  0005                     	;# 
    16  0006                     	;# 
    17  000A                     	;# 
    18  000B                     	;# 
    19  000C                     	;# 
    20  000E                     	;# 
    21  000E                     	;# 
    22  000F                     	;# 
    23  0010                     	;# 
    24  0011                     	;# 
    25  0012                     	;# 
    26  0015                     	;# 
    27  0015                     	;# 
    28  0016                     	;# 
    29  0017                     	;# 
    30  0018                     	;# 
    31  0019                     	;# 
    32  001A                     	;# 
    33  001F                     	;# 
    34  0081                     	;# 
    35  0085                     	;# 
    36  0086                     	;# 
    37  008C                     	;# 
    38  008E                     	;# 
    39  0092                     	;# 
    40  0098                     	;# 
    41  0099                     	;# 
    42  009A                     	;# 
    43  009B                     	;# 
    44  009C                     	;# 
    45  009D                     	;# 
    46  009F                     	;# 
    47  001F                     _CMCON	set	31
    48  0006                     _PORTB	set	6
    49  0086                     _TRISB	set	134
    50                           
    51                           	psect	text0
    52  0000                     __ptext0:	
    53                           ; #config settings
    54                           
    55                           
    56                           ;psect for function _configLed
    57  0000                     
    58                           	psect	cinit
    59  07FE                     start_initialization:	
    60  07FE                     __initialization:	
    61  07FE                     end_of_initialization:	
    62                           ;End of C runtime variable initialization code
    63                           
    64  07FE                     __end_of__initialization:	
    65  07FE  0183               	clrf	3
    66  07FF  2FE9               	ljmp	_main	;jump to C main() function
    67                           
    68                           	psect	cstackCOMMON
    69  0070                     __pcstackCOMMON:	
    70  0070                     ?_configLed:	
    71  0070                     ??_configLed:	
    72                           ; 0 bytes @ 0x0
    73                           
    74  0070                     ?_main:	
    75                           ; 0 bytes @ 0x0
    76                           
    77                           
    78                           ; 2 bytes @ 0x0
    79  0070                     	ds	1
    80  0071                     ??_main:	
    81                           
    82                           ; 0 bytes @ 0x1
    83  0071                     	ds	3
    84                           
    85                           	psect	maintext
    86  07E9                     __pmaintext:	
    87 ;;
    88 ;;Main: autosize = 0, tempsize = 3, incstack = 0, save=0
    89 ;;
    90 ;; *************** function _main *****************
    91 ;; Defined at:
    92 ;;		line 32 in file "main.c"
    93 ;; Parameters:    Size  Location     Type
    94 ;;		None
    95 ;; Auto vars:     Size  Location     Type
    96 ;;		None
    97 ;; Return value:  Size  Location     Type
    98 ;;                  2   13[COMMON] int 
    99 ;; Registers used:
   100 ;;		wreg, status,2, status,0, pclath, cstack
   101 ;; Tracked objects:
   102 ;;		On entry : 17F/0
   103 ;;		On exit  : 0/0
   104 ;;		Unchanged: 0/0
   105 ;; Data sizes:     COMMON   BANK0   BANK1   BANK2
   106 ;;      Params:         0       0       0       0
   107 ;;      Locals:         0       0       0       0
   108 ;;      Temps:          3       0       0       0
   109 ;;      Totals:         3       0       0       0
   110 ;;Total ram usage:        3 bytes
   111 ;; Hardware stack levels required when called:    1
   112 ;; This function calls:
   113 ;;		_configLed
   114 ;; This function is called by:
   115 ;;		Startup code after reset
   116 ;; This function uses a non-reentrant model
   117 ;;
   118                           
   119                           
   120                           ;psect for function _main
   121  07E9                     _main:	
   122                           
   123                           ;main.c: 33: configLed();
   124                           
   125                           ;incstack = 0
   126                           ; Regs used in _main: [wreg+status,2+status,0+pclath+cstack]
   127  07E9  27D9               	fcall	_configLed
   128  07EA                     l480:	
   129                           ;main.c: 34: while (1) {
   130                           
   131                           
   132                           ;main.c: 35: PORTB ^= (1 << 1);
   133  07EA  3002               	movlw	2
   134  07EB  00F1               	movwf	??_main
   135  07EC  0871               	movf	??_main,w
   136  07ED  1283               	bcf	3,5	;RP0=0, select bank0
   137  07EE  1303               	bcf	3,6	;RP1=0, select bank0
   138  07EF  0686               	xorwf	6,f	;volatile
   139                           
   140                           ;main.c: 36: _delay((unsigned long)((1000)*(4000000UL/4000.0)));
   141  07F0  3006               	movlw	6
   142  07F1  00F3               	movwf	??_main+2
   143  07F2  3013               	movlw	19
   144  07F3  00F2               	movwf	??_main+1
   145  07F4  30B1               	movlw	177
   146  07F5  00F1               	movwf	??_main
   147  07F6                     u17:	
   148  07F6  0BF1               	decfsz	??_main,f
   149  07F7  2FF6               	goto	u17
   150  07F8  0BF2               	decfsz	??_main+1,f
   151  07F9  2FF6               	goto	u17
   152  07FA  0BF3               	decfsz	??_main+2,f
   153  07FB  2FF6               	goto	u17
   154  07FC  2FFD               	nop2
   155  07FD  2FEA               	goto	l480
   156  07FE                     __end_of_main:	
   157                           ;main.c: 37: }
   158                           ;main.c: 38: return 1;
   159                           ;	Return value of _main is never used
   160                           
   161                           
   162                           	psect	text1
   163  07D9                     __ptext1:	
   164 ;; *************** function _configLed *****************
   165 ;; Defined at:
   166 ;;		line 26 in file "main.c"
   167 ;; Parameters:    Size  Location     Type
   168 ;;		None
   169 ;; Auto vars:     Size  Location     Type
   170 ;;		None
   171 ;; Return value:  Size  Location     Type
   172 ;;		None               void
   173 ;; Registers used:
   174 ;;		wreg, status,2, status,0
   175 ;; Tracked objects:
   176 ;;		On entry : 0/0
   177 ;;		On exit  : 0/0
   178 ;;		Unchanged: 0/0
   179 ;; Data sizes:     COMMON   BANK0   BANK1   BANK2
   180 ;;      Params:         0       0       0       0
   181 ;;      Locals:         0       0       0       0
   182 ;;      Temps:          1       0       0       0
   183 ;;      Totals:         1       0       0       0
   184 ;;Total ram usage:        1 bytes
   185 ;; Hardware stack levels used:    1
   186 ;; This function calls:
   187 ;;		Nothing
   188 ;; This function is called by:
   189 ;;		_main
   190 ;; This function uses a non-reentrant model
   191 ;;
   192                           
   193                           
   194                           ;psect for function _configLed
   195  07D9                     _configLed:	
   196                           
   197                           ;main.c: 27: CMCON |= (0b111 << 0);
   198                           
   199                           ;incstack = 0
   200                           ; Regs used in _configLed: [wreg+status,2+status,0]
   201  07D9  3007               	movlw	7
   202  07DA  00F0               	movwf	??_configLed
   203  07DB  0870               	movf	??_configLed,w
   204  07DC  1283               	bcf	3,5	;RP0=0, select bank0
   205  07DD  1303               	bcf	3,6	;RP1=0, select bank0
   206  07DE  049F               	iorwf	31,f	;volatile
   207                           
   208                           ;main.c: 28: TRISB &= ~(1 << 1);
   209  07DF  30FD               	movlw	253
   210  07E0  00F0               	movwf	??_configLed
   211  07E1  0870               	movf	??_configLed,w
   212  07E2  1683               	bsf	3,5	;RP0=1, select bank1
   213  07E3  1303               	bcf	3,6	;RP1=0, select bank1
   214  07E4  0586               	andwf	6,f	;volatile
   215                           
   216                           ;main.c: 29: PORTB |= (1 << 1);
   217  07E5  1283               	bcf	3,5	;RP0=0, select bank0
   218  07E6  1303               	bcf	3,6	;RP1=0, select bank0
   219  07E7  1486               	bsf	6,1	;volatile
   220  07E8  0008               	return
   221  07E9                     __end_of_configLed:	
   222  007E                     btemp	set	126	;btemp
   223  007E                     wtemp	set	126
   224  007E                     wtemp0	set	126
   225  0080                     wtemp1	set	128
   226  0082                     wtemp2	set	130
   227  0084                     wtemp3	set	132
   228  0086                     wtemp4	set	134
   229  0088                     wtemp5	set	136
   230  007F                     wtemp6	set	127
   231  007E                     ttemp	set	126
   232  007E                     ttemp0	set	126
   233  0081                     ttemp1	set	129
   234  0084                     ttemp2	set	132
   235  0087                     ttemp3	set	135
   236  007F                     ttemp4	set	127
   237  007E                     ltemp	set	126
   238  007E                     ltemp0	set	126
   239  0082                     ltemp1	set	130
   240  0086                     ltemp2	set	134
   241  0080                     ltemp3	set	128


Data Sizes:
    Strings     0
    Constant    0
    Data        0
    BSS         0
    Persistent  0
    Stack       0

Auto Spaces:
    Space          Size  Autos    Used
    COMMON           14      4       4
    BANK0            80      0       0
    BANK1            80      0       0
    BANK2            48      0       0

Pointer List with Targets:

    None.

Critical Paths under _main in COMMON

    _main->_configLed

Critical Paths under _main in BANK0

    None.

Critical Paths under _main in BANK1

    None.

Critical Paths under _main in BANK2

    None.

Call Graph Tables:

 ---------------------------------------------------------------------------------
 (Depth) Function   	        Calls       Base Space   Used Autos Params    Refs
 ---------------------------------------------------------------------------------
 (0) _main                                                 3     3      0       0
                                              1 COMMON     3     3      0
                          _configLed
 ---------------------------------------------------------------------------------
 (1) _configLed                                            1     1      0       0
                                              0 COMMON     1     1      0
 ---------------------------------------------------------------------------------
 Estimated maximum stack depth 1
 ---------------------------------------------------------------------------------

 Call Graph Graphs:

 _main (ROOT)
   _configLed

 Address spaces:
Name               Size   Autos  Total    Cost      Usage
BITCOMMON            E      0       0       0        0.0%
EEDATA              80      0       0       0        0.0%
NULL                 0      0       0       0        0.0%
CODE                 0      0       0       0        0.0%
COMMON               E      4       4       1       28.6%
BITSFR0              0      0       0       1        0.0%
SFR0                 0      0       0       1        0.0%
BITSFR1              0      0       0       2        0.0%
SFR1                 0      0       0       2        0.0%
STACK                0      0       0       2        0.0%
BANK0               50      0       0       3        0.0%
BITSFR3              0      0       0       4        0.0%
SFR3                 0      0       0       4        0.0%
ABS                  0      0       0       4        0.0%
BITBANK0            50      0       0       5        0.0%
BITSFR2              0      0       0       5        0.0%
SFR2                 0      0       0       5        0.0%
BITBANK1            50      0       0       6        0.0%
BANK1               50      0       0       7        0.0%
BITBANK2            30      0       0       8        0.0%
BANK2               30      0       0       9        0.0%
DATA                 0      0       0      10        0.0%


Microchip Technology PIC Macro Assembler V1.33 build 59893 
Symbol Table                                                                                   Thu Feb 05 21:35:52 2015

            __CFG_CP$OFF 0000                       u17 07F6                      l480 07EA  
           __CFG_CPD$OFF 0000             __CFG_LVP$OFF 0000                     _main 07E9  
                   btemp 007E            __CFG_BOREN$ON 0000                     ltemp 007E  
                   start 0000                     ttemp 007E                     wtemp 007E  
          __CFG_MCLRE$ON 0000                    ?_main 0070            __CFG_WDTE$OFF 0000  
                  _CMCON 001F                    _PORTB 0006                    _TRISB 0086  
          __CFG_PWRTE$ON 0000                    ltemp0 007E                    ltemp1 0082  
                  ltemp2 0086                    ltemp3 0080                    ttemp0 007E  
                  ttemp1 0081                    ttemp2 0084                    ttemp3 0087  
                  ttemp4 007F                    status 0003                    wtemp0 007E  
                  wtemp1 0080                    wtemp2 0082                    wtemp3 0084  
                  wtemp4 0086                    wtemp5 0088                    wtemp6 007F  
        __initialization 07FE             __end_of_main 07FE                   ??_main 0071  
__end_of__initialization 07FE           __pcstackCOMMON 0070       __size_of_configLed 0010  
             __pmaintext 07E9        __end_of_configLed 07E9                  __ptext0 0000  
                __ptext1 07D9     end_of_initialization 07FE      start_initialization 07FE  
              ___latbits 0000                _configLed 07D9               ?_configLed 0070  
          __size_of_main 0015              ??_configLed 0070       __CFG_FOSC$INTOSCIO 0000  
