

Microchip Technology PIC LITE Macro Assembler V1.33 build 59893 
                                                                                               Tue Jan 06 11:44:42 2015

Microchip Technology Omniscient Code Generator (Lite mode) build 59893
     1                           	processor	16F628A
     2                           	opt	pw 120
     3                           	opt	lm
     4                           	psect	text0,local,class=CODE,merge=1,delta=2
     5                           	psect	cinit,global,class=CODE,merge=1,delta=2
     6                           	psect	cstackCOMMON,global,class=COMMON,space=1,delta=1
     7                           	psect	maintext,global,class=CODE,split=1,delta=2
     8                           	psect	text1,local,class=CODE,merge=1,delta=2
     9                           	psect	text2,local,class=CODE,merge=1,delta=2
    10                           	psect	text3,local,class=CODE,merge=1,delta=2
    11                           	psect	intentry,global,class=CODE,delta=2
    12                           	dabs	1,0x7E,2
    13  0000                     	;# 
    14  0001                     	;# 
    15  0002                     	;# 
    16  0003                     	;# 
    17  0004                     	;# 
    18  0005                     	;# 
    19  0006                     	;# 
    20  000A                     	;# 
    21  000B                     	;# 
    22  000C                     	;# 
    23  000E                     	;# 
    24  000E                     	;# 
    25  000F                     	;# 
    26  0010                     	;# 
    27  0011                     	;# 
    28  0012                     	;# 
    29  0015                     	;# 
    30  0015                     	;# 
    31  0016                     	;# 
    32  0017                     	;# 
    33  0018                     	;# 
    34  0019                     	;# 
    35  001A                     	;# 
    36  001F                     	;# 
    37  0081                     	;# 
    38  0085                     	;# 
    39  0086                     	;# 
    40  008C                     	;# 
    41  008E                     	;# 
    42  0092                     	;# 
    43  0098                     	;# 
    44  0099                     	;# 
    45  009A                     	;# 
    46  009B                     	;# 
    47  009C                     	;# 
    48  009D                     	;# 
    49  009F                     	;# 
    50  000B                     _INTCONbits	set	11
    51  0006                     _PORTBbits	set	6
    52  0081                     _OPTION_REGbits	set	129
    53  0430                     _TRISB0	set	1072
    54  0431                     _TRISB1	set	1073
    55                           
    56                           	psect	text0
    57  0000                     __ptext0:	
    58                           ; #config settings
    59                           
    60                           
    61                           ;psect for function _ISR
    62  0000                     
    63                           	psect	cinit
    64  0011                     start_initialization:	
    65  0011                     __initialization:	
    66  0011                     end_of_initialization:	
    67                           ;End of C runtime variable initialization code
    68                           
    69  0011                     __end_of__initialization:	
    70  0011  0183               	clrf	3
    71  0012  283A               	ljmp	_main	;jump to C main() function
    72                           
    73                           	psect	cstackCOMMON
    74  0070                     __pcstackCOMMON:	
    75  0070                     ?_externalIntConfig:	
    76  0070                     ?_interruptConfig:	
    77                           ; 0 bytes @ 0x0
    78                           
    79  0070                     ?_ISR:	
    80                           ; 0 bytes @ 0x0
    81                           
    82  0070                     ??_ISR:	
    83                           ; 0 bytes @ 0x0
    84                           
    85  0070                     ?_main:	
    86                           ; 0 bytes @ 0x0
    87                           
    88                           
    89                           ; 2 bytes @ 0x0
    90  0070                     	ds	4
    91  0074                     ??_externalIntConfig:	
    92  0074                     ??_interruptConfig:	
    93                           ; 0 bytes @ 0x4
    94                           
    95  0074                     ??_main:	
    96                           ; 0 bytes @ 0x4
    97                           
    98                           
    99                           	psect	maintext
   100  003A                     __pmaintext:	
   101                           ; 0 bytes @ 0x4
   102 ;;
   103 ;;Main: autosize = 0, tempsize = 0, incstack = 0, save=0
   104 ;;
   105 ;; *************** function _main *****************
   106 ;; Defined at:
   107 ;;		line 38 in file "main.c"
   108 ;; Parameters:    Size  Location     Type
   109 ;;		None
   110 ;; Auto vars:     Size  Location     Type
   111 ;;		None
   112 ;; Return value:  Size  Location     Type
   113 ;;                  2   18[COMMON] int 
   114 ;; Registers used:
   115 ;;		status,2, status,0, pclath, cstack
   116 ;; Tracked objects:
   117 ;;		On entry : 17F/0
   118 ;;		On exit  : 0/0
   119 ;;		Unchanged: 0/0
   120 ;; Data sizes:     COMMON   BANK0   BANK1   BANK2
   121 ;;      Params:         0       0       0       0
   122 ;;      Locals:         0       0       0       0
   123 ;;      Temps:          0       0       0       0
   124 ;;      Totals:         0       0       0       0
   125 ;;Total ram usage:        0 bytes
   126 ;; Hardware stack levels required when called:    2
   127 ;; This function calls:
   128 ;;		_externalIntConfig
   129 ;;		_interruptConfig
   130 ;; This function is called by:
   131 ;;		Startup code after reset
   132 ;; This function uses a non-reentrant model
   133 ;;
   134                           
   135                           
   136                           ;psect for function _main
   137  003A                     _main:	
   138                           
   139                           ;main.c: 39: interruptConfig();
   140                           
   141                           ;incstack = 0
   142                           ; Regs used in _main: [status,2+status,0+pclath+cstack]
   143  003A  2040               	fcall	_interruptConfig
   144                           
   145                           ;main.c: 40: externalIntConfig();
   146  003B  202D               	fcall	_externalIntConfig
   147                           
   148                           ;main.c: 41: TRISB1 = 0;
   149  003C  1683               	bsf	3,5	;RP0=1, select bank1
   150  003D  1303               	bcf	3,6	;RP1=0, select bank1
   151  003E  1086               	bcf	6,1	;volatile
   152  003F                     l19:	
   153                           ;main.c: 42: while (1);
   154                           
   155  003F  283F               	goto	l19
   156  0040                     __end_of_main:	
   157                           ;main.c: 43: return 1;
   158                           ;	Return value of _main is never used
   159                           
   160                           
   161                           	psect	text1
   162  0040                     __ptext1:	
   163 ;; *************** function _interruptConfig *****************
   164 ;; Defined at:
   165 ;;		line 34 in file "main.c"
   166 ;; Parameters:    Size  Location     Type
   167 ;;		None
   168 ;; Auto vars:     Size  Location     Type
   169 ;;		None
   170 ;; Return value:  Size  Location     Type
   171 ;;		None               void
   172 ;; Registers used:
   173 ;;		None
   174 ;; Tracked objects:
   175 ;;		On entry : 0/0
   176 ;;		On exit  : 0/0
   177 ;;		Unchanged: 0/0
   178 ;; Data sizes:     COMMON   BANK0   BANK1   BANK2
   179 ;;      Params:         0       0       0       0
   180 ;;      Locals:         0       0       0       0
   181 ;;      Temps:          0       0       0       0
   182 ;;      Totals:         0       0       0       0
   183 ;;Total ram usage:        0 bytes
   184 ;; Hardware stack levels used:    1
   185 ;; Hardware stack levels required when called:    1
   186 ;; This function calls:
   187 ;;		Nothing
   188 ;; This function is called by:
   189 ;;		_main
   190 ;; This function uses a non-reentrant model
   191 ;;
   192                           
   193                           
   194                           ;psect for function _interruptConfig
   195  0040                     _interruptConfig:	
   196                           
   197                           ;main.c: 35: INTCONbits.GIE = 1;
   198                           
   199                           ;incstack = 0
   200                           ; Regs used in _interruptConfig: []
   201  0040  178B               	bsf	11,7	;volatile
   202  0041  0008               	return
   203  0042                     __end_of_interruptConfig:	
   204                           
   205                           	psect	text2
   206  002D                     __ptext2:	
   207 ;; *************** function _externalIntConfig *****************
   208 ;; Defined at:
   209 ;;		line 25 in file "main.c"
   210 ;; Parameters:    Size  Location     Type
   211 ;;		None
   212 ;; Auto vars:     Size  Location     Type
   213 ;;		None
   214 ;; Return value:  Size  Location     Type
   215 ;;		None               void
   216 ;; Registers used:
   217 ;;		None
   218 ;; Tracked objects:
   219 ;;		On entry : 0/0
   220 ;;		On exit  : 0/0
   221 ;;		Unchanged: 0/0
   222 ;; Data sizes:     COMMON   BANK0   BANK1   BANK2
   223 ;;      Params:         0       0       0       0
   224 ;;      Locals:         0       0       0       0
   225 ;;      Temps:          0       0       0       0
   226 ;;      Totals:         0       0       0       0
   227 ;;Total ram usage:        0 bytes
   228 ;; Hardware stack levels used:    1
   229 ;; Hardware stack levels required when called:    1
   230 ;; This function calls:
   231 ;;		Nothing
   232 ;; This function is called by:
   233 ;;		_main
   234 ;; This function uses a non-reentrant model
   235 ;;
   236                           
   237                           
   238                           ;psect for function _externalIntConfig
   239  002D                     _externalIntConfig:	
   240                           
   241                           ;main.c: 26: OPTION_REGbits.nRBPU = 0;
   242                           
   243                           ;incstack = 0
   244                           ; Regs used in _externalIntConfig: []
   245  002D  1683               	bsf	3,5	;RP0=1, select bank1
   246  002E  1303               	bcf	3,6	;RP1=0, select bank1
   247  002F  1381               	bcf	1,7	;volatile
   248                           
   249                           ;main.c: 27: TRISB0 = 1;
   250  0030  1406               	bsf	6,0	;volatile
   251                           
   252                           ;main.c: 28: PORTBbits.RB0 = 1;
   253  0031  1283               	bcf	3,5	;RP0=0, select bank0
   254  0032  1303               	bcf	3,6	;RP1=0, select bank0
   255  0033  1406               	bsf	6,0	;volatile
   256                           
   257                           ;main.c: 29: INTCONbits.INTE = 1;
   258  0034  160B               	bsf	11,4	;volatile
   259                           
   260                           ;main.c: 30: OPTION_REGbits.INTEDG = 0;
   261  0035  1683               	bsf	3,5	;RP0=1, select bank1
   262  0036  1303               	bcf	3,6	;RP1=0, select bank1
   263  0037  1301               	bcf	1,6	;volatile
   264                           
   265                           ;main.c: 31: INTCONbits.INTF = 0;
   266  0038  108B               	bcf	11,1	;volatile
   267  0039  0008               	return
   268  003A                     __end_of_externalIntConfig:	
   269                           
   270                           	psect	text3
   271  0013                     __ptext3:	
   272 ;; *************** function _ISR *****************
   273 ;; Defined at:
   274 ;;		line 46 in file "main.c"
   275 ;; Parameters:    Size  Location     Type
   276 ;;		None
   277 ;; Auto vars:     Size  Location     Type
   278 ;;		None
   279 ;; Return value:  Size  Location     Type
   280 ;;		None               void
   281 ;; Registers used:
   282 ;;		status,2, status,0
   283 ;; Tracked objects:
   284 ;;		On entry : 0/0
   285 ;;		On exit  : 0/0
   286 ;;		Unchanged: 0/0
   287 ;; Data sizes:     COMMON   BANK0   BANK1   BANK2
   288 ;;      Params:         0       0       0       0
   289 ;;      Locals:         0       0       0       0
   290 ;;      Temps:          4       0       0       0
   291 ;;      Totals:         4       0       0       0
   292 ;;Total ram usage:        4 bytes
   293 ;; Hardware stack levels used:    1
   294 ;; This function calls:
   295 ;;		Nothing
   296 ;; This function is called by:
   297 ;;		Interrupt level 1
   298 ;; This function uses a non-reentrant model
   299 ;;
   300                           
   301                           
   302                           ;psect for function _ISR
   303  0013                     _ISR:	
   304                           
   305                           ;main.c: 47: if (INTCONbits.INTF) {
   306  0013  1C8B               	btfss	11,1	;volatile
   307  0014  2822               	goto	i1l26
   308                           
   309                           ;main.c: 48: PORTBbits.RB1 = ~PORTBbits.RB1;
   310  0015  1003               	clrc
   311  0016  1C86               	btfss	6,1	;volatile
   312  0017  1403               	setc
   313  0018  1C03               	btfss	3,0
   314  0019  281E               	goto	u2_20
   315  001A  1283               	bcf	3,5	;RP0=0, select bank0
   316  001B  1303               	bcf	3,6	;RP1=0, select bank0
   317  001C  1486               	bsf	6,1	;volatile
   318  001D  2821               	goto	i1l499
   319  001E                     u2_20:	
   320  001E  1283               	bcf	3,5	;RP0=0, select bank0
   321  001F  1303               	bcf	3,6	;RP1=0, select bank0
   322  0020  1086               	bcf	6,1	;volatile
   323  0021                     i1l499:	
   324                           
   325                           ;main.c: 49: INTCONbits.INTF = 0;
   326  0021  108B               	bcf	11,1	;volatile
   327  0022                     i1l26:	
   328  0022  0873               	movf	??_ISR+3,w
   329  0023  00FF               	movwf	127
   330  0024  0872               	movf	??_ISR+2,w
   331  0025  008A               	movwf	10
   332  0026  0871               	movf	??_ISR+1,w
   333  0027  0084               	movwf	4
   334  0028  0E70               	swapf	??_ISR^(0+-128),w
   335  0029  0083               	movwf	3
   336  002A  0EFE               	swapf	126,f
   337  002B  0E7E               	swapf	126,w
   338  002C  0009               	retfie
   339  002D                     __end_of_ISR:	
   340  007E                     btemp	set	126	;btemp
   341  007E                     wtemp	set	126
   342  007E                     wtemp0	set	126
   343  0080                     wtemp1	set	128
   344  0082                     wtemp2	set	130
   345  0084                     wtemp3	set	132
   346  0086                     wtemp4	set	134
   347  0088                     wtemp5	set	136
   348  007F                     wtemp6	set	127
   349  007E                     ttemp	set	126
   350  007E                     ttemp0	set	126
   351  0081                     ttemp1	set	129
   352  0084                     ttemp2	set	132
   353  0087                     ttemp3	set	135
   354  007F                     ttemp4	set	127
   355  007E                     ltemp	set	126
   356  007E                     ltemp0	set	126
   357  0082                     ltemp1	set	130
   358  0086                     ltemp2	set	134
   359  0080                     ltemp3	set	128
   360                           
   361                           	psect	intentry
   362  0004                     __pintentry:	
   363                           ;incstack = 0
   364                           ; Regs used in _ISR: [status]
   365                           
   366  0004                     interrupt_function:	
   367  007E                     saved_w	set	btemp
   368  0004  00FE               	movwf	btemp
   369  0005  0E03               	swapf	3,w
   370  0006  00F0               	movwf	??_ISR
   371  0007  0804               	movf	4,w
   372  0008  00F1               	movwf	??_ISR+1
   373  0009  080A               	movf	10,w
   374  000A  00F2               	movwf	??_ISR+2
   375  000B  1283               	bcf	3,5	;RP0=0, select bank0
   376  000C  1303               	bcf	3,6	;RP1=0, select bank0
   377  000D  087F               	movf	btemp+1,w
   378  000E  00F3               	movwf	??_ISR+3
   379  000F  2813               	ljmp	_ISR


Data Sizes:
    Strings     0
    Constant    0
    Data        0
    BSS         0
    Persistent  0
    Stack       0

Auto Spaces:
    Space          Size  Autos    Used
    COMMON           14      4       4
    BANK0            80      0       0
    BANK1            80      0       0
    BANK2            48      0       0

Pointer List with Targets:

    None.

Critical Paths under _main in COMMON

    None.

Critical Paths under _ISR in COMMON

    None.

Critical Paths under _main in BANK0

    None.

Critical Paths under _ISR in BANK0

    None.

Critical Paths under _main in BANK1

    None.

Critical Paths under _ISR in BANK1

    None.

Critical Paths under _main in BANK2

    None.

Critical Paths under _ISR in BANK2

    None.

Call Graph Tables:

 ---------------------------------------------------------------------------------
 (Depth) Function   	        Calls       Base Space   Used Autos Params    Refs
 ---------------------------------------------------------------------------------
 (0) _main                                                 0     0      0       0
                  _externalIntConfig
                    _interruptConfig
 ---------------------------------------------------------------------------------
 (1) _interruptConfig                                      0     0      0       0
 ---------------------------------------------------------------------------------
 (1) _externalIntConfig                                    0     0      0       0
 ---------------------------------------------------------------------------------
 Estimated maximum stack depth 1
 ---------------------------------------------------------------------------------
 (Depth) Function   	        Calls       Base Space   Used Autos Params    Refs
 ---------------------------------------------------------------------------------
 (2) _ISR                                                  4     4      0       0
                                              0 COMMON     4     4      0
 ---------------------------------------------------------------------------------
 Estimated maximum stack depth 2
 ---------------------------------------------------------------------------------

 Call Graph Graphs:

 _main (ROOT)
   _externalIntConfig
   _interruptConfig

 _ISR (ROOT)

 Address spaces:
Name               Size   Autos  Total    Cost      Usage
BITCOMMON            E      0       0       0        0.0%
EEDATA              80      0       0       0        0.0%
NULL                 0      0       0       0        0.0%
CODE                 0      0       0       0        0.0%
COMMON               E      4       4       1       28.6%
BITSFR0              0      0       0       1        0.0%
SFR0                 0      0       0       1        0.0%
BITSFR1              0      0       0       2        0.0%
SFR1                 0      0       0       2        0.0%
STACK                0      0       0       2        0.0%
BANK0               50      0       0       3        0.0%
BITSFR3              0      0       0       4        0.0%
SFR3                 0      0       0       4        0.0%
ABS                  0      0       0       4        0.0%
BITBANK0            50      0       0       5        0.0%
BITSFR2              0      0       0       5        0.0%
SFR2                 0      0       0       5        0.0%
BITBANK1            50      0       0       6        0.0%
BANK1               50      0       0       7        0.0%
BITBANK2            30      0       0       8        0.0%
BANK2               30      0       0       9        0.0%
DATA                 0      0       0      10        0.0%


Microchip Technology PIC Macro Assembler V1.33 build 59893 
Symbol Table                                                                                   Tue Jan 06 11:44:42 2015

               __CFG_CP$OFF 0000                          l19 003F                __CFG_CPD$OFF 0000  
                       _ISR 0013                         fsr0 0004     __end_of_interruptConfig 0042  
              __CFG_LVP$OFF 0000                        ?_ISR 0070                        i1l26 0022  
                      u2_20 001E                        _main 003A                        btemp 007E  
             __CFG_BOREN$ON 0000                        ltemp 007E                        start 0010  
                      ttemp 007E                        wtemp 007E               __CFG_MCLRE$ON 0000  
                     ??_ISR 0070                       ?_main 0070               __CFG_WDTE$OFF 0000  
                     i1l499 0021               __CFG_PWRTE$ON 0000           _externalIntConfig 002D  
                     pclath 000A                       ltemp0 007E                       ltemp1 0082  
                     ltemp2 0086                       ltemp3 0080                       ttemp0 007E  
                     ttemp1 0081                       ttemp2 0084                       ttemp3 0087  
                     ttemp4 007F                       status 0003                       wtemp0 007E  
                     wtemp1 0080                       wtemp2 0082                       wtemp3 0084  
                     wtemp4 0086                       wtemp5 0088                       wtemp6 007F  
        ?_externalIntConfig 0070             __initialization 0011         ??_externalIntConfig 0074  
              __end_of_main 0040                      ??_main 0074            ?_interruptConfig 0070  
 __end_of_externalIntConfig 003A                      _TRISB0 0430                      _TRISB1 0431  
                    saved_w 007E     __end_of__initialization 0011              __pcstackCOMMON 0070  
            _OPTION_REGbits 0081  __size_of_externalIntConfig 000D                  __pmaintext 003A  
                __pintentry 0004                     __ptext0 0000                     __ptext1 0040  
                   __ptext2 002D                     __ptext3 0013                __size_of_ISR 001A  
      end_of_initialization 0011                   _PORTBbits 0006    __size_of_interruptConfig 0002  
       start_initialization 0011                 __end_of_ISR 002D                   ___latbits 0000  
         ??_interruptConfig 0074           interrupt_function 0004               __size_of_main 0006  
                _INTCONbits 000B             _interruptConfig 0040                    intlevel1 0000  
        __CFG_FOSC$INTOSCIO 0000  
