

Microchip Technology PIC LITE Macro Assembler V1.33 build 59893 
                                                                                               Thu Jan 08 12:24:19 2015

Microchip Technology Omniscient Code Generator (Lite mode) build 59893
     1                           	processor	16F628A
     2                           	opt	pw 120
     3                           	opt	lm
     4                           	psect	text0,local,class=CODE,merge=1,delta=2
     5                           	psect	cinit,global,class=CODE,merge=1,delta=2
     6                           	psect	bssCOMMON,global,class=COMMON,space=1,delta=1
     7                           	psect	cstackCOMMON,global,class=COMMON,space=1,delta=1
     8                           	psect	cstackBANK0,global,class=BANK0,space=1,delta=1
     9                           	psect	maintext,global,class=CODE,split=1,delta=2
    10                           	psect	text1,local,class=CODE,merge=1,delta=2
    11                           	psect	text2,local,class=CODE,merge=1,delta=2
    12                           	psect	text3,local,class=CODE,merge=1,delta=2
    13                           	psect	text4,local,class=CODE,merge=1,delta=2
    14                           	psect	intentry,global,class=CODE,delta=2
    15                           	dabs	1,0x7E,2
    16  0000                     	;# 
    17  0001                     	;# 
    18  0002                     	;# 
    19  0003                     	;# 
    20  0004                     	;# 
    21  0005                     	;# 
    22  0006                     	;# 
    23  000A                     	;# 
    24  000B                     	;# 
    25  000C                     	;# 
    26  000E                     	;# 
    27  000E                     	;# 
    28  000F                     	;# 
    29  0010                     	;# 
    30  0011                     	;# 
    31  0012                     	;# 
    32  0015                     	;# 
    33  0015                     	;# 
    34  0016                     	;# 
    35  0017                     	;# 
    36  0018                     	;# 
    37  0019                     	;# 
    38  001A                     	;# 
    39  001F                     	;# 
    40  0081                     	;# 
    41  0085                     	;# 
    42  0086                     	;# 
    43  008C                     	;# 
    44  008E                     	;# 
    45  0092                     	;# 
    46  0098                     	;# 
    47  0099                     	;# 
    48  009A                     	;# 
    49  009B                     	;# 
    50  009C                     	;# 
    51  009D                     	;# 
    52  009F                     	;# 
    53  001F                     _CMCON	set	31
    54  000B                     _INTCON	set	11
    55  0005                     _PORTA	set	5
    56  0006                     _PORTB	set	6
    57  0085                     _TRISA	set	133
    58  0086                     _TRISB	set	134
    59                           
    60                           	psect	text0
    61  0000                     __ptext0:	
    62                           ; #config settings
    63                           
    64                           
    65                           ;psect for function _ISR
    66  0000                     
    67                           	psect	cinit
    68  0011                     start_initialization:	
    69  0011                     __initialization:	
    70                           
    71                           ; Clear objects allocated to COMMON
    72  0011  01F8               	clrf	__pbssCOMMON& (0+127)
    73  0012                     end_of_initialization:	
    74                           ;End of C runtime variable initialization code
    75                           
    76  0012                     __end_of__initialization:	
    77  0012  0183               	clrf	3
    78  0013  28CA               	ljmp	_main	;jump to C main() function
    79                           
    80                           	psect	bssCOMMON
    81  0078                     __pbssCOMMON:	
    82  0078                     _sendData:	
    83  0078                     	ds	1
    84                           
    85                           	psect	cstackCOMMON
    86  0070                     __pcstackCOMMON:	
    87  0070                     ?_spiPinsConfig:	
    88  0070                     ?_setUpNrf24l01:	
    89                           ; 0 bytes @ 0x0
    90                           
    91  0070                     ?_ISR:	
    92                           ; 0 bytes @ 0x0
    93                           
    94  0070                     ??_ISR:	
    95                           ; 0 bytes @ 0x0
    96                           
    97  0070                     ?_spiTransmit:	
    98                           ; 0 bytes @ 0x0
    99                           
   100  0070                     ?_main:	
   101                           ; 1 bytes @ 0x0
   102                           
   103                           
   104                           ; 2 bytes @ 0x0
   105  0070                     	ds	5
   106  0075                     ??_spiPinsConfig:	
   107  0075                     ??_spiTransmit:	
   108                           ; 0 bytes @ 0x5
   109                           
   110                           
   111                           ; 0 bytes @ 0x5
   112  0075                     	ds	2
   113  0077                     ??_setUpNrf24l01:	
   114                           
   115                           ; 0 bytes @ 0x7
   116  0077                     	ds	1
   117                           
   118                           	psect	cstackBANK0
   119  0020                     __pcstackBANK0:	
   120  0020                     spiTransmit@temp:	
   121                           
   122                           ; 1 bytes @ 0x0
   123  0020                     	ds	1
   124  0021                     spiTransmit@data:	
   125                           
   126                           ; 1 bytes @ 0x1
   127  0021                     	ds	1
   128  0022                     spiTransmit@i:	
   129                           
   130                           ; 1 bytes @ 0x2
   131  0022                     	ds	1
   132  0023                     ??_main:	
   133                           
   134                           ; 0 bytes @ 0x3
   135  0023                     	ds	1
   136                           
   137                           	psect	maintext
   138  00CA                     __pmaintext:	
   139 ;;
   140 ;;Main: autosize = 0, tempsize = 1, incstack = 0, save=0
   141 ;;
   142 ;; *************** function _main *****************
   143 ;; Defined at:
   144 ;;		line 52 in file "main.c"
   145 ;; Parameters:    Size  Location     Type
   146 ;;		None
   147 ;; Auto vars:     Size  Location     Type
   148 ;;		None
   149 ;; Return value:  Size  Location     Type
   150 ;;                  2   22[COMMON] int 
   151 ;; Registers used:
   152 ;;		wreg, status,2, status,0, pclath, cstack
   153 ;; Tracked objects:
   154 ;;		On entry : 17F/0
   155 ;;		On exit  : 0/0
   156 ;;		Unchanged: 0/0
   157 ;; Data sizes:     COMMON   BANK0   BANK1   BANK2
   158 ;;      Params:         0       0       0       0
   159 ;;      Locals:         0       0       0       0
   160 ;;      Temps:          0       1       0       0
   161 ;;      Totals:         0       1       0       0
   162 ;;Total ram usage:        1 bytes
   163 ;; Hardware stack levels required when called:    3
   164 ;; This function calls:
   165 ;;		_setUpNrf24l01
   166 ;;		_spiPinsConfig
   167 ;; This function is called by:
   168 ;;		Startup code after reset
   169 ;; This function uses a non-reentrant model
   170 ;;
   171                           
   172                           
   173                           ;psect for function _main
   174  00CA                     _main:	
   175                           
   176                           ;main.c: 53: CMCON |= (0b111 << 0);
   177                           
   178                           ;incstack = 0
   179                           ; Regs used in _main: [wreg+status,2+status,0+pclath+cstack]
   180  00CA  3007               	movlw	7
   181  00CB  1283               	bcf	3,5	;RP0=0, select bank0
   182  00CC  1303               	bcf	3,6	;RP1=0, select bank0
   183  00CD  00A3               	movwf	??_main
   184  00CE  0823               	movf	??_main,w
   185  00CF  049F               	iorwf	31,f	;volatile
   186                           
   187                           ;main.c: 54: spiPinsConfig();
   188  00D0  20DE               	fcall	_spiPinsConfig
   189                           
   190                           ;main.c: 55: setUpNrf24l01();
   191  00D1  2014               	fcall	_setUpNrf24l01
   192                           
   193                           ;main.c: 56: TRISA &= ~(1 << 1);
   194  00D2  30FD               	movlw	253
   195  00D3  1283               	bcf	3,5	;RP0=0, select bank0
   196  00D4  1303               	bcf	3,6	;RP1=0, select bank0
   197  00D5  00A3               	movwf	??_main
   198  00D6  0823               	movf	??_main,w
   199  00D7  1683               	bsf	3,5	;RP0=1, select bank1
   200  00D8  1303               	bcf	3,6	;RP1=0, select bank1
   201  00D9  0585               	andwf	5,f	;volatile
   202                           
   203                           ;main.c: 57: PORTA |= (1 << 1);
   204  00DA  1283               	bcf	3,5	;RP0=0, select bank0
   205  00DB  1303               	bcf	3,6	;RP1=0, select bank0
   206  00DC  1485               	bsf	5,1	;volatile
   207  00DD                     l23:	
   208                           ;main.c: 58: while (1) {
   209                           
   210  00DD  28DD               	goto	l23
   211  00DE                     __end_of_main:	
   212                           ;main.c: 60: }
   213                           ;main.c: 61: return 1;
   214                           ;	Return value of _main is never used
   215                           
   216                           
   217                           	psect	text1
   218  00DE                     __ptext1:	
   219 ;; *************** function _spiPinsConfig *****************
   220 ;; Defined at:
   221 ;;		line 65 in file "main.c"
   222 ;; Parameters:    Size  Location     Type
   223 ;;		None
   224 ;; Auto vars:     Size  Location     Type
   225 ;;		None
   226 ;; Return value:  Size  Location     Type
   227 ;;		None               void
   228 ;; Registers used:
   229 ;;		wreg, status,2, status,0
   230 ;; Tracked objects:
   231 ;;		On entry : 0/0
   232 ;;		On exit  : 0/0
   233 ;;		Unchanged: 0/0
   234 ;; Data sizes:     COMMON   BANK0   BANK1   BANK2
   235 ;;      Params:         0       0       0       0
   236 ;;      Locals:         0       0       0       0
   237 ;;      Temps:          1       0       0       0
   238 ;;      Totals:         1       0       0       0
   239 ;;Total ram usage:        1 bytes
   240 ;; Hardware stack levels used:    1
   241 ;; Hardware stack levels required when called:    1
   242 ;; This function calls:
   243 ;;		Nothing
   244 ;; This function is called by:
   245 ;;		_main
   246 ;; This function uses a non-reentrant model
   247 ;;
   248                           
   249                           
   250                           ;psect for function _spiPinsConfig
   251  00DE                     _spiPinsConfig:	
   252                           
   253                           ;main.c: 66: TRISB &= ~((1 << 6) | (1 << 2) | (1 << 3) | (1 << 5));
   254                           
   255                           ;incstack = 0
   256                           ; Regs used in _spiPinsConfig: [wreg+status,2+status,0]
   257  00DE  3093               	movlw	147
   258  00DF  00F5               	movwf	??_spiPinsConfig
   259  00E0  0875               	movf	??_spiPinsConfig,w
   260  00E1  1683               	bsf	3,5	;RP0=1, select bank1
   261  00E2  1303               	bcf	3,6	;RP1=0, select bank1
   262  00E3  0586               	andwf	6,f	;volatile
   263                           
   264                           ;main.c: 67: TRISB |= ((1 << 7) | (1 << 0));
   265  00E4  3081               	movlw	129
   266  00E5  00F5               	movwf	??_spiPinsConfig
   267  00E6  0875               	movf	??_spiPinsConfig,w
   268  00E7  0486               	iorwf	6,f	;volatile
   269                           
   270                           ;main.c: 68: PORTB |= (1 << 0);
   271  00E8  1283               	bcf	3,5	;RP0=0, select bank0
   272  00E9  1303               	bcf	3,6	;RP1=0, select bank0
   273  00EA  1406               	bsf	6,0	;volatile
   274                           
   275                           ;main.c: 70: PORTB |= (1 << 3);
   276  00EB  1586               	bsf	6,3	;volatile
   277                           
   278                           ;main.c: 71: PORTB &= ~(1 << 5);
   279  00EC  30DF               	movlw	223
   280  00ED  00F5               	movwf	??_spiPinsConfig
   281  00EE  0875               	movf	??_spiPinsConfig,w
   282  00EF  0586               	andwf	6,f	;volatile
   283  00F0  0008               	return
   284  00F1                     __end_of_spiPinsConfig:	
   285                           
   286                           	psect	text2
   287  0014                     __ptext2:	
   288 ;; *************** function _setUpNrf24l01 *****************
   289 ;; Defined at:
   290 ;;		line 88 in file "main.c"
   291 ;; Parameters:    Size  Location     Type
   292 ;;		None
   293 ;; Auto vars:     Size  Location     Type
   294 ;;		None
   295 ;; Return value:  Size  Location     Type
   296 ;;		None               void
   297 ;; Registers used:
   298 ;;		wreg, status,2, status,0, pclath, cstack
   299 ;; Tracked objects:
   300 ;;		On entry : 0/0
   301 ;;		On exit  : 0/0
   302 ;;		Unchanged: 0/0
   303 ;; Data sizes:     COMMON   BANK0   BANK1   BANK2
   304 ;;      Params:         0       0       0       0
   305 ;;      Locals:         0       0       0       0
   306 ;;      Temps:          1       0       0       0
   307 ;;      Totals:         1       0       0       0
   308 ;;Total ram usage:        1 bytes
   309 ;; Hardware stack levels used:    1
   310 ;; Hardware stack levels required when called:    2
   311 ;; This function calls:
   312 ;;		_spiTransmit
   313 ;; This function is called by:
   314 ;;		_main
   315 ;; This function uses a non-reentrant model
   316 ;;
   317                           
   318                           
   319                           ;psect for function _setUpNrf24l01
   320  0014                     _setUpNrf24l01:	
   321                           
   322                           ;main.c: 90: PORTB &= ~(1 << 3);
   323                           
   324                           ;incstack = 0
   325                           ; Regs used in _setUpNrf24l01: [wreg+status,2+status,0+pclath+cstack]
   326  0014  30F7               	movlw	247
   327  0015  00F7               	movwf	??_setUpNrf24l01
   328  0016  0877               	movf	??_setUpNrf24l01,w
   329  0017  1283               	bcf	3,5	;RP0=0, select bank0
   330  0018  1303               	bcf	3,6	;RP1=0, select bank0
   331  0019  0586               	andwf	6,f	;volatile
   332                           
   333                           ;main.c: 91: spiTransmit(0x2A);
   334  001A  302A               	movlw	42
   335  001B  20A5               	fcall	_spiTransmit
   336                           
   337                           ;main.c: 92: spiTransmit(75);
   338  001C  304B               	movlw	75
   339  001D  20A5               	fcall	_spiTransmit
   340                           
   341                           ;main.c: 93: spiTransmit(0xC2);
   342  001E  30C2               	movlw	194
   343  001F  20A5               	fcall	_spiTransmit
   344                           
   345                           ;main.c: 94: spiTransmit(0xC2);
   346  0020  30C2               	movlw	194
   347  0021  20A5               	fcall	_spiTransmit
   348                           
   349                           ;main.c: 95: spiTransmit(0xC2);
   350  0022  30C2               	movlw	194
   351  0023  20A5               	fcall	_spiTransmit
   352                           
   353                           ;main.c: 96: spiTransmit(0xC2);
   354  0024  30C2               	movlw	194
   355  0025  20A5               	fcall	_spiTransmit
   356                           
   357                           ;main.c: 97: PORTB |= (1 << 3);
   358  0026  1283               	bcf	3,5	;RP0=0, select bank0
   359  0027  1303               	bcf	3,6	;RP1=0, select bank0
   360  0028  1586               	bsf	6,3	;volatile
   361                           
   362                           ;main.c: 100: PORTB &= ~(1 << 3);
   363  0029  30F7               	movlw	247
   364  002A  00F7               	movwf	??_setUpNrf24l01
   365  002B  0877               	movf	??_setUpNrf24l01,w
   366  002C  0586               	andwf	6,f	;volatile
   367                           
   368                           ;main.c: 101: spiTransmit(0x30);
   369  002D  3030               	movlw	48
   370  002E  20A5               	fcall	_spiTransmit
   371                           
   372                           ;main.c: 102: spiTransmit(75);
   373  002F  304B               	movlw	75
   374  0030  20A5               	fcall	_spiTransmit
   375                           
   376                           ;main.c: 103: spiTransmit(0xC2);
   377  0031  30C2               	movlw	194
   378  0032  20A5               	fcall	_spiTransmit
   379                           
   380                           ;main.c: 104: spiTransmit(0xC2);
   381  0033  30C2               	movlw	194
   382  0034  20A5               	fcall	_spiTransmit
   383                           
   384                           ;main.c: 105: spiTransmit(0xC2);
   385  0035  30C2               	movlw	194
   386  0036  20A5               	fcall	_spiTransmit
   387                           
   388                           ;main.c: 106: spiTransmit(0xC2);
   389  0037  30C2               	movlw	194
   390  0038  20A5               	fcall	_spiTransmit
   391                           
   392                           ;main.c: 107: PORTB |= (1 << 3);
   393  0039  1283               	bcf	3,5	;RP0=0, select bank0
   394  003A  1303               	bcf	3,6	;RP1=0, select bank0
   395  003B  1586               	bsf	6,3	;volatile
   396                           
   397                           ;main.c: 110: PORTB &= ~(1 << 3);
   398  003C  30F7               	movlw	247
   399  003D  00F7               	movwf	??_setUpNrf24l01
   400  003E  0877               	movf	??_setUpNrf24l01,w
   401  003F  0586               	andwf	6,f	;volatile
   402                           
   403                           ;main.c: 111: spiTransmit(0x21);
   404  0040  3021               	movlw	33
   405  0041  20A5               	fcall	_spiTransmit
   406                           
   407                           ;main.c: 112: spiTransmit(0x01);
   408  0042  3001               	movlw	1
   409  0043  20A5               	fcall	_spiTransmit
   410                           
   411                           ;main.c: 113: PORTB |= (1 << 3);
   412  0044  1283               	bcf	3,5	;RP0=0, select bank0
   413  0045  1303               	bcf	3,6	;RP1=0, select bank0
   414  0046  1586               	bsf	6,3	;volatile
   415                           
   416                           ;main.c: 116: PORTB &= ~(1 << 3);
   417  0047  30F7               	movlw	247
   418  0048  00F7               	movwf	??_setUpNrf24l01
   419  0049  0877               	movf	??_setUpNrf24l01,w
   420  004A  0586               	andwf	6,f	;volatile
   421                           
   422                           ;main.c: 117: spiTransmit(0x22);
   423  004B  3022               	movlw	34
   424  004C  20A5               	fcall	_spiTransmit
   425                           
   426                           ;main.c: 118: spiTransmit(0x01);
   427  004D  3001               	movlw	1
   428  004E  20A5               	fcall	_spiTransmit
   429                           
   430                           ;main.c: 119: PORTB |= (1 << 3);
   431  004F  1283               	bcf	3,5	;RP0=0, select bank0
   432  0050  1303               	bcf	3,6	;RP1=0, select bank0
   433  0051  1586               	bsf	6,3	;volatile
   434                           
   435                           ;main.c: 122: PORTB &= ~(1 << 3);
   436  0052  30F7               	movlw	247
   437  0053  00F7               	movwf	??_setUpNrf24l01
   438  0054  0877               	movf	??_setUpNrf24l01,w
   439  0055  0586               	andwf	6,f	;volatile
   440                           
   441                           ;main.c: 123: spiTransmit(0x23);
   442  0056  3023               	movlw	35
   443  0057  20A5               	fcall	_spiTransmit
   444                           
   445                           ;main.c: 124: spiTransmit(0x03);
   446  0058  3003               	movlw	3
   447  0059  20A5               	fcall	_spiTransmit
   448                           
   449                           ;main.c: 125: PORTB |= (1 << 3);
   450  005A  1283               	bcf	3,5	;RP0=0, select bank0
   451  005B  1303               	bcf	3,6	;RP1=0, select bank0
   452  005C  1586               	bsf	6,3	;volatile
   453                           
   454                           ;main.c: 128: PORTB &= ~(1 << 3);
   455  005D  30F7               	movlw	247
   456  005E  00F7               	movwf	??_setUpNrf24l01
   457  005F  0877               	movf	??_setUpNrf24l01,w
   458  0060  0586               	andwf	6,f	;volatile
   459                           
   460                           ;main.c: 129: spiTransmit(0x24);
   461  0061  3024               	movlw	36
   462  0062  20A5               	fcall	_spiTransmit
   463                           
   464                           ;main.c: 130: spiTransmit(0x00);
   465  0063  3000               	movlw	0
   466  0064  20A5               	fcall	_spiTransmit
   467                           
   468                           ;main.c: 131: PORTB |= (1 << 3);
   469  0065  1283               	bcf	3,5	;RP0=0, select bank0
   470  0066  1303               	bcf	3,6	;RP1=0, select bank0
   471  0067  1586               	bsf	6,3	;volatile
   472                           
   473                           ;main.c: 134: PORTB &= ~(1 << 3);
   474  0068  30F7               	movlw	247
   475  0069  00F7               	movwf	??_setUpNrf24l01
   476  006A  0877               	movf	??_setUpNrf24l01,w
   477  006B  0586               	andwf	6,f	;volatile
   478                           
   479                           ;main.c: 135: spiTransmit(0x05);
   480  006C  3005               	movlw	5
   481  006D  20A5               	fcall	_spiTransmit
   482                           
   483                           ;main.c: 136: spiTransmit(107);
   484  006E  306B               	movlw	107
   485  006F  20A5               	fcall	_spiTransmit
   486                           
   487                           ;main.c: 137: PORTB |= (1 << 3);
   488  0070  1283               	bcf	3,5	;RP0=0, select bank0
   489  0071  1303               	bcf	3,6	;RP1=0, select bank0
   490  0072  1586               	bsf	6,3	;volatile
   491                           
   492                           ;main.c: 140: PORTB &= ~(1 << 3);
   493  0073  30F7               	movlw	247
   494  0074  00F7               	movwf	??_setUpNrf24l01
   495  0075  0877               	movf	??_setUpNrf24l01,w
   496  0076  0586               	andwf	6,f	;volatile
   497                           
   498                           ;main.c: 141: spiTransmit(0x26);
   499  0077  3026               	movlw	38
   500  0078  20A5               	fcall	_spiTransmit
   501                           
   502                           ;main.c: 142: spiTransmit(0b00100110);
   503  0079  3026               	movlw	38
   504  007A  20A5               	fcall	_spiTransmit
   505                           
   506                           ;main.c: 143: PORTB |= (1 << 3);
   507  007B  1283               	bcf	3,5	;RP0=0, select bank0
   508  007C  1303               	bcf	3,6	;RP1=0, select bank0
   509  007D  1586               	bsf	6,3	;volatile
   510                           
   511                           ;main.c: 146: PORTB &= ~(1 << 3);
   512  007E  30F7               	movlw	247
   513  007F  00F7               	movwf	??_setUpNrf24l01
   514  0080  0877               	movf	??_setUpNrf24l01,w
   515  0081  0586               	andwf	6,f	;volatile
   516                           
   517                           ;main.c: 147: spiTransmit(0x27);
   518  0082  3027               	movlw	39
   519  0083  20A5               	fcall	_spiTransmit
   520                           
   521                           ;main.c: 148: spiTransmit(0x70);
   522  0084  3070               	movlw	112
   523  0085  20A5               	fcall	_spiTransmit
   524                           
   525                           ;main.c: 149: PORTB |= (1 << 3);
   526  0086  1283               	bcf	3,5	;RP0=0, select bank0
   527  0087  1303               	bcf	3,6	;RP1=0, select bank0
   528  0088  1586               	bsf	6,3	;volatile
   529                           
   530                           ;main.c: 152: PORTB &= ~(1 << 3);
   531  0089  30F7               	movlw	247
   532  008A  00F7               	movwf	??_setUpNrf24l01
   533  008B  0877               	movf	??_setUpNrf24l01,w
   534  008C  0586               	andwf	6,f	;volatile
   535                           
   536                           ;main.c: 153: spiTransmit(0x31);
   537  008D  3031               	movlw	49
   538  008E  20A5               	fcall	_spiTransmit
   539                           
   540                           ;main.c: 154: spiTransmit(10);
   541  008F  300A               	movlw	10
   542  0090  20A5               	fcall	_spiTransmit
   543                           
   544                           ;main.c: 155: PORTB |= (1 << 3);
   545  0091  1283               	bcf	3,5	;RP0=0, select bank0
   546  0092  1303               	bcf	3,6	;RP1=0, select bank0
   547  0093  1586               	bsf	6,3	;volatile
   548                           
   549                           ;main.c: 158: PORTB &= ~(1 << 3);
   550  0094  30F7               	movlw	247
   551  0095  00F7               	movwf	??_setUpNrf24l01
   552  0096  0877               	movf	??_setUpNrf24l01,w
   553  0097  0586               	andwf	6,f	;volatile
   554                           
   555                           ;main.c: 159: spiTransmit(0x20);
   556  0098  3020               	movlw	32
   557  0099  20A5               	fcall	_spiTransmit
   558                           
   559                           ;main.c: 160: spiTransmit(0x0F);
   560  009A  300F               	movlw	15
   561  009B  20A5               	fcall	_spiTransmit
   562                           
   563                           ;main.c: 161: PORTB |= (1 << 3);
   564  009C  1283               	bcf	3,5	;RP0=0, select bank0
   565  009D  1303               	bcf	3,6	;RP1=0, select bank0
   566  009E  1586               	bsf	6,3	;volatile
   567                           
   568                           ;main.c: 164: PORTB |= (1 << 5);
   569  009F  1686               	bsf	6,5	;volatile
   570                           
   571                           ;main.c: 165: (_delay((unsigned long)((10)*(4000000UL/4000000.0))));
   572  00A0  3003               	movlw	3
   573  00A1  00F7               	movwf	??_setUpNrf24l01
   574  00A2                     u147:	
   575  00A2  0BF7               	decfsz	??_setUpNrf24l01,f
   576  00A3  28A2               	goto	u147
   577  00A4  0008               	return
   578  00A5                     __end_of_setUpNrf24l01:	
   579                           
   580                           	psect	text3
   581  00A5                     __ptext3:	
   582 ;; *************** function _spiTransmit *****************
   583 ;; Defined at:
   584 ;;		line 75 in file "main.c"
   585 ;; Parameters:    Size  Location     Type
   586 ;;  data            1    wreg     unsigned char 
   587 ;; Auto vars:     Size  Location     Type
   588 ;;  data            1    1[BANK0 ] unsigned char 
   589 ;;  i               1    2[BANK0 ] unsigned char 
   590 ;;  temp            1    0[BANK0 ] unsigned char 
   591 ;; Return value:  Size  Location     Type
   592 ;;                  1    wreg      unsigned char 
   593 ;; Registers used:
   594 ;;		wreg, status,2, status,0
   595 ;; Tracked objects:
   596 ;;		On entry : 0/0
   597 ;;		On exit  : 0/0
   598 ;;		Unchanged: 0/0
   599 ;; Data sizes:     COMMON   BANK0   BANK1   BANK2
   600 ;;      Params:         0       0       0       0
   601 ;;      Locals:         0       3       0       0
   602 ;;      Temps:          2       0       0       0
   603 ;;      Totals:         2       3       0       0
   604 ;;Total ram usage:        5 bytes
   605 ;; Hardware stack levels used:    1
   606 ;; Hardware stack levels required when called:    1
   607 ;; This function calls:
   608 ;;		Nothing
   609 ;; This function is called by:
   610 ;;		_setUpNrf24l01
   611 ;;		_spiSendData
   612 ;; This function uses a non-reentrant model
   613 ;;
   614                           
   615                           
   616                           ;psect for function _spiTransmit
   617  00A5                     _spiTransmit:	
   618                           
   619                           ;incstack = 0
   620                           ; Regs used in _spiTransmit: [wreg+status,2+status,0]
   621                           ;spiTransmit@data stored from wreg
   622  00A5  1283               	bcf	3,5	;RP0=0, select bank0
   623  00A6  1303               	bcf	3,6	;RP1=0, select bank0
   624  00A7  00A1               	movwf	spiTransmit@data
   625                           
   626                           ;main.c: 76: uint8_t i, temp = 0;
   627  00A8  01A0               	clrf	spiTransmit@temp
   628                           
   629                           ;main.c: 77: for (i = 0; i < 8; i++) {
   630  00A9  01A2               	clrf	spiTransmit@i
   631  00AA                     L1:	
   632  00AA  3008               	movlw	8
   633  00AB  0222               	subwf	spiTransmit@i,w
   634  00AC  1803               	btfsc	3,0
   635  00AD  0008               	return
   636                           
   637                           ;main.c: 78: ((data & 0x80) == 0x80) ? PORTB |= (1 << 2) : PORTB &= ~(1 << 2);
   638  00AE  1FA1               	btfss	spiTransmit@data,7
   639  00AF  28B2               	goto	l699
   640  00B0  1506               	bsf	6,2	;volatile
   641  00B1  28B6               	goto	l37
   642  00B2                     l699:	
   643  00B2  30FB               	movlw	251
   644  00B3  00F5               	movwf	??_spiTransmit
   645  00B4  0875               	movf	??_spiTransmit,w
   646  00B5  0586               	andwf	6,f	;volatile
   647  00B6                     l37:	
   648                           
   649                           ;main.c: 79: data = (data << 1);
   650  00B6  0821               	movf	spiTransmit@data,w
   651  00B7  00F5               	movwf	??_spiTransmit
   652  00B8  0775               	addwf	??_spiTransmit,w
   653  00B9  00F6               	movwf	??_spiTransmit+1
   654  00BA  0876               	movf	??_spiTransmit+1,w
   655  00BB  00A1               	movwf	spiTransmit@data
   656                           
   657                           ;main.c: 80: temp <<= 1;
   658  00BC  1003               	clrc
   659  00BD  0DA0               	rlf	spiTransmit@temp,f
   660                           
   661                           ;main.c: 81: PORTB |= (1 << 6);
   662  00BE  1706               	bsf	6,6	;volatile
   663                           
   664                           ;main.c: 82: if (PORTB & ((1 << 7))) temp |= 1;
   665  00BF  1B86               	btfsc	6,7	;volatile
   666  00C0  1420               	bsf	spiTransmit@temp,0
   667                           
   668                           ;main.c: 83: PORTB &= ~(1 << 6);
   669  00C1  30BF               	movlw	191
   670  00C2  00F5               	movwf	??_spiTransmit
   671  00C3  0875               	movf	??_spiTransmit,w
   672  00C4  0586               	andwf	6,f	;volatile
   673  00C5  3001               	movlw	1
   674  00C6  00F5               	movwf	??_spiTransmit
   675  00C7  0875               	movf	??_spiTransmit,w
   676  00C8  07A2               	addwf	spiTransmit@i,f
   677  00C9  28AA               	goto	L1
   678  00CA                     __end_of_spiTransmit:	
   679                           ;main.c: 84: }
   680                           ;main.c: 85: return temp;
   681                           ;	Return value of _spiTransmit is never used
   682                           
   683                           
   684                           	psect	text4
   685  00F1                     __ptext4:	
   686 ;; *************** function _ISR *****************
   687 ;; Defined at:
   688 ;;		line 214 in file "main.c"
   689 ;; Parameters:    Size  Location     Type
   690 ;;		None
   691 ;; Auto vars:     Size  Location     Type
   692 ;;		None
   693 ;; Return value:  Size  Location     Type
   694 ;;		None               void
   695 ;; Registers used:
   696 ;;		wreg, status,2, status,0
   697 ;; Tracked objects:
   698 ;;		On entry : 0/0
   699 ;;		On exit  : 0/0
   700 ;;		Unchanged: 0/0
   701 ;; Data sizes:     COMMON   BANK0   BANK1   BANK2
   702 ;;      Params:         0       0       0       0
   703 ;;      Locals:         0       0       0       0
   704 ;;      Temps:          5       0       0       0
   705 ;;      Totals:         5       0       0       0
   706 ;;Total ram usage:        5 bytes
   707 ;; Hardware stack levels used:    1
   708 ;; This function calls:
   709 ;;		Nothing
   710 ;; This function is called by:
   711 ;;		Interrupt level 1
   712 ;; This function uses a non-reentrant model
   713 ;;
   714                           
   715                           
   716                           ;psect for function _ISR
   717  00F1                     _ISR:	
   718                           
   719                           ;main.c: 215: if (INTCON & (1 << 1)) {
   720  00F1  1C8B               	btfss	11,1	;volatile
   721  00F2  28F7               	goto	i1l54
   722                           
   723                           ;main.c: 216: INTCON &= ~(1 << 1);
   724  00F3  30FD               	movlw	253
   725  00F4  00F0               	movwf	??_ISR
   726  00F5  0870               	movf	??_ISR,w
   727  00F6  058B               	andwf	11,f	;volatile
   728  00F7                     i1l54:	
   729  00F7  0874               	movf	??_ISR+4,w
   730  00F8  00FF               	movwf	127
   731  00F9  0873               	movf	??_ISR+3,w
   732  00FA  008A               	movwf	10
   733  00FB  0872               	movf	??_ISR+2,w
   734  00FC  0084               	movwf	4
   735  00FD  0E71               	swapf	(??_ISR+1)^(0+-128),w
   736  00FE  0083               	movwf	3
   737  00FF  0EFE               	swapf	126,f
   738  0100  0E7E               	swapf	126,w
   739  0101  0009               	retfie
   740  0102                     __end_of_ISR:	
   741  007E                     btemp	set	126	;btemp
   742  007E                     wtemp	set	126
   743  007E                     wtemp0	set	126
   744  0080                     wtemp1	set	128
   745  0082                     wtemp2	set	130
   746  0084                     wtemp3	set	132
   747  0086                     wtemp4	set	134
   748  0088                     wtemp5	set	136
   749  007F                     wtemp6	set	127
   750  007E                     ttemp	set	126
   751  007E                     ttemp0	set	126
   752  0081                     ttemp1	set	129
   753  0084                     ttemp2	set	132
   754  0087                     ttemp3	set	135
   755  007F                     ttemp4	set	127
   756  007E                     ltemp	set	126
   757  007E                     ltemp0	set	126
   758  0082                     ltemp1	set	130
   759  0086                     ltemp2	set	134
   760  0080                     ltemp3	set	128
   761                           
   762                           	psect	intentry
   763  0004                     __pintentry:	
   764                           ;incstack = 0
   765                           ; Regs used in _ISR: [wreg+status,2+status,0]
   766                           
   767  0004                     interrupt_function:	
   768  007E                     saved_w	set	btemp
   769  0004  00FE               	movwf	btemp
   770  0005  0E03               	swapf	3,w
   771  0006  00F1               	movwf	??_ISR+1
   772  0007  0804               	movf	4,w
   773  0008  00F2               	movwf	??_ISR+2
   774  0009  080A               	movf	10,w
   775  000A  00F3               	movwf	??_ISR+3
   776  000B  1283               	bcf	3,5	;RP0=0, select bank0
   777  000C  1303               	bcf	3,6	;RP1=0, select bank0
   778  000D  087F               	movf	btemp+1,w
   779  000E  00F4               	movwf	??_ISR+4
   780  000F  28F1               	ljmp	_ISR


Data Sizes:
    Strings     0
    Constant    0
    Data        0
    BSS         1
    Persistent  0
    Stack       0

Auto Spaces:
    Space          Size  Autos    Used
    COMMON           14      8       9
    BANK0            80      4       4
    BANK1            80      0       0
    BANK2            48      0       0

Pointer List with Targets:

    None.

Critical Paths under _main in COMMON

    _main->_setUpNrf24l01
    _setUpNrf24l01->_spiTransmit

Critical Paths under _ISR in COMMON

    None.

Critical Paths under _main in BANK0

    _setUpNrf24l01->_spiTransmit

Critical Paths under _ISR in BANK0

    None.

Critical Paths under _main in BANK1

    None.

Critical Paths under _ISR in BANK1

    None.

Critical Paths under _main in BANK2

    None.

Critical Paths under _ISR in BANK2

    None.

Call Graph Tables:

 ---------------------------------------------------------------------------------
 (Depth) Function   	        Calls       Base Space   Used Autos Params    Refs
 ---------------------------------------------------------------------------------
 (0) _main                                                 1     1      0     100
                                              3 BANK0      1     1      0
                      _setUpNrf24l01
                      _spiPinsConfig
 ---------------------------------------------------------------------------------
 (1) _spiPinsConfig                                        1     1      0       0
                                              5 COMMON     1     1      0
 ---------------------------------------------------------------------------------
 (1) _setUpNrf24l01                                        1     1      0     100
                                              7 COMMON     1     1      0
                        _spiTransmit
 ---------------------------------------------------------------------------------
 (2) _spiTransmit                                          5     5      0     100
                                              5 COMMON     2     2      0
                                              0 BANK0      3     3      0
 ---------------------------------------------------------------------------------
 Estimated maximum stack depth 2
 ---------------------------------------------------------------------------------
 (Depth) Function   	        Calls       Base Space   Used Autos Params    Refs
 ---------------------------------------------------------------------------------
 (3) _ISR                                                  5     5      0       0
                                              0 COMMON     5     5      0
 ---------------------------------------------------------------------------------
 Estimated maximum stack depth 3
 ---------------------------------------------------------------------------------

 Call Graph Graphs:

 _main (ROOT)
   _setUpNrf24l01
     _spiTransmit
   _spiPinsConfig

 _ISR (ROOT)

 Address spaces:
Name               Size   Autos  Total    Cost      Usage
BITCOMMON            E      0       0       0        0.0%
EEDATA              80      0       0       0        0.0%
NULL                 0      0       0       0        0.0%
CODE                 0      0       0       0        0.0%
COMMON               E      8       9       1       64.3%
BITSFR0              0      0       0       1        0.0%
SFR0                 0      0       0       1        0.0%
BITSFR1              0      0       0       2        0.0%
SFR1                 0      0       0       2        0.0%
STACK                0      0       0       2        0.0%
BANK0               50      4       4       3        5.0%
BITSFR3              0      0       0       4        0.0%
SFR3                 0      0       0       4        0.0%
ABS                  0      0       D       4        0.0%
BITBANK0            50      0       0       5        0.0%
BITSFR2              0      0       0       5        0.0%
SFR2                 0      0       0       5        0.0%
BITBANK1            50      0       0       6        0.0%
BANK1               50      0       0       7        0.0%
BITBANK2            30      0       0       8        0.0%
BANK2               30      0       0       9        0.0%
DATA                 0      0       D      10        0.0%


Microchip Technology PIC Macro Assembler V1.33 build 59893 
Symbol Table                                                                                   Thu Jan 08 12:24:19 2015

            __CFG_CP$OFF 0000                       l23 00DD                       l37 00B6  
                    l699 00B2                      u147 00A2             __CFG_CPD$OFF 0000  
                    _ISR 00F1                      fsr0 0004             __CFG_LVP$OFF 0000  
                   ?_ISR 0070                     i1l54 00F7                     _main 00CA  
                   btemp 007E            __CFG_BOREN$ON 0000                     ltemp 007E  
                   start 0010                     ttemp 007E                     wtemp 007E  
          __CFG_MCLRE$ON 0000                    ??_ISR 0070                    ?_main 0070  
          __CFG_WDTE$OFF 0000                    _CMCON 001F                    _PORTA 0005  
                  _PORTB 0006                    _TRISA 0085                    _TRISB 0086  
          __CFG_PWRTE$ON 0000                    pclath 000A                    ltemp0 007E  
                  ltemp1 0082                    ltemp2 0086                    ltemp3 0080  
                  ttemp0 007E                    ttemp1 0081                    ttemp2 0084  
                  ttemp3 0087                    ttemp4 007F                    status 0003  
                  wtemp0 007E                    wtemp1 0080                    wtemp2 0082  
                  wtemp3 0084                    wtemp4 0086                    wtemp5 0088  
                  wtemp6 007F    __end_of_setUpNrf24l01 00A5          __initialization 0011  
           __end_of_main 00DE                   ??_main 0023                   _INTCON 000B  
           ?_spiTransmit 0070                   saved_w 007E  __end_of__initialization 0012  
         __pcstackCOMMON 0070    __end_of_spiPinsConfig 00F1               __pmaintext 00CA  
             __pintentry 0004                  __ptext0 0000                  __ptext1 00DE  
                __ptext2 0014                  __ptext3 00A5                  __ptext4 00F1  
           __size_of_ISR 0011     __size_of_spiTransmit 0025     end_of_initialization 0012  
 __size_of_setUpNrf24l01 0091      start_initialization 0011              __end_of_ISR 0102  
          _setUpNrf24l01 0014              __pbssCOMMON 0078                ___latbits 0000  
          __pcstackBANK0 0020           ?_setUpNrf24l01 0070   __size_of_spiPinsConfig 0013  
      interrupt_function 0004            ??_spiTransmit 0075          ??_setUpNrf24l01 0077  
          _spiPinsConfig 00DE      __end_of_spiTransmit 00CA           ?_spiPinsConfig 0070  
          __size_of_main 0014                 _sendData 0078          spiTransmit@data 0021  
        spiTransmit@temp 0020                 intlevel1 0000              _spiTransmit 00A5  
     __CFG_FOSC$INTOSCIO 0000          ??_spiPinsConfig 0075             spiTransmit@i 0022  
