

Microchip Technology PIC LITE Macro Assembler V1.33 build 59893 
                                                                                               Tue Jan 06 15:32:35 2015

Microchip Technology Omniscient Code Generator (Lite mode) build 59893
     1                           	processor	16F628A
     2                           	opt	pw 120
     3                           	opt	lm
     4                           	psect	text0,local,class=CODE,merge=1,delta=2
     5                           	psect	cinit,global,class=CODE,merge=1,delta=2
     6                           	psect	bssCOMMON,global,class=COMMON,space=1,delta=1
     7                           	psect	cstackCOMMON,global,class=COMMON,space=1,delta=1
     8                           	psect	maintext,global,class=CODE,split=1,delta=2
     9                           	psect	text1,local,class=CODE,merge=1,delta=2
    10                           	psect	text2,local,class=CODE,merge=1,delta=2
    11                           	psect	text3,local,class=CODE,merge=1,delta=2
    12                           	dabs	1,0x7E,2
    13  0000                     	;# 
    14  0001                     	;# 
    15  0002                     	;# 
    16  0003                     	;# 
    17  0004                     	;# 
    18  0005                     	;# 
    19  0006                     	;# 
    20  000A                     	;# 
    21  000B                     	;# 
    22  000C                     	;# 
    23  000E                     	;# 
    24  000E                     	;# 
    25  000F                     	;# 
    26  0010                     	;# 
    27  0011                     	;# 
    28  0012                     	;# 
    29  0015                     	;# 
    30  0015                     	;# 
    31  0016                     	;# 
    32  0017                     	;# 
    33  0018                     	;# 
    34  0019                     	;# 
    35  001A                     	;# 
    36  001F                     	;# 
    37  0081                     	;# 
    38  0085                     	;# 
    39  0086                     	;# 
    40  008C                     	;# 
    41  008E                     	;# 
    42  0092                     	;# 
    43  0098                     	;# 
    44  0099                     	;# 
    45  009A                     	;# 
    46  009B                     	;# 
    47  009C                     	;# 
    48  009D                     	;# 
    49  009F                     	;# 
    50  0017                     _CCP1CONbits	set	23
    51  0015                     _CCPR1L	set	21
    52  0012                     _T2CONbits	set	18
    53  008E                     _PCONbits	set	142
    54  0092                     _PR2	set	146
    55  0433                     _TRISB3	set	1075
    56                           
    57                           	psect	text0
    58  0000                     __ptext0:	
    59                           ; #config settings
    60                           
    61                           
    62                           ;psect for function _ccpPwmConfig
    63  0000                     
    64                           	psect	cinit
    65  07FC                     start_initialization:	
    66  07FC                     __initialization:	
    67                           
    68                           ; Clear objects allocated to COMMON
    69  07FC  01F0               	clrf	__pbssCOMMON& (0+127)
    70  07FD  01F1               	clrf	(__pbssCOMMON+1)& (0+127)
    71  07FE                     end_of_initialization:	
    72                           ;End of C runtime variable initialization code
    73                           
    74  07FE                     __end_of__initialization:	
    75  07FE  0183               	clrf	3
    76  07FF  2FAD               	ljmp	_main	;jump to C main() function
    77                           
    78                           	psect	bssCOMMON
    79  0070                     __pbssCOMMON:	
    80  0070                     oscillate@x:	
    81  0070                     	ds	2
    82                           
    83                           	psect	cstackCOMMON
    84  0072                     __pcstackCOMMON:	
    85  0072                     ?_ccpPwmConfig:	
    86  0072                     ??_ccpPwmConfig:	
    87                           ; 0 bytes @ 0x0
    88                           
    89  0072                     ?_timer2Init:	
    90                           ; 0 bytes @ 0x0
    91                           
    92  0072                     ??_timer2Init:	
    93                           ; 0 bytes @ 0x0
    94                           
    95  0072                     ?_oscillate:	
    96                           ; 0 bytes @ 0x0
    97                           
    98  0072                     ??_oscillate:	
    99                           ; 0 bytes @ 0x0
   100                           
   101  0072                     ?_main:	
   102                           ; 0 bytes @ 0x0
   103                           
   104                           
   105                           ; 2 bytes @ 0x0
   106  0072                     	ds	2
   107  0074                     ??_main:	
   108                           
   109                           	psect	maintext
   110  07AD                     __pmaintext:	
   111                           ; 0 bytes @ 0x2
   112 ;;
   113 ;;Main: autosize = 0, tempsize = 0, incstack = 0, save=0
   114 ;;
   115 ;; *************** function _main *****************
   116 ;; Defined at:
   117 ;;		line 30 in file "main.c"
   118 ;; Parameters:    Size  Location     Type
   119 ;;		None
   120 ;; Auto vars:     Size  Location     Type
   121 ;;		None
   122 ;; Return value:  Size  Location     Type
   123 ;;                  2   22[COMMON] int 
   124 ;; Registers used:
   125 ;;		wreg, status,2, status,0, pclath, cstack
   126 ;; Tracked objects:
   127 ;;		On entry : 17F/0
   128 ;;		On exit  : 0/0
   129 ;;		Unchanged: 0/0
   130 ;; Data sizes:     COMMON   BANK0   BANK1   BANK2
   131 ;;      Params:         0       0       0       0
   132 ;;      Locals:         0       0       0       0
   133 ;;      Temps:          0       0       0       0
   134 ;;      Totals:         0       0       0       0
   135 ;;Total ram usage:        0 bytes
   136 ;; Hardware stack levels required when called:    1
   137 ;; This function calls:
   138 ;;		_ccpPwmConfig
   139 ;;		_oscillate
   140 ;;		_timer2Init
   141 ;; This function is called by:
   142 ;;		Startup code after reset
   143 ;; This function uses a non-reentrant model
   144 ;;
   145                           
   146                           
   147                           ;psect for function _main
   148  07AD                     _main:	
   149                           
   150                           ;main.c: 31: ccpPwmConfig();
   151                           
   152                           ;incstack = 0
   153                           ; Regs used in _main: [wreg+status,2+status,0+pclath+cstack]
   154  07AD  27B1               	fcall	_ccpPwmConfig
   155                           
   156                           ;main.c: 32: timer2Init();
   157  07AE  27BD               	fcall	_timer2Init
   158  07AF                     l23:	
   159                           ;main.c: 33: while (1) {
   160                           
   161                           
   162                           ;main.c: 34: oscillate();
   163  07AF  27CB               	fcall	_oscillate
   164  07B0  2FAF               	goto	l23
   165  07B1                     __end_of_main:	
   166                           ;main.c: 35: }
   167                           ;main.c: 36: return 1;
   168                           ;	Return value of _main is never used
   169                           
   170                           
   171                           	psect	text1
   172  07BD                     __ptext1:	
   173 ;; *************** function _timer2Init *****************
   174 ;; Defined at:
   175 ;;		line 77 in file "main.c"
   176 ;; Parameters:    Size  Location     Type
   177 ;;		None
   178 ;; Auto vars:     Size  Location     Type
   179 ;;		None
   180 ;; Return value:  Size  Location     Type
   181 ;;		None               void
   182 ;; Registers used:
   183 ;;		wreg
   184 ;; Tracked objects:
   185 ;;		On entry : 0/0
   186 ;;		On exit  : 0/0
   187 ;;		Unchanged: 0/0
   188 ;; Data sizes:     COMMON   BANK0   BANK1   BANK2
   189 ;;      Params:         0       0       0       0
   190 ;;      Locals:         0       0       0       0
   191 ;;      Temps:          0       0       0       0
   192 ;;      Totals:         0       0       0       0
   193 ;;Total ram usage:        0 bytes
   194 ;; Hardware stack levels used:    1
   195 ;; This function calls:
   196 ;;		Nothing
   197 ;; This function is called by:
   198 ;;		_main
   199 ;; This function uses a non-reentrant model
   200 ;;
   201                           
   202                           
   203                           ;psect for function _timer2Init
   204  07BD                     _timer2Init:	
   205                           
   206                           ;main.c: 78: PCONbits.OSCF = 1;
   207                           
   208                           ;incstack = 0
   209                           ; Regs used in _timer2Init: [wreg]
   210  07BD  1683               	bsf	3,5	;RP0=1, select bank1
   211  07BE  1303               	bcf	3,6	;RP1=0, select bank1
   212  07BF  158E               	bsf	14,3	;volatile
   213                           
   214                           ;main.c: 79: T2CONbits.T2CKPS1 = 1;
   215  07C0  1283               	bcf	3,5	;RP0=0, select bank0
   216  07C1  1303               	bcf	3,6	;RP1=0, select bank0
   217  07C2  1492               	bsf	18,1	;volatile
   218                           
   219                           ;main.c: 80: PR2 = 255;
   220  07C3  30FF               	movlw	255
   221  07C4  1683               	bsf	3,5	;RP0=1, select bank1
   222  07C5  1303               	bcf	3,6	;RP1=0, select bank1
   223  07C6  0092               	movwf	18	;volatile
   224                           
   225                           ;main.c: 81: T2CONbits.TMR2ON = 1;
   226  07C7  1283               	bcf	3,5	;RP0=0, select bank0
   227  07C8  1303               	bcf	3,6	;RP1=0, select bank0
   228  07C9  1512               	bsf	18,2	;volatile
   229  07CA  0008               	return
   230  07CB                     __end_of_timer2Init:	
   231                           
   232                           	psect	text2
   233  07CB                     __ptext2:	
   234 ;; *************** function _oscillate *****************
   235 ;; Defined at:
   236 ;;		line 39 in file "main.c"
   237 ;; Parameters:    Size  Location     Type
   238 ;;		None
   239 ;; Auto vars:     Size  Location     Type
   240 ;;		None
   241 ;; Return value:  Size  Location     Type
   242 ;;		None               void
   243 ;; Registers used:
   244 ;;		wreg, status,2, status,0
   245 ;; Tracked objects:
   246 ;;		On entry : 0/0
   247 ;;		On exit  : 0/0
   248 ;;		Unchanged: 0/0
   249 ;; Data sizes:     COMMON   BANK0   BANK1   BANK2
   250 ;;      Params:         0       0       0       0
   251 ;;      Locals:         0       0       0       0
   252 ;;      Temps:          2       0       0       0
   253 ;;      Totals:         2       0       0       0
   254 ;;Total ram usage:        2 bytes
   255 ;; Hardware stack levels used:    1
   256 ;; This function calls:
   257 ;;		Nothing
   258 ;; This function is called by:
   259 ;;		_main
   260 ;; This function uses a non-reentrant model
   261 ;;
   262                           
   263                           
   264                           ;psect for function _oscillate
   265  07CB                     _oscillate:	
   266  07CB                     l31:	
   267                           ;main.c: 40: static unsigned int x = 0;
   268                           ;main.c: 41: for (; x < 255; x++) {
   269                           
   270                           ;incstack = 0
   271                           ; Regs used in _oscillate: [wreg+status,2+status,0]
   272                           
   273  07CB  3000               	movlw	0
   274  07CC  0271               	subwf	oscillate@x+1,w
   275  07CD  30FF               	movlw	255
   276  07CE  1903               	skipnz
   277  07CF  0270               	subwf	oscillate@x,w
   278  07D0  1803               	btfsc	3,0
   279  07D1  2FF7               	goto	l516
   280                           
   281                           ;main.c: 42: CCPR1L = x;
   282  07D2  0870               	movf	oscillate@x,w
   283  07D3  1283               	bcf	3,5	;RP0=0, select bank0
   284  07D4  1303               	bcf	3,6	;RP1=0, select bank0
   285  07D5  0095               	movwf	21	;volatile
   286                           
   287                           ;main.c: 43: _delay((unsigned long)((5)*(4000000UL/4000.0)));
   288  07D6  3007               	movlw	7
   289  07D7  00F3               	movwf	??_oscillate+1
   290  07D8  307D               	movlw	125
   291  07D9  00F2               	movwf	??_oscillate
   292  07DA                     u37:	
   293  07DA  0BF2               	decfsz	??_oscillate,f
   294  07DB  2FDA               	goto	u37
   295  07DC  0BF3               	decfsz	??_oscillate+1,f
   296  07DD  2FDA               	goto	u37
   297  07DE  3001               	movlw	1
   298  07DF  07F0               	addwf	oscillate@x,f
   299  07E0  1803               	skipnc
   300  07E1  0AF1               	incf	oscillate@x+1,f
   301  07E2  3000               	movlw	0
   302  07E3  07F1               	addwf	oscillate@x+1,f
   303  07E4  2FCB               	goto	l31
   304  07E5                     l514:	
   305                           ;main.c: 44: }
   306                           ;main.c: 45: for (; x > 0; x--) {
   307                           
   308                           
   309                           ;main.c: 46: CCPR1L = x;
   310  07E5  0870               	movf	oscillate@x,w
   311  07E6  1283               	bcf	3,5	;RP0=0, select bank0
   312  07E7  1303               	bcf	3,6	;RP1=0, select bank0
   313  07E8  0095               	movwf	21	;volatile
   314                           
   315                           ;main.c: 47: _delay((unsigned long)((5)*(4000000UL/4000.0)));
   316  07E9  3007               	movlw	7
   317  07EA  00F3               	movwf	??_oscillate+1
   318  07EB  307D               	movlw	125
   319  07EC  00F2               	movwf	??_oscillate
   320  07ED                     u47:	
   321  07ED  0BF2               	decfsz	??_oscillate,f
   322  07EE  2FED               	goto	u47
   323  07EF  0BF3               	decfsz	??_oscillate+1,f
   324  07F0  2FED               	goto	u47
   325  07F1  3001               	movlw	1
   326  07F2  02F0               	subwf	oscillate@x,f
   327  07F3  3000               	movlw	0
   328  07F4  1C03               	skipc
   329  07F5  03F1               	decf	oscillate@x+1,f
   330  07F6  02F1               	subwf	oscillate@x+1,f
   331  07F7                     l516:	
   332  07F7  0871               	movf	oscillate@x+1,w
   333  07F8  0470               	iorwf	oscillate@x,w
   334  07F9  1903               	btfsc	3,2
   335  07FA  0008               	return
   336  07FB  2FE5               	goto	l514
   337  07FC                     __end_of_oscillate:	
   338                           
   339                           	psect	text3
   340  07B1                     __ptext3:	
   341 ;; *************** function _ccpPwmConfig *****************
   342 ;; Defined at:
   343 ;;		line 51 in file "main.c"
   344 ;; Parameters:    Size  Location     Type
   345 ;;		None
   346 ;; Auto vars:     Size  Location     Type
   347 ;;		None
   348 ;; Return value:  Size  Location     Type
   349 ;;		None               void
   350 ;; Registers used:
   351 ;;		wreg
   352 ;; Tracked objects:
   353 ;;		On entry : 0/0
   354 ;;		On exit  : 0/0
   355 ;;		Unchanged: 0/0
   356 ;; Data sizes:     COMMON   BANK0   BANK1   BANK2
   357 ;;      Params:         0       0       0       0
   358 ;;      Locals:         0       0       0       0
   359 ;;      Temps:          0       0       0       0
   360 ;;      Totals:         0       0       0       0
   361 ;;Total ram usage:        0 bytes
   362 ;; Hardware stack levels used:    1
   363 ;; This function calls:
   364 ;;		Nothing
   365 ;; This function is called by:
   366 ;;		_main
   367 ;; This function uses a non-reentrant model
   368 ;;
   369                           
   370                           
   371                           ;psect for function _ccpPwmConfig
   372  07B1                     _ccpPwmConfig:	
   373                           
   374                           ;main.c: 52: TRISB3 = 0;
   375                           
   376                           ;incstack = 0
   377                           ; Regs used in _ccpPwmConfig: [wreg]
   378  07B1  1683               	bsf	3,5	;RP0=1, select bank1
   379  07B2  1303               	bcf	3,6	;RP1=0, select bank1
   380  07B3  1186               	bcf	6,3	;volatile
   381                           
   382                           ;main.c: 54: CCP1CONbits.CCP1M3 = 1;
   383  07B4  1283               	bcf	3,5	;RP0=0, select bank0
   384  07B5  1303               	bcf	3,6	;RP1=0, select bank0
   385  07B6  1597               	bsf	23,3	;volatile
   386                           
   387                           ;main.c: 55: CCP1CONbits.CCP1M2 = 1;
   388  07B7  1517               	bsf	23,2	;volatile
   389                           
   390                           ;main.c: 56: CCP1CONbits.CCP1M1 = 0;
   391  07B8  1097               	bcf	23,1	;volatile
   392                           
   393                           ;main.c: 57: CCP1CONbits.CCP1M0 = 0;
   394  07B9  1017               	bcf	23,0	;volatile
   395                           
   396                           ;main.c: 59: CCPR1L = 1023;
   397  07BA  30FF               	movlw	255
   398  07BB  0095               	movwf	21	;volatile
   399  07BC  0008               	return
   400  07BD                     __end_of_ccpPwmConfig:	
   401  007E                     btemp	set	126	;btemp
   402  007E                     wtemp	set	126
   403  007E                     wtemp0	set	126
   404  0080                     wtemp1	set	128
   405  0082                     wtemp2	set	130
   406  0084                     wtemp3	set	132
   407  0086                     wtemp4	set	134
   408  0088                     wtemp5	set	136
   409  007F                     wtemp6	set	127
   410  007E                     ttemp	set	126
   411  007E                     ttemp0	set	126
   412  0081                     ttemp1	set	129
   413  0084                     ttemp2	set	132
   414  0087                     ttemp3	set	135
   415  007F                     ttemp4	set	127
   416  007E                     ltemp	set	126
   417  007E                     ltemp0	set	126
   418  0082                     ltemp1	set	130
   419  0086                     ltemp2	set	134
   420  0080                     ltemp3	set	128


Data Sizes:
    Strings     0
    Constant    0
    Data        0
    BSS         2
    Persistent  0
    Stack       0

Auto Spaces:
    Space          Size  Autos    Used
    COMMON           14      2       4
    BANK0            80      0       0
    BANK1            80      0       0
    BANK2            48      0       0

Pointer List with Targets:

    None.

Critical Paths under _main in COMMON

    _main->_oscillate

Critical Paths under _main in BANK0

    None.

Critical Paths under _main in BANK1

    None.

Critical Paths under _main in BANK2

    None.

Call Graph Tables:

 ---------------------------------------------------------------------------------
 (Depth) Function   	        Calls       Base Space   Used Autos Params    Refs
 ---------------------------------------------------------------------------------
 (0) _main                                                 0     0      0       0
                       _ccpPwmConfig
                          _oscillate
                         _timer2Init
 ---------------------------------------------------------------------------------
 (1) _timer2Init                                           0     0      0       0
 ---------------------------------------------------------------------------------
 (1) _oscillate                                            2     2      0       0
                                              0 COMMON     2     2      0
 ---------------------------------------------------------------------------------
 (1) _ccpPwmConfig                                         0     0      0       0
 ---------------------------------------------------------------------------------
 Estimated maximum stack depth 1
 ---------------------------------------------------------------------------------

 Call Graph Graphs:

 _main (ROOT)
   _ccpPwmConfig
   _oscillate
   _timer2Init

 Address spaces:
Name               Size   Autos  Total    Cost      Usage
BITCOMMON            E      0       0       0        0.0%
EEDATA              80      0       0       0        0.0%
NULL                 0      0       0       0        0.0%
CODE                 0      0       0       0        0.0%
COMMON               E      2       4       1       28.6%
BITSFR0              0      0       0       1        0.0%
SFR0                 0      0       0       1        0.0%
BITSFR1              0      0       0       2        0.0%
SFR1                 0      0       0       2        0.0%
STACK                0      0       0       2        0.0%
BANK0               50      0       0       3        0.0%
BITSFR3              0      0       0       4        0.0%
SFR3                 0      0       0       4        0.0%
ABS                  0      0       4       4        0.0%
BITBANK0            50      0       0       5        0.0%
BITSFR2              0      0       0       5        0.0%
SFR2                 0      0       0       5        0.0%
BITBANK1            50      0       0       6        0.0%
BANK1               50      0       0       7        0.0%
BITBANK2            30      0       0       8        0.0%
BANK2               30      0       0       9        0.0%
DATA                 0      0       4      10        0.0%


Microchip Technology PIC Macro Assembler V1.33 build 59893 
Symbol Table                                                                                   Tue Jan 06 15:32:35 2015

            __CFG_CP$OFF 0000                       l31 07CB                       l23 07AF  
                     u37 07DA                       u47 07ED                      l514 07E5  
                    l516 07F7                      _PR2 0092             __CFG_CPD$OFF 0000  
           __CFG_LVP$OFF 0000                     _main 07AD                     btemp 007E  
          __CFG_BOREN$ON 0000                     ltemp 007E                     start 0000  
                   ttemp 007E                     wtemp 007E            __CFG_MCLRE$ON 0000  
                  ?_main 0072            __CFG_WDTE$OFF 0000            __CFG_PWRTE$ON 0000  
                  ltemp0 007E                    ltemp1 0082                    ltemp2 0086  
                  ltemp3 0080                    ttemp0 007E                    ttemp1 0081  
                  ttemp2 0084                    ttemp3 0087                    ttemp4 007F  
                  status 0003                    wtemp0 007E                    wtemp1 0080  
                  wtemp2 0082                    wtemp3 0084                    wtemp4 0086  
                  wtemp5 0088                    wtemp6 007F          __initialization 07FC  
           __end_of_main 07B1                   ??_main 0074    __size_of_ccpPwmConfig 000C  
                 _CCPR1L 0015                   _TRISB3 0433             _ccpPwmConfig 07B1  
__end_of__initialization 07FE           __pcstackCOMMON 0072               __pmaintext 07AD  
     __size_of_oscillate 0031                  __ptext0 0000                  __ptext1 07BD  
                __ptext2 07CB                  __ptext3 07B1                _T2CONbits 0012  
   end_of_initialization 07FE        __end_of_oscillate 07FC               _timer2Init 07BD  
            _CCP1CONbits 0017      start_initialization 07FC              ?_timer2Init 0072  
            __pbssCOMMON 0070                ___latbits 0000      __size_of_timer2Init 000E  
             oscillate@x 0070                 _PCONbits 008E                _oscillate 07CB  
          ?_ccpPwmConfig 0072               ?_oscillate 0072           ??_ccpPwmConfig 0072  
          __size_of_main 0004             ??_timer2Init 0072       __end_of_timer2Init 07CB  
            ??_oscillate 0072     __end_of_ccpPwmConfig 07BD       __CFG_FOSC$INTOSCIO 0000  
