

Microchip Technology PIC LITE Macro Assembler V1.33 build 59893 
                                                                                               Sun Jan 04 17:50:09 2015

Microchip Technology Omniscient Code Generator (Lite mode) build 59893
     1                           	processor	16F628A
     2                           	opt	pw 120
     3                           	opt	lm
     4                           	psect	text0,local,class=CODE,merge=1,delta=2
     5                           	psect	cinit,global,class=CODE,merge=1,delta=2
     6                           	psect	cstackCOMMON,global,class=COMMON,space=1,delta=1
     7                           	psect	maintext,global,class=CODE,split=1,delta=2
     8                           	psect	text1,local,class=CODE,merge=1,delta=2
     9                           	psect	text2,local,class=CODE,merge=1,delta=2
    10                           	psect	text3,local,class=CODE,merge=1,delta=2
    11                           	psect	intentry,global,class=CODE,delta=2
    12                           	dabs	1,0x7E,2
    13  0000                     	;# 
    14  0001                     	;# 
    15  0002                     	;# 
    16  0003                     	;# 
    17  0004                     	;# 
    18  0005                     	;# 
    19  0006                     	;# 
    20  000A                     	;# 
    21  000B                     	;# 
    22  000C                     	;# 
    23  000E                     	;# 
    24  000E                     	;# 
    25  000F                     	;# 
    26  0010                     	;# 
    27  0011                     	;# 
    28  0012                     	;# 
    29  0015                     	;# 
    30  0015                     	;# 
    31  0016                     	;# 
    32  0017                     	;# 
    33  0018                     	;# 
    34  0019                     	;# 
    35  001A                     	;# 
    36  001F                     	;# 
    37  0081                     	;# 
    38  0085                     	;# 
    39  0086                     	;# 
    40  008C                     	;# 
    41  008E                     	;# 
    42  0092                     	;# 
    43  0098                     	;# 
    44  0099                     	;# 
    45  009A                     	;# 
    46  009B                     	;# 
    47  009C                     	;# 
    48  009D                     	;# 
    49  009F                     	;# 
    50  000B                     _INTCONbits	set	11
    51  0006                     _PORTBbits	set	6
    52  0081                     _OPTION_REGbits	set	129
    53  0430                     _TRISB0	set	1072
    54  0435                     _TRISB5	set	1077
    55                           
    56                           	psect	text0
    57  0000                     __ptext0:	
    58                           ; #config settings
    59                           
    60                           
    61                           ;psect for function _ISR
    62  0000                     
    63                           	psect	cinit
    64  0011                     start_initialization:	
    65  0011                     __initialization:	
    66  0011                     end_of_initialization:	
    67                           ;End of C runtime variable initialization code
    68                           
    69  0011                     __end_of__initialization:	
    70  0011  0183               	clrf	3
    71  0012  2839               	ljmp	_main	;jump to C main() function
    72                           
    73                           	psect	cstackCOMMON
    74  0070                     __pcstackCOMMON:	
    75  0070                     ?_portChangeConfig:	
    76  0070                     ?_interruptConfig:	
    77                           ; 0 bytes @ 0x0
    78                           
    79  0070                     ?_ISR:	
    80                           ; 0 bytes @ 0x0
    81                           
    82  0070                     ??_ISR:	
    83                           ; 0 bytes @ 0x0
    84                           
    85  0070                     ?_main:	
    86                           ; 0 bytes @ 0x0
    87                           
    88                           
    89                           ; 2 bytes @ 0x0
    90  0070                     	ds	4
    91  0074                     ??_portChangeConfig:	
    92  0074                     ??_interruptConfig:	
    93                           ; 0 bytes @ 0x4
    94                           
    95  0074                     ??_main:	
    96                           ; 0 bytes @ 0x4
    97                           
    98                           
    99                           	psect	maintext
   100  0039                     __pmaintext:	
   101                           ; 0 bytes @ 0x4
   102 ;;
   103 ;;Main: autosize = 0, tempsize = 0, incstack = 0, save=0
   104 ;;
   105 ;; *************** function _main *****************
   106 ;; Defined at:
   107 ;;		line 36 in file "main.c"
   108 ;; Parameters:    Size  Location     Type
   109 ;;		None
   110 ;; Auto vars:     Size  Location     Type
   111 ;;		None
   112 ;; Return value:  Size  Location     Type
   113 ;;                  2   18[COMMON] int 
   114 ;; Registers used:
   115 ;;		status,2, status,0, pclath, cstack
   116 ;; Tracked objects:
   117 ;;		On entry : 17F/0
   118 ;;		On exit  : 0/0
   119 ;;		Unchanged: 0/0
   120 ;; Data sizes:     COMMON   BANK0   BANK1   BANK2
   121 ;;      Params:         0       0       0       0
   122 ;;      Locals:         0       0       0       0
   123 ;;      Temps:          0       0       0       0
   124 ;;      Totals:         0       0       0       0
   125 ;;Total ram usage:        0 bytes
   126 ;; Hardware stack levels required when called:    2
   127 ;; This function calls:
   128 ;;		_interruptConfig
   129 ;;		_portChangeConfig
   130 ;; This function is called by:
   131 ;;		Startup code after reset
   132 ;; This function uses a non-reentrant model
   133 ;;
   134                           
   135                           
   136                           ;psect for function _main
   137  0039                     _main:	
   138                           
   139                           ;main.c: 37: TRISB0 = 0;
   140                           
   141                           ;incstack = 0
   142                           ; Regs used in _main: [status,2+status,0+pclath+cstack]
   143  0039  1683               	bsf	3,5	;RP0=1, select bank1
   144  003A  1303               	bcf	3,6	;RP1=0, select bank1
   145  003B  1006               	bcf	6,0	;volatile
   146                           
   147                           ;main.c: 38: PORTBbits.RB0 = 0;
   148  003C  1283               	bcf	3,5	;RP0=0, select bank0
   149  003D  1303               	bcf	3,6	;RP1=0, select bank0
   150  003E  1006               	bcf	6,0	;volatile
   151                           
   152                           ;main.c: 39: portChangeConfig();
   153  003F  202D               	fcall	_portChangeConfig
   154                           
   155                           ;main.c: 40: interruptConfig();
   156  0040  2042               	fcall	_interruptConfig
   157  0041                     l19:	
   158                           ;main.c: 41: while (1);
   159                           
   160  0041  2841               	goto	l19
   161  0042                     __end_of_main:	
   162                           ;main.c: 42: return 1;
   163                           ;	Return value of _main is never used
   164                           
   165                           
   166                           	psect	text1
   167  002D                     __ptext1:	
   168 ;; *************** function _portChangeConfig *****************
   169 ;; Defined at:
   170 ;;		line 24 in file "main.c"
   171 ;; Parameters:    Size  Location     Type
   172 ;;		None
   173 ;; Auto vars:     Size  Location     Type
   174 ;;		None
   175 ;; Return value:  Size  Location     Type
   176 ;;		None               void
   177 ;; Registers used:
   178 ;;		None
   179 ;; Tracked objects:
   180 ;;		On entry : 0/0
   181 ;;		On exit  : 0/0
   182 ;;		Unchanged: 0/0
   183 ;; Data sizes:     COMMON   BANK0   BANK1   BANK2
   184 ;;      Params:         0       0       0       0
   185 ;;      Locals:         0       0       0       0
   186 ;;      Temps:          0       0       0       0
   187 ;;      Totals:         0       0       0       0
   188 ;;Total ram usage:        0 bytes
   189 ;; Hardware stack levels used:    1
   190 ;; Hardware stack levels required when called:    1
   191 ;; This function calls:
   192 ;;		Nothing
   193 ;; This function is called by:
   194 ;;		_main
   195 ;; This function uses a non-reentrant model
   196 ;;
   197                           
   198                           
   199                           ;psect for function _portChangeConfig
   200  002D                     _portChangeConfig:	
   201                           
   202                           ;main.c: 25: TRISB5 = 1;
   203                           
   204                           ;incstack = 0
   205                           ; Regs used in _portChangeConfig: []
   206  002D  1683               	bsf	3,5	;RP0=1, select bank1
   207  002E  1303               	bcf	3,6	;RP1=0, select bank1
   208  002F  1686               	bsf	6,5	;volatile
   209                           
   210                           ;main.c: 26: PORTBbits.RB5 = 1;
   211  0030  1283               	bcf	3,5	;RP0=0, select bank0
   212  0031  1303               	bcf	3,6	;RP1=0, select bank0
   213  0032  1686               	bsf	6,5	;volatile
   214                           
   215                           ;main.c: 27: OPTION_REGbits.nRBPU = 0;
   216  0033  1683               	bsf	3,5	;RP0=1, select bank1
   217  0034  1303               	bcf	3,6	;RP1=0, select bank1
   218  0035  1381               	bcf	1,7	;volatile
   219                           
   220                           ;main.c: 28: INTCONbits.RBIE = 1;
   221  0036  158B               	bsf	11,3	;volatile
   222                           
   223                           ;main.c: 29: INTCONbits.RBIF = 0;
   224  0037  100B               	bcf	11,0	;volatile
   225  0038  0008               	return
   226  0039                     __end_of_portChangeConfig:	
   227                           
   228                           	psect	text2
   229  0042                     __ptext2:	
   230 ;; *************** function _interruptConfig *****************
   231 ;; Defined at:
   232 ;;		line 32 in file "main.c"
   233 ;; Parameters:    Size  Location     Type
   234 ;;		None
   235 ;; Auto vars:     Size  Location     Type
   236 ;;		None
   237 ;; Return value:  Size  Location     Type
   238 ;;		None               void
   239 ;; Registers used:
   240 ;;		None
   241 ;; Tracked objects:
   242 ;;		On entry : 0/0
   243 ;;		On exit  : 0/0
   244 ;;		Unchanged: 0/0
   245 ;; Data sizes:     COMMON   BANK0   BANK1   BANK2
   246 ;;      Params:         0       0       0       0
   247 ;;      Locals:         0       0       0       0
   248 ;;      Temps:          0       0       0       0
   249 ;;      Totals:         0       0       0       0
   250 ;;Total ram usage:        0 bytes
   251 ;; Hardware stack levels used:    1
   252 ;; Hardware stack levels required when called:    1
   253 ;; This function calls:
   254 ;;		Nothing
   255 ;; This function is called by:
   256 ;;		_main
   257 ;; This function uses a non-reentrant model
   258 ;;
   259                           
   260                           
   261                           ;psect for function _interruptConfig
   262  0042                     _interruptConfig:	
   263                           
   264                           ;main.c: 33: INTCONbits.GIE = 1;
   265                           
   266                           ;incstack = 0
   267                           ; Regs used in _interruptConfig: []
   268  0042  178B               	bsf	11,7	;volatile
   269  0043  0008               	return
   270  0044                     __end_of_interruptConfig:	
   271                           
   272                           	psect	text3
   273  0013                     __ptext3:	
   274 ;; *************** function _ISR *****************
   275 ;; Defined at:
   276 ;;		line 45 in file "main.c"
   277 ;; Parameters:    Size  Location     Type
   278 ;;		None
   279 ;; Auto vars:     Size  Location     Type
   280 ;;		None
   281 ;; Return value:  Size  Location     Type
   282 ;;		None               void
   283 ;; Registers used:
   284 ;;		status,2, status,0
   285 ;; Tracked objects:
   286 ;;		On entry : 0/0
   287 ;;		On exit  : 0/0
   288 ;;		Unchanged: 0/0
   289 ;; Data sizes:     COMMON   BANK0   BANK1   BANK2
   290 ;;      Params:         0       0       0       0
   291 ;;      Locals:         0       0       0       0
   292 ;;      Temps:          4       0       0       0
   293 ;;      Totals:         4       0       0       0
   294 ;;Total ram usage:        4 bytes
   295 ;; Hardware stack levels used:    1
   296 ;; This function calls:
   297 ;;		Nothing
   298 ;; This function is called by:
   299 ;;		Interrupt level 1
   300 ;; This function uses a non-reentrant model
   301 ;;
   302                           
   303                           
   304                           ;psect for function _ISR
   305  0013                     _ISR:	
   306                           
   307                           ;main.c: 46: if (INTCONbits.RBIF) {
   308  0013  1C0B               	btfss	11,0	;volatile
   309  0014  2822               	goto	i1l26
   310                           
   311                           ;main.c: 47: PORTBbits.RB0 = ~PORTBbits.RB0;
   312  0015  1003               	clrc
   313  0016  1C06               	btfss	6,0	;volatile
   314  0017  1403               	setc
   315  0018  1C03               	btfss	3,0
   316  0019  281E               	goto	u2_20
   317  001A  1283               	bcf	3,5	;RP0=0, select bank0
   318  001B  1303               	bcf	3,6	;RP1=0, select bank0
   319  001C  1406               	bsf	6,0	;volatile
   320  001D  2821               	goto	i1l499
   321  001E                     u2_20:	
   322  001E  1283               	bcf	3,5	;RP0=0, select bank0
   323  001F  1303               	bcf	3,6	;RP1=0, select bank0
   324  0020  1006               	bcf	6,0	;volatile
   325  0021                     i1l499:	
   326                           
   327                           ;main.c: 48: INTCONbits.RBIF = 0;
   328  0021  100B               	bcf	11,0	;volatile
   329  0022                     i1l26:	
   330  0022  0873               	movf	??_ISR+3,w
   331  0023  00FF               	movwf	127
   332  0024  0872               	movf	??_ISR+2,w
   333  0025  008A               	movwf	10
   334  0026  0871               	movf	??_ISR+1,w
   335  0027  0084               	movwf	4
   336  0028  0E70               	swapf	??_ISR^(0+-128),w
   337  0029  0083               	movwf	3
   338  002A  0EFE               	swapf	126,f
   339  002B  0E7E               	swapf	126,w
   340  002C  0009               	retfie
   341  002D                     __end_of_ISR:	
   342  007E                     btemp	set	126	;btemp
   343  007E                     wtemp	set	126
   344  007E                     wtemp0	set	126
   345  0080                     wtemp1	set	128
   346  0082                     wtemp2	set	130
   347  0084                     wtemp3	set	132
   348  0086                     wtemp4	set	134
   349  0088                     wtemp5	set	136
   350  007F                     wtemp6	set	127
   351  007E                     ttemp	set	126
   352  007E                     ttemp0	set	126
   353  0081                     ttemp1	set	129
   354  0084                     ttemp2	set	132
   355  0087                     ttemp3	set	135
   356  007F                     ttemp4	set	127
   357  007E                     ltemp	set	126
   358  007E                     ltemp0	set	126
   359  0082                     ltemp1	set	130
   360  0086                     ltemp2	set	134
   361  0080                     ltemp3	set	128
   362                           
   363                           	psect	intentry
   364  0004                     __pintentry:	
   365                           ;incstack = 0
   366                           ; Regs used in _ISR: [status]
   367                           
   368  0004                     interrupt_function:	
   369  007E                     saved_w	set	btemp
   370  0004  00FE               	movwf	btemp
   371  0005  0E03               	swapf	3,w
   372  0006  00F0               	movwf	??_ISR
   373  0007  0804               	movf	4,w
   374  0008  00F1               	movwf	??_ISR+1
   375  0009  080A               	movf	10,w
   376  000A  00F2               	movwf	??_ISR+2
   377  000B  1283               	bcf	3,5	;RP0=0, select bank0
   378  000C  1303               	bcf	3,6	;RP1=0, select bank0
   379  000D  087F               	movf	btemp+1,w
   380  000E  00F3               	movwf	??_ISR+3
   381  000F  2813               	ljmp	_ISR


Data Sizes:
    Strings     0
    Constant    0
    Data        0
    BSS         0
    Persistent  0
    Stack       0

Auto Spaces:
    Space          Size  Autos    Used
    COMMON           14      4       4
    BANK0            80      0       0
    BANK1            80      0       0
    BANK2            48      0       0

Pointer List with Targets:

    None.

Critical Paths under _main in COMMON

    None.

Critical Paths under _ISR in COMMON

    None.

Critical Paths under _main in BANK0

    None.

Critical Paths under _ISR in BANK0

    None.

Critical Paths under _main in BANK1

    None.

Critical Paths under _ISR in BANK1

    None.

Critical Paths under _main in BANK2

    None.

Critical Paths under _ISR in BANK2

    None.

Call Graph Tables:

 ---------------------------------------------------------------------------------
 (Depth) Function   	        Calls       Base Space   Used Autos Params    Refs
 ---------------------------------------------------------------------------------
 (0) _main                                                 0     0      0       0
                    _interruptConfig
                   _portChangeConfig
 ---------------------------------------------------------------------------------
 (1) _portChangeConfig                                     0     0      0       0
 ---------------------------------------------------------------------------------
 (1) _interruptConfig                                      0     0      0       0
 ---------------------------------------------------------------------------------
 Estimated maximum stack depth 1
 ---------------------------------------------------------------------------------
 (Depth) Function   	        Calls       Base Space   Used Autos Params    Refs
 ---------------------------------------------------------------------------------
 (2) _ISR                                                  4     4      0       0
                                              0 COMMON     4     4      0
 ---------------------------------------------------------------------------------
 Estimated maximum stack depth 2
 ---------------------------------------------------------------------------------

 Call Graph Graphs:

 _main (ROOT)
   _interruptConfig
   _portChangeConfig

 _ISR (ROOT)

 Address spaces:
Name               Size   Autos  Total    Cost      Usage
BITCOMMON            E      0       0       0        0.0%
EEDATA              80      0       0       0        0.0%
NULL                 0      0       0       0        0.0%
CODE                 0      0       0       0        0.0%
COMMON               E      4       4       1       28.6%
BITSFR0              0      0       0       1        0.0%
SFR0                 0      0       0       1        0.0%
BITSFR1              0      0       0       2        0.0%
SFR1                 0      0       0       2        0.0%
STACK                0      0       0       2        0.0%
BANK0               50      0       0       3        0.0%
BITSFR3              0      0       0       4        0.0%
SFR3                 0      0       0       4        0.0%
ABS                  0      0       0       4        0.0%
BITBANK0            50      0       0       5        0.0%
BITSFR2              0      0       0       5        0.0%
SFR2                 0      0       0       5        0.0%
BITBANK1            50      0       0       6        0.0%
BANK1               50      0       0       7        0.0%
BITBANK2            30      0       0       8        0.0%
BANK2               30      0       0       9        0.0%
DATA                 0      0       0      10        0.0%


Microchip Technology PIC Macro Assembler V1.33 build 59893 
Symbol Table                                                                                   Sun Jan 04 17:50:09 2015

              __CFG_CP$OFF 0000                         l19 0041               __CFG_CPD$OFF 0000  
                      _ISR 0013                        fsr0 0004    __end_of_interruptConfig 0044  
             __CFG_LVP$OFF 0000                       ?_ISR 0070                       i1l26 0022  
                     u2_20 001E                       _main 0039                       btemp 007E  
            __CFG_BOREN$ON 0000                       ltemp 007E                       start 0010  
                     ttemp 007E                       wtemp 007E              __CFG_MCLRE$ON 0000  
                    ??_ISR 0070                      ?_main 0070              __CFG_WDTE$OFF 0000  
                    i1l499 0021              __CFG_PWRTE$ON 0000                      pclath 000A  
                    ltemp0 007E                      ltemp1 0082                      ltemp2 0086  
                    ltemp3 0080                      ttemp0 007E                      ttemp1 0081  
                    ttemp2 0084                      ttemp3 0087                      ttemp4 007F  
                    status 0003                      wtemp0 007E                      wtemp1 0080  
                    wtemp2 0082                      wtemp3 0084                      wtemp4 0086  
                    wtemp5 0088                      wtemp6 007F            __initialization 0011  
             __end_of_main 0042                     ??_main 0074           ?_interruptConfig 0070  
        ?_portChangeConfig 0070                     _TRISB0 0430                     _TRISB5 0435  
       ??_portChangeConfig 0074                     saved_w 007E    __end_of__initialization 0011  
           __pcstackCOMMON 0070             _OPTION_REGbits 0081                 __pmaintext 0039  
               __pintentry 0004                    __ptext0 0000                    __ptext1 002D  
                  __ptext2 0042                    __ptext3 0013               __size_of_ISR 001A  
     end_of_initialization 0011  __size_of_portChangeConfig 000C                  _PORTBbits 0006  
 __size_of_interruptConfig 0002        start_initialization 0011                __end_of_ISR 002D  
                ___latbits 0000          ??_interruptConfig 0074           _portChangeConfig 002D  
        interrupt_function 0004              __size_of_main 0009                 _INTCONbits 000B  
          _interruptConfig 0042   __end_of_portChangeConfig 0039                   intlevel1 0000  
       __CFG_FOSC$INTOSCIO 0000  
