

Microchip Technology PIC18 LITE Macro Assembler V1.33 build 59893 
                                                                                               Fri Jan 09 19:47:30 2015

Microchip Technology Omniscient Code Generator (Lite mode) build 59893
     1                           	processor	18F4550
     2                           	fnconf	rparam,??,?,0
     3                           	opt	pw 120
     4                           	opt	lm
     5                           	psect	text0,global,reloc=2,class=CODE,delta=1
     6                           	psect	cinit,global,reloc=2,class=CODE,delta=1
     7                           	psect	cstackCOMRAM,global,class=COMRAM,space=1,delta=1
     8                           	psect	text1,global,reloc=2,class=CODE,delta=1
     9                           	psect	intsave_regs,global,class=BIGRAM,space=1,delta=1
    10                           	psect	rparam,global,class=COMRAM,space=1,delta=1
    11  0000                     _LATA	set	3977
    12  0000                     _LATB	set	3978
    13  0000                     _LATC	set	3979
    14  0000                     _LATD	set	3980
    15  0000                     _LATE	set	3981
    16  0000                     _PORTA	set	3968
    17  0000                     _PORTB	set	3969
    18  0000                     _PORTC	set	3970
    19  0000                     _PORTD	set	3971
    20  0000                     _PORTE	set	3972
    21  0000                     _TRISA	set	3986
    22  0000                     _TRISB	set	3987
    23  0000                     _TRISC	set	3988
    24  0000                     _TRISD	set	3989
    25  0000                     _TRISE	set	3990
    26                           
    27                           ; 0 bytes @ 0x3
    28 ;;
    29 ;;Main: autosize = 0, tempsize = 0, incstack = 0, save=0
    30 ;;
    31 ;; *************** function _main *****************
    32 ;; Defined at:
    33 ;;		line 76 in file "main.c"
    34 ;; Parameters:    Size  Location     Type
    35 ;;		None
    36 ;; Auto vars:     Size  Location     Type
    37 ;;		None
    38 ;; Return value:  Size  Location     Type
    39 ;;                  2   36[COMRAM] int 
    40 ;; Registers used:
    41 ;;		wreg, status,2, status,0, cstack
    42 ;; Tracked objects:
    43 ;;		On entry : 0/0
    44 ;;		On exit  : 0/0
    45 ;;		Unchanged: 0/0
    46 ;; Data sizes:     COMRAM   BANK0   BANK1   BANK2   BANK3   BANK4   BANK5   BANK6   BANK7
    47 ;;      Params:         0       0       0       0       0       0       0       0       0
    48 ;;      Locals:         0       0       0       0       0       0       0       0       0
    49 ;;      Temps:          0       0       0       0       0       0       0       0       0
    50 ;;      Totals:         0       0       0       0       0       0       0       0       0
    51 ;;Total ram usage:        0 bytes
    52 ;; Hardware stack levels required when called:    1
    53 ;; This function calls:
    54 ;;		_delayGenerate
    55 ;; This function is called by:
    56 ;;		Startup code after reset
    57 ;; This function uses a non-reentrant model
    58 ;;
    59                           
    60                           	psect	text0
    61  007FC0                     __ptext0:
    62                           	opt stack 0
    63  007FC0                     _main:
    64                           	opt stack 30
    65                           
    66                           ;main.c: 77: TRISA = 0;
    67                           
    68                           ;incstack = 0
    69  007FC0  0E00               	movlw	0
    70  007FC2  6E92               	movwf	3986,c	;volatile
    71                           
    72                           ;main.c: 78: TRISB = 0;
    73  007FC4  0E00               	movlw	0
    74  007FC6  6E93               	movwf	3987,c	;volatile
    75                           
    76                           ;main.c: 79: TRISC = 0;
    77  007FC8  0E00               	movlw	0
    78  007FCA  6E94               	movwf	3988,c	;volatile
    79                           
    80                           ;main.c: 80: TRISD = 0;
    81  007FCC  0E00               	movlw	0
    82  007FCE  6E95               	movwf	3989,c	;volatile
    83                           
    84                           ;main.c: 81: TRISE = 0;
    85  007FD0  0E00               	movlw	0
    86  007FD2  6E96               	movwf	3990,c	;volatile
    87                           
    88                           ;main.c: 83: PORTA = 0;
    89  007FD4  0E00               	movlw	0
    90  007FD6  6E80               	movwf	3968,c	;volatile
    91                           
    92                           ;main.c: 84: PORTB = 0;
    93  007FD8  0E00               	movlw	0
    94  007FDA  6E81               	movwf	3969,c	;volatile
    95                           
    96                           ;main.c: 85: PORTC = 0;
    97  007FDC  0E00               	movlw	0
    98  007FDE  6E82               	movwf	3970,c	;volatile
    99                           
   100                           ;main.c: 86: PORTD = 0;
   101  007FE0  0E00               	movlw	0
   102  007FE2  6E83               	movwf	3971,c	;volatile
   103                           
   104                           ;main.c: 87: PORTE = 0;
   105  007FE4  0E00               	movlw	0
   106  007FE6  6E84               	movwf	3972,c	;volatile
   107  007FE8                     l630:
   108                           
   109                           ;main.c: 89: LATA = ~LATA;
   110  007FE8  1E89               	comf	3977,f,c	;volatile
   111                           
   112                           ;main.c: 90: LATB = ~LATB;
   113  007FEA  1E8A               	comf	3978,f,c	;volatile
   114                           
   115                           ;main.c: 91: LATC = ~LATC;
   116  007FEC  1E8B               	comf	3979,f,c	;volatile
   117                           
   118                           ;main.c: 92: LATD = ~LATD;
   119  007FEE  1E8C               	comf	3980,f,c	;volatile
   120                           
   121                           ;main.c: 93: LATE = ~LATE;
   122  007FF0  1E8D               	comf	3981,f,c	;volatile
   123                           
   124                           ;main.c: 94: delayGenerate(500);
   125  007FF2  0E01               	movlw	1
   126  007FF4  6E02               	movwf	delayGenerate@miliseconds+1,c
   127  007FF6  0EF4               	movlw	244
   128  007FF8  6E01               	movwf	delayGenerate@miliseconds,c
   129  007FFA  ECCF  F03F         	call	_delayGenerate	;wreg free
   130  007FFE  D7F4               	goto	l630
   131  008000                     __end_of_main:
   132                           	opt stack 0
   133                           
   134                           	psect	cinit
   135  007F98                     __pcinit:
   136                           	opt stack 0
   137  007F98                     start_initialization:
   138                           	opt stack 0
   139  007F98                     __initialization:
   140                           	opt stack 0
   141  007F98                     end_of_initialization:
   142                           	opt stack 0
   143  007F98                     __end_of__initialization:
   144                           	opt stack 0
   145  007F98  0100               	movlb	0
   146  007F9A  EFE0  F03F         	goto	_main	;jump to C main() function
   147                           
   148                           	psect	cstackCOMRAM
   149  000001                     __pcstackCOMRAM:
   150                           	opt stack 0
   151  000001                     delayGenerate@miliseconds:
   152                           	opt stack 0
   153                           
   154                           ; 2 bytes @ 0x0
   155  000001                     	ds	2
   156  000003                     ??_delayGenerate:
   157                           
   158                           ; 0 bytes @ 0x2
   159  000003                     	ds	1
   160  000004                     
   161 ;; *************** function _delayGenerate *****************
   162 ;; Defined at:
   163 ;;		line 99 in file "main.c"
   164 ;; Parameters:    Size  Location     Type
   165 ;;  miliseconds     2    0[COMRAM] unsigned int 
   166 ;; Auto vars:     Size  Location     Type
   167 ;;		None
   168 ;; Return value:  Size  Location     Type
   169 ;;		None               void
   170 ;; Registers used:
   171 ;;		wreg, status,2, status,0
   172 ;; Tracked objects:
   173 ;;		On entry : 0/0
   174 ;;		On exit  : 0/0
   175 ;;		Unchanged: 0/0
   176 ;; Data sizes:     COMRAM   BANK0   BANK1   BANK2   BANK3   BANK4   BANK5   BANK6   BANK7
   177 ;;      Params:         2       0       0       0       0       0       0       0       0
   178 ;;      Locals:         0       0       0       0       0       0       0       0       0
   179 ;;      Temps:          1       0       0       0       0       0       0       0       0
   180 ;;      Totals:         3       0       0       0       0       0       0       0       0
   181 ;;Total ram usage:        3 bytes
   182 ;; Hardware stack levels used:    1
   183 ;; This function calls:
   184 ;;		Nothing
   185 ;; This function is called by:
   186 ;;		_main
   187 ;; This function uses a non-reentrant model
   188 ;;
   189                           
   190                           	psect	text1
   191  007F9E                     __ptext1:
   192                           	opt stack 0
   193  007F9E                     _delayGenerate:
   194                           	opt stack 30
   195                           
   196                           ;main.c: 100: while (miliseconds-- > 0) {
   197                           
   198                           ;incstack = 0
   199  007F9E  D007               	goto	l626
   200  007FA0                     l624:
   201                           
   202                           ;main.c: 101: (_delay((unsigned long)((1)*(8000000UL/4000.0))));
   203  007FA0  0E03               	movlw	3
   204  007FA2  6E03               	movwf	??_delayGenerate& (0+255),c
   205  007FA4  0E98               	movlw	152
   206  007FA6                     u27:
   207  007FA6  2EE8               	decfsz	wreg,f,c
   208  007FA8  D7FE               	goto	u27
   209  007FAA  2E03               	decfsz	??_delayGenerate& (0+255),f,c
   210  007FAC  D7FC               	goto	u27
   211  007FAE                     l626:
   212  007FAE  0601               	decf	delayGenerate@miliseconds,f,c
   213  007FB0  A0D8               	btfss	status,0,c
   214  007FB2  0602               	decf	delayGenerate@miliseconds+1,f,c
   215  007FB4  2801               	incf	delayGenerate@miliseconds& (0+255),w,c
   216  007FB6  B4D8               	btfsc	status,2,c
   217  007FB8  2802               	incf	(delayGenerate@miliseconds+1)& (0+255),w,c
   218  007FBA  B4D8               	btfsc	status,2,c
   219  007FBC  0012               	return	
   220  007FBE  D7F0               	goto	l624
   221  007FC0                     __end_of_delayGenerate:
   222                           	opt stack 0
   223  0000                     wreg	equ	0xFE8
   224                           status	equ	0xFD8
   225                           wreg	equ	0xFE8
   226                           status	equ	0xFD8
   227                           
   228                           	psect	rparam
   229  0000                     wreg	equ	0xFE8
   230                           status	equ	0xFD8


Data Sizes:
    Strings     0
    Constant    0
    Data        0
    BSS         0
    Persistent  0
    Stack       0

Auto Spaces:
    Space          Size  Autos    Used
    COMRAM           95      3       3
    BANK0           160      0       0
    BANK1           256      0       0
    BANK2           256      0       0
    BANK3           256      0       0
    BANK4           256      0       0
    BANK5           256      0       0
    BANK6           256      0       0
    BANK7           256      0       0

Pointer List with Targets:

    None.

Critical Paths under _main in COMRAM

    _main->_delayGenerate

Critical Paths under _main in BANK0

    None.

Critical Paths under _main in BANK1

    None.

Critical Paths under _main in BANK2

    None.

Critical Paths under _main in BANK3

    None.

Critical Paths under _main in BANK4

    None.

Critical Paths under _main in BANK5

    None.

Critical Paths under _main in BANK6

    None.

Critical Paths under _main in BANK7

    None.

Call Graph Tables:

 ---------------------------------------------------------------------------------
 (Depth) Function   	        Calls       Base Space   Used Autos Params    Refs
 ---------------------------------------------------------------------------------
 (0) _main                                                 0     0      0      49
                      _delayGenerate
 ---------------------------------------------------------------------------------
 (1) _delayGenerate                                        3     1      2      49
                                              0 COMRAM     3     1      2
 ---------------------------------------------------------------------------------
 Estimated maximum stack depth 1
 ---------------------------------------------------------------------------------

 Call Graph Graphs:

 _main (ROOT)
   _delayGenerate

 Address spaces:
Name               Size   Autos  Total    Cost      Usage
BITCOMRAM           5F      0       0       0        0.0%
EEDATA             100      0       0       0        0.0%
NULL                 0      0       0       0        0.0%
CODE                 0      0       0       0        0.0%
COMRAM              5F      3       3       1        3.2%
STACK                0      0       0       2        0.0%
DATA                 0      0       0       3        0.0%
BITBANK0            A0      0       0       4        0.0%
BANK0               A0      0       0       5        0.0%
BITBANK1           100      0       0       6        0.0%
BANK1              100      0       0       7        0.0%
BITBANK2           100      0       0       8        0.0%
BANK2              100      0       0       9        0.0%
BITBANK3           100      0       0      10        0.0%
BANK3              100      0       0      11        0.0%
BITBANK4           100      0       0      12        0.0%
BANK4              100      0       0      13        0.0%
BITBANK5           100      0       0      14        0.0%
BANK5              100      0       0      15        0.0%
BITBANK6           100      0       0      16        0.0%
BANK6              100      0       0      17        0.0%
BITBANK7           100      0       0      18        0.0%
BANK7              100      0       0      19        0.0%
ABS                  0      0       0      20        0.0%
BIGRAM             7FF      0       0      21        0.0%
BITSFR               0      0       0      40        0.0%
SFR                  0      0       0      40        0.0%


Microchip Technology PIC18 Macro Assembler V1.33 build 59893 
Symbol Table                                                                                   Fri Jan 09 19:47:30 2015

                      u27 7FA6               __CFG_BORV$3 000000              __CFG_CP0$OFF 000000  
            __CFG_CP1$OFF 000000              __CFG_CP2$OFF 000000              __CFG_CP3$OFF 000000  
             __CFG_LVP$ON 000000                       l630 7FE8                       l624 7FA0  
                     l626 7FAE              __CFG_CPB$OFF 000000              __CFG_CPD$OFF 000000  
                     wreg 000FE8              __CFG_FOSC$HS 000000              __CFG_WDT$OFF 000000  
                    _LATA 000F89                      _LATB 000F8A                      _LATC 000F8B  
                    _LATD 000F8C                      _LATE 000F8D                      _main 7FC0  
                    start 0000             __CFG_IESO$OFF 000000             __CFG_MCLRE$ON 000000  
           __CFG_PLLDIV$1 000000            __CFG_CCP2MX$ON 000000                     ?_main 0001  
                   _PORTA 000F80                     _PORTB 000F81                     _PORTC 000F82  
                   _PORTD 000F83                     _PORTE 000F84             __CFG_USBDIV$1 000000  
                   _TRISA 000F92                     _TRISB 000F93                     _TRISC 000F94  
                   _TRISD 000F95                     _TRISE 000F96             __CFG_PWRT$OFF 000000  
           __CFG_WRT0$OFF 000000             __CFG_WRT1$OFF 000000             __CFG_WRT2$OFF 000000  
           __CFG_WRT3$OFF 000000            __CFG_EBTR0$OFF 000000            __CFG_FCMEN$OFF 000000  
          __CFG_EBTR1$OFF 000000            __CFG_EBTR2$OFF 000000            __CFG_EBTR3$OFF 000000  
           __CFG_WRTB$OFF 000000             __CFG_WRTC$OFF 000000             __CFG_WRTD$OFF 000000  
          __CFG_EBTRB$OFF 000000     __end_of_delayGenerate 7FC0                     status 000FD8  
          __CFG_ICPRT$OFF 000000            __CFG_PBADEN$ON 000000           __initialization 7F98  
            __end_of_main 8000                    ??_main 0004             __activetblptr 000000  
          __CFG_XINST$OFF 000000            __CFG_STVREN$ON 000000                __accesstop 0060  
 __end_of__initialization 7F98            __pcstackCOMRAM 0001           __CFG_VREGEN$OFF 000000  
                 __Hparam 0000                   __Lparam 0000                   __pcinit 7F98  
                 __ramtop 0800                   __ptext0 7FC0                   __ptext1 7F9E  
delayGenerate@miliseconds 0001      end_of_initialization 7F98    __size_of_delayGenerate 0022  
     start_initialization 7F98             _delayGenerate 7F9E          __CFG_LPT1OSC$OFF 000000  
          ?_delayGenerate 0001          __CFG_WDTPS$32768 000000           ??_delayGenerate 0003  
                __Hrparam 0000                  __Lrparam 0000             __size_of_main 0040  
   __CFG_CPUDIV$OSC1_PLL2 000000  
