

Microchip Technology PIC LITE Macro Assembler V1.33 build 59893 
                                                                                               Tue Jan 06 11:32:20 2015

Microchip Technology Omniscient Code Generator (Lite mode) build 59893
     1                           	processor	16F628A
     2                           	opt	pw 120
     3                           	opt	lm
     4                           	psect	text0,local,class=CODE,merge=1,delta=2
     5                           	psect	cinit,global,class=CODE,merge=1,delta=2
     6                           	psect	cstackCOMMON,global,class=COMMON,space=1,delta=1
     7                           	psect	maintext,global,class=CODE,split=1,delta=2
     8                           	psect	text1,local,class=CODE,merge=1,delta=2
     9                           	psect	text2,local,class=CODE,merge=1,delta=2
    10                           	dabs	1,0x7E,2
    11  0000                     	;# 
    12  0001                     	;# 
    13  0002                     	;# 
    14  0003                     	;# 
    15  0004                     	;# 
    16  0005                     	;# 
    17  0006                     	;# 
    18  000A                     	;# 
    19  000B                     	;# 
    20  000C                     	;# 
    21  000E                     	;# 
    22  000E                     	;# 
    23  000F                     	;# 
    24  0010                     	;# 
    25  0011                     	;# 
    26  0012                     	;# 
    27  0015                     	;# 
    28  0015                     	;# 
    29  0016                     	;# 
    30  0017                     	;# 
    31  0018                     	;# 
    32  0019                     	;# 
    33  001A                     	;# 
    34  001F                     	;# 
    35  0081                     	;# 
    36  0085                     	;# 
    37  0086                     	;# 
    38  008C                     	;# 
    39  008E                     	;# 
    40  0092                     	;# 
    41  0098                     	;# 
    42  0099                     	;# 
    43  009A                     	;# 
    44  009B                     	;# 
    45  009C                     	;# 
    46  009D                     	;# 
    47  009F                     	;# 
    48  0006                     _PORTB	set	6
    49  0081                     _OPTION_REGbits	set	129
    50  0086                     _TRISB	set	134
    51                           
    52                           	psect	text0
    53  0000                     __ptext0:	
    54                           ; #config settings
    55                           
    56                           
    57                           ;psect for function _ledConfig
    58  0000                     
    59                           	psect	cinit
    60  07FE                     start_initialization:	
    61  07FE                     __initialization:	
    62  07FE                     end_of_initialization:	
    63                           ;End of C runtime variable initialization code
    64                           
    65  07FE                     __end_of__initialization:	
    66  07FE  0183               	clrf	3
    67  07FF  2FE0               	ljmp	_main	;jump to C main() function
    68                           
    69                           	psect	cstackCOMMON
    70  0070                     __pcstackCOMMON:	
    71  0070                     ?_pullupConfig:	
    72  0070                     ??_pullupConfig:	
    73                           ; 0 bytes @ 0x0
    74                           
    75  0070                     ?_ledConfig:	
    76                           ; 0 bytes @ 0x0
    77                           
    78  0070                     ??_ledConfig:	
    79                           ; 0 bytes @ 0x0
    80                           
    81  0070                     ?_main:	
    82                           ; 0 bytes @ 0x0
    83                           
    84                           
    85                           ; 2 bytes @ 0x0
    86  0070                     	ds	1
    87  0071                     ??_main:	
    88                           
    89                           ; 0 bytes @ 0x1
    90  0071                     	ds	2
    91                           
    92                           	psect	maintext
    93  07E0                     __pmaintext:	
    94 ;;
    95 ;;Main: autosize = 0, tempsize = 2, incstack = 0, save=0
    96 ;;
    97 ;; *************** function _main *****************
    98 ;; Defined at:
    99 ;;		line 36 in file "main.c"
   100 ;; Parameters:    Size  Location     Type
   101 ;;		None
   102 ;; Auto vars:     Size  Location     Type
   103 ;;		None
   104 ;; Return value:  Size  Location     Type
   105 ;;                  2   16[COMMON] int 
   106 ;; Registers used:
   107 ;;		wreg, status,2, status,0, pclath, cstack
   108 ;; Tracked objects:
   109 ;;		On entry : 17F/0
   110 ;;		On exit  : 0/0
   111 ;;		Unchanged: 0/0
   112 ;; Data sizes:     COMMON   BANK0   BANK1   BANK2
   113 ;;      Params:         0       0       0       0
   114 ;;      Locals:         0       0       0       0
   115 ;;      Temps:          2       0       0       0
   116 ;;      Totals:         2       0       0       0
   117 ;;Total ram usage:        2 bytes
   118 ;; Hardware stack levels required when called:    1
   119 ;; This function calls:
   120 ;;		_ledConfig
   121 ;;		_pullupConfig
   122 ;; This function is called by:
   123 ;;		Startup code after reset
   124 ;; This function uses a non-reentrant model
   125 ;;
   126                           
   127                           
   128                           ;psect for function _main
   129  07E0                     _main:	
   130                           
   131                           ;main.c: 37: pullupConfig();
   132                           
   133                           ;incstack = 0
   134                           ; Regs used in _main: [wreg+status,2+status,0+pclath+cstack]
   135  07E0  27CE               	fcall	_pullupConfig
   136                           
   137                           ;main.c: 38: ledConfig();
   138  07E1  27D6               	fcall	_ledConfig
   139  07E2                     l488:	
   140                           ;main.c: 39: while (1) {
   141                           
   142                           
   143                           ;main.c: 40: if (!(PORTB & ((1 << 0)))) {
   144  07E2  1283               	bcf	3,5	;RP0=0, select bank0
   145  07E3  1303               	bcf	3,6	;RP1=0, select bank0
   146  07E4  1806               	btfsc	6,0	;volatile
   147  07E5  2FF5               	goto	l494
   148                           
   149                           ;main.c: 41: _delay((unsigned long)((25)*(4000000/4000.0)));
   150  07E6  3021               	movlw	33
   151  07E7  00F2               	movwf	??_main+1
   152  07E8  3076               	movlw	118
   153  07E9  00F1               	movwf	??_main
   154  07EA                     u27:	
   155  07EA  0BF1               	decfsz	??_main,f
   156  07EB  2FEA               	goto	u27
   157  07EC  0BF2               	decfsz	??_main+1,f
   158  07ED  2FEA               	goto	u27
   159  07EE  0000               	nop
   160                           
   161                           ;main.c: 42: PORTB ^= (1 << 1);
   162  07EF  3002               	movlw	2
   163  07F0  00F1               	movwf	??_main
   164  07F1  0871               	movf	??_main,w
   165  07F2  1283               	bcf	3,5	;RP0=0, select bank0
   166  07F3  1303               	bcf	3,6	;RP1=0, select bank0
   167  07F4  0686               	xorwf	6,f	;volatile
   168  07F5                     l494:	
   169                           
   170                           ;main.c: 43: }
   171                           ;main.c: 44: _delay((unsigned long)((150)*(4000000/4000.0)));
   172  07F5  30C3               	movlw	195
   173  07F6  00F2               	movwf	??_main+1
   174  07F7  30CD               	movlw	205
   175  07F8  00F1               	movwf	??_main
   176  07F9                     u37:	
   177  07F9  0BF1               	decfsz	??_main,f
   178  07FA  2FF9               	goto	u37
   179  07FB  0BF2               	decfsz	??_main+1,f
   180  07FC  2FF9               	goto	u37
   181  07FD  2FE2               	goto	l488
   182  07FE                     __end_of_main:	
   183                           ;main.c: 45: }
   184                           ;main.c: 46: return 1;
   185                           ;	Return value of _main is never used
   186                           
   187                           
   188                           	psect	text1
   189  07CE                     __ptext1:	
   190 ;; *************** function _pullupConfig *****************
   191 ;; Defined at:
   192 ;;		line 25 in file "main.c"
   193 ;; Parameters:    Size  Location     Type
   194 ;;		None
   195 ;; Auto vars:     Size  Location     Type
   196 ;;		None
   197 ;; Return value:  Size  Location     Type
   198 ;;		None               void
   199 ;; Registers used:
   200 ;;		None
   201 ;; Tracked objects:
   202 ;;		On entry : 0/0
   203 ;;		On exit  : 0/0
   204 ;;		Unchanged: 0/0
   205 ;; Data sizes:     COMMON   BANK0   BANK1   BANK2
   206 ;;      Params:         0       0       0       0
   207 ;;      Locals:         0       0       0       0
   208 ;;      Temps:          0       0       0       0
   209 ;;      Totals:         0       0       0       0
   210 ;;Total ram usage:        0 bytes
   211 ;; Hardware stack levels used:    1
   212 ;; This function calls:
   213 ;;		Nothing
   214 ;; This function is called by:
   215 ;;		_main
   216 ;; This function uses a non-reentrant model
   217 ;;
   218                           
   219                           
   220                           ;psect for function _pullupConfig
   221  07CE                     _pullupConfig:	
   222                           
   223                           ;main.c: 26: OPTION_REGbits.nRBPU = 0;
   224                           
   225                           ;incstack = 0
   226                           ; Regs used in _pullupConfig: []
   227  07CE  1683               	bsf	3,5	;RP0=1, select bank1
   228  07CF  1303               	bcf	3,6	;RP1=0, select bank1
   229  07D0  1381               	bcf	1,7	;volatile
   230                           
   231                           ;main.c: 27: TRISB |= (1 << 0);
   232  07D1  1406               	bsf	6,0	;volatile
   233                           
   234                           ;main.c: 28: PORTB |= (1 << 0);
   235  07D2  1283               	bcf	3,5	;RP0=0, select bank0
   236  07D3  1303               	bcf	3,6	;RP1=0, select bank0
   237  07D4  1406               	bsf	6,0	;volatile
   238  07D5  0008               	return
   239  07D6                     __end_of_pullupConfig:	
   240                           
   241                           	psect	text2
   242  07D6                     __ptext2:	
   243 ;; *************** function _ledConfig *****************
   244 ;; Defined at:
   245 ;;		line 31 in file "main.c"
   246 ;; Parameters:    Size  Location     Type
   247 ;;		None
   248 ;; Auto vars:     Size  Location     Type
   249 ;;		None
   250 ;; Return value:  Size  Location     Type
   251 ;;		None               void
   252 ;; Registers used:
   253 ;;		wreg, status,2, status,0
   254 ;; Tracked objects:
   255 ;;		On entry : 0/0
   256 ;;		On exit  : 0/0
   257 ;;		Unchanged: 0/0
   258 ;; Data sizes:     COMMON   BANK0   BANK1   BANK2
   259 ;;      Params:         0       0       0       0
   260 ;;      Locals:         0       0       0       0
   261 ;;      Temps:          1       0       0       0
   262 ;;      Totals:         1       0       0       0
   263 ;;Total ram usage:        1 bytes
   264 ;; Hardware stack levels used:    1
   265 ;; This function calls:
   266 ;;		Nothing
   267 ;; This function is called by:
   268 ;;		_main
   269 ;; This function uses a non-reentrant model
   270 ;;
   271                           
   272                           
   273                           ;psect for function _ledConfig
   274  07D6                     _ledConfig:	
   275                           
   276                           ;main.c: 32: TRISB &= ~(1 << 1);
   277                           
   278                           ;incstack = 0
   279                           ; Regs used in _ledConfig: [wreg+status,2+status,0]
   280  07D6  30FD               	movlw	253
   281  07D7  00F0               	movwf	??_ledConfig
   282  07D8  0870               	movf	??_ledConfig,w
   283  07D9  1683               	bsf	3,5	;RP0=1, select bank1
   284  07DA  1303               	bcf	3,6	;RP1=0, select bank1
   285  07DB  0586               	andwf	6,f	;volatile
   286                           
   287                           ;main.c: 33: PORTB |= (1 << 1);
   288  07DC  1283               	bcf	3,5	;RP0=0, select bank0
   289  07DD  1303               	bcf	3,6	;RP1=0, select bank0
   290  07DE  1486               	bsf	6,1	;volatile
   291  07DF  0008               	return
   292  07E0                     __end_of_ledConfig:	
   293  007E                     btemp	set	126	;btemp
   294  007E                     wtemp	set	126
   295  007E                     wtemp0	set	126
   296  0080                     wtemp1	set	128
   297  0082                     wtemp2	set	130
   298  0084                     wtemp3	set	132
   299  0086                     wtemp4	set	134
   300  0088                     wtemp5	set	136
   301  007F                     wtemp6	set	127
   302  007E                     ttemp	set	126
   303  007E                     ttemp0	set	126
   304  0081                     ttemp1	set	129
   305  0084                     ttemp2	set	132
   306  0087                     ttemp3	set	135
   307  007F                     ttemp4	set	127
   308  007E                     ltemp	set	126
   309  007E                     ltemp0	set	126
   310  0082                     ltemp1	set	130
   311  0086                     ltemp2	set	134
   312  0080                     ltemp3	set	128


Data Sizes:
    Strings     0
    Constant    0
    Data        0
    BSS         0
    Persistent  0
    Stack       0

Auto Spaces:
    Space          Size  Autos    Used
    COMMON           14      3       3
    BANK0            80      0       0
    BANK1            80      0       0
    BANK2            48      0       0

Pointer List with Targets:

    None.

Critical Paths under _main in COMMON

    _main->_ledConfig

Critical Paths under _main in BANK0

    None.

Critical Paths under _main in BANK1

    None.

Critical Paths under _main in BANK2

    None.

Call Graph Tables:

 ---------------------------------------------------------------------------------
 (Depth) Function   	        Calls       Base Space   Used Autos Params    Refs
 ---------------------------------------------------------------------------------
 (0) _main                                                 2     2      0       0
                                              1 COMMON     2     2      0
                          _ledConfig
                       _pullupConfig
 ---------------------------------------------------------------------------------
 (1) _pullupConfig                                         0     0      0       0
 ---------------------------------------------------------------------------------
 (1) _ledConfig                                            1     1      0       0
                                              0 COMMON     1     1      0
 ---------------------------------------------------------------------------------
 Estimated maximum stack depth 1
 ---------------------------------------------------------------------------------

 Call Graph Graphs:

 _main (ROOT)
   _ledConfig
   _pullupConfig

 Address spaces:
Name               Size   Autos  Total    Cost      Usage
BITCOMMON            E      0       0       0        0.0%
EEDATA              80      0       0       0        0.0%
NULL                 0      0       0       0        0.0%
CODE                 0      0       0       0        0.0%
COMMON               E      3       3       1       21.4%
BITSFR0              0      0       0       1        0.0%
SFR0                 0      0       0       1        0.0%
BITSFR1              0      0       0       2        0.0%
SFR1                 0      0       0       2        0.0%
STACK                0      0       0       2        0.0%
BANK0               50      0       0       3        0.0%
BITSFR3              0      0       0       4        0.0%
SFR3                 0      0       0       4        0.0%
ABS                  0      0       0       4        0.0%
BITBANK0            50      0       0       5        0.0%
BITSFR2              0      0       0       5        0.0%
SFR2                 0      0       0       5        0.0%
BITBANK1            50      0       0       6        0.0%
BANK1               50      0       0       7        0.0%
BITBANK2            30      0       0       8        0.0%
BANK2               30      0       0       9        0.0%
DATA                 0      0       0      10        0.0%


Microchip Technology PIC Macro Assembler V1.33 build 59893 
Symbol Table                                                                                   Tue Jan 06 11:32:20 2015

            __CFG_CP$OFF 0000                       u27 07EA                       u37 07F9  
                    l494 07F5                      l488 07E2             __CFG_CPD$OFF 0000  
           _pullupConfig 07CE             __CFG_LVP$OFF 0000                     _main 07E0  
                   btemp 007E            __CFG_BOREN$ON 0000                     ltemp 007E  
                   start 0000                     ttemp 007E                     wtemp 007E  
          __CFG_MCLRE$ON 0000                    ?_main 0070            __CFG_WDTE$OFF 0000  
                  _PORTB 0006                    _TRISB 0086            __CFG_PWRTE$ON 0000  
                  ltemp0 007E                    ltemp1 0082                    ltemp2 0086  
                  ltemp3 0080                    ttemp0 007E                    ttemp1 0081  
                  ttemp2 0084                    ttemp3 0087                    ttemp4 007F  
                  status 0003                    wtemp0 007E                    wtemp1 0080  
                  wtemp2 0082                    wtemp3 0084                    wtemp4 0086  
                  wtemp5 0088                    wtemp6 007F          __initialization 07FE  
           __end_of_main 07FE                   ??_main 0071  __end_of__initialization 07FE  
         __pcstackCOMMON 0070       __size_of_ledConfig 000A           _OPTION_REGbits 0081  
             __pmaintext 07E0        __end_of_ledConfig 07E0                  __ptext0 0000  
                __ptext1 07CE                  __ptext2 07D6     end_of_initialization 07FE  
    start_initialization 07FE            ?_pullupConfig 0070           ??_pullupConfig 0070  
              ___latbits 0000                _ledConfig 07D6               ?_ledConfig 0070  
   __end_of_pullupConfig 07D6            __size_of_main 001E              ??_ledConfig 0070  
     __CFG_FOSC$INTOSCIO 0000    __size_of_pullupConfig 0008  
