

Microchip Technology PIC LITE Macro Assembler V1.33 build 59893 
                                                                                               Fri Feb 06 21:12:35 2015

Microchip Technology Omniscient Code Generator (Lite mode) build 59893
     1                           	processor	16F628A
     2                           	opt	pw 120
     3                           	opt	lm
     4                           	psect	strings,global,class=STRING,delta=2
     5                           	psect	cinit,global,class=CODE,merge=1,delta=2
     6                           	psect	cstackCOMMON,global,class=COMMON,space=1,delta=1
     7                           	psect	maintext,global,class=CODE,split=1,delta=2
     8                           	psect	text1,local,class=CODE,merge=1,delta=2
     9                           	psect	text2,local,class=CODE,merge=1,delta=2
    10                           	psect	text3,local,class=CODE,merge=1,delta=2
    11                           	dabs	1,0x7E,2
    12  0000                     	;# 
    13  0001                     	;# 
    14  0002                     	;# 
    15  0003                     	;# 
    16  0004                     	;# 
    17  0005                     	;# 
    18  0006                     	;# 
    19  000A                     	;# 
    20  000B                     	;# 
    21  000C                     	;# 
    22  000E                     	;# 
    23  000E                     	;# 
    24  000F                     	;# 
    25  0010                     	;# 
    26  0011                     	;# 
    27  0012                     	;# 
    28  0015                     	;# 
    29  0015                     	;# 
    30  0016                     	;# 
    31  0017                     	;# 
    32  0018                     	;# 
    33  0019                     	;# 
    34  001A                     	;# 
    35  001F                     	;# 
    36  0081                     	;# 
    37  0085                     	;# 
    38  0086                     	;# 
    39  008C                     	;# 
    40  008E                     	;# 
    41  0092                     	;# 
    42  0098                     	;# 
    43  0099                     	;# 
    44  009A                     	;# 
    45  009B                     	;# 
    46  009C                     	;# 
    47  009D                     	;# 
    48  009F                     	;# 
    49  000B                     _INTCONbits	set	11
    50  000C                     _PIR1bits	set	12
    51  0018                     _RCSTAbits	set	24
    52  0019                     _TXREG	set	25
    53  0099                     _SPBRG	set	153
    54  0098                     _TXSTAbits	set	152
    55                           
    56                           	psect	strings
    57  0001                     __pstrings:	
    58  0001                     stringtab:	
    59  0001                     __stringtab:	
    60  0001                     stringcode:	
    61                           ;	String table - string pointers are 1 byte each
    62                           
    63  0001                     stringdir:	
    64  0001  3000               	movlw	high stringdir
    65  0002  008A               	movwf	10
    66  0003  0804               	movf	4,w
    67  0004  0A84               	incf	4,f
    68  0005  0782               	addwf	2,f
    69  0006                     __stringbase:	
    70  0006  3400               	retlw	0
    71  0007                     __end_of__stringtab:	
    72  0007                     __stringdata:	
    73  0007                     STR_1:	
    74  0007  3454               	retlw	84	;'T'
    75  0008  3465               	retlw	101	;'e'
    76  0009  3473               	retlw	115	;'s'
    77  000A  3474               	retlw	116	;'t'
    78  000B  3461               	retlw	97	;'a'
    79  000C  346E               	retlw	110	;'n'
    80  000D  3464               	retlw	100	;'d'
    81  000E  346F               	retlw	111	;'o'
    82  000F  3420               	retlw	32	;' '
    83  0010  3461               	retlw	97	;'a'
    84  0011  3420               	retlw	32	;' '
    85  0012  3455               	retlw	85	;'U'
    86  0013  3453               	retlw	83	;'S'
    87  0014  3441               	retlw	65	;'A'
    88  0015  3452               	retlw	82	;'R'
    89  0016  3454               	retlw	84	;'T'
    90  0017  3420               	retlw	32	;' '
    91  0018  346E               	retlw	110	;'n'
    92  0019  346F               	retlw	111	;'o'
    93  001A  3420               	retlw	32	;' '
    94  001B  3450               	retlw	80	;'P'
    95  001C  3449               	retlw	73	;'I'
    96  001D  3443               	retlw	67	;'C'
    97  001E  3431               	retlw	49	;'1'
    98  001F  3436               	retlw	54	;'6'
    99  0020  3446               	retlw	70	;'F'
   100  0021  3436               	retlw	54	;'6'
   101  0022  3432               	retlw	50	;'2'
   102  0023  3438               	retlw	56	;'8'
   103  0024  3441               	retlw	65	;'A'
   104  0025  342E               	retlw	46	;'.'
   105  0026  340A               	retlw	10
   106  0027  3400               	retlw	0
   107  0028                     __end_of__stringdata:	
   108                           
   109                           ; #config settings
   110  0000                     
   111                           	psect	cinit
   112  07FE                     start_initialization:	
   113  07FE                     __initialization:	
   114  07FE                     end_of_initialization:	
   115                           ;End of C runtime variable initialization code
   116                           
   117  07FE                     __end_of__initialization:	
   118  07FE  0183               	clrf	3
   119  07FF  2FEB               	ljmp	_main	;jump to C main() function
   120                           
   121                           	psect	cstackCOMMON
   122  0070                     __pcstackCOMMON:	
   123  0070                     ?_usartInit:	
   124  0070                     ??_usartInit:	
   125                           ; 0 bytes @ 0x0
   126                           
   127  0070                     ?_usartSend:	
   128                           ; 0 bytes @ 0x0
   129                           
   130  0070                     ??_usartSend:	
   131                           ; 0 bytes @ 0x0
   132                           
   133  0070                     ?_usartPutString:	
   134                           ; 0 bytes @ 0x0
   135                           
   136  0070                     ?_main:	
   137                           ; 0 bytes @ 0x0
   138                           
   139  0070                     usartSend@data:	
   140                           ; 2 bytes @ 0x0
   141                           
   142                           
   143                           ; 1 bytes @ 0x0
   144  0070                     	ds	1
   145  0071                     ??_usartPutString:	
   146                           
   147                           ; 0 bytes @ 0x1
   148  0071                     	ds	1
   149  0072                     usartPutString@strPtr:	
   150                           
   151                           ; 1 bytes @ 0x2
   152  0072                     	ds	1
   153  0073                     ??_main:	
   154                           
   155                           ; 0 bytes @ 0x3
   156  0073                     	ds	3
   157                           
   158                           	psect	maintext
   159  07EB                     __pmaintext:	
   160 ;;
   161 ;;Main: autosize = 0, tempsize = 3, incstack = 0, save=0
   162 ;;
   163 ;; *************** function _main *****************
   164 ;; Defined at:
   165 ;;		line 51 in file "main.c"
   166 ;; Parameters:    Size  Location     Type
   167 ;;		None
   168 ;; Auto vars:     Size  Location     Type
   169 ;;		None
   170 ;; Return value:  Size  Location     Type
   171 ;;                  2   31[COMMON] int 
   172 ;; Registers used:
   173 ;;		wreg, fsr0l, fsr0h, status,2, status,0, pclath, cstack
   174 ;; Tracked objects:
   175 ;;		On entry : 17F/0
   176 ;;		On exit  : 0/0
   177 ;;		Unchanged: 0/0
   178 ;; Data sizes:     COMMON   BANK0   BANK1   BANK2
   179 ;;      Params:         0       0       0       0
   180 ;;      Locals:         0       0       0       0
   181 ;;      Temps:          3       0       0       0
   182 ;;      Totals:         3       0       0       0
   183 ;;Total ram usage:        3 bytes
   184 ;; Hardware stack levels required when called:    2
   185 ;; This function calls:
   186 ;;		_usartInit
   187 ;;		_usartPutString
   188 ;; This function is called by:
   189 ;;		Startup code after reset
   190 ;; This function uses a non-reentrant model
   191 ;;
   192                           
   193                           
   194                           ;psect for function _main
   195  07EB                     _main:	
   196                           
   197                           ;main.c: 52: usartInit();
   198                           
   199                           ;incstack = 0
   200                           ; Regs used in _main: [wreg-fsr0h+status,2+status,0+pclath+cstack]
   201  07EB  27CC               	fcall	_usartInit
   202                           
   203                           ;main.c: 53: INTCONbits.GIE = 1;
   204  07EC  178B               	bsf	11,7	;volatile
   205                           
   206                           ;main.c: 54: INTCONbits.PEIE = 1;
   207  07ED  170B               	bsf	11,6	;volatile
   208  07EE                     l528:	
   209                           ;main.c: 55: while (1) {
   210                           
   211                           
   212                           ;main.c: 56: usartPutString("Testando a USART no PIC16F628A.\n");
   213  07EE  3001               	movlw	(STR_1-__stringbase)& (0+255)
   214  07EF  27DB               	fcall	_usartPutString
   215                           
   216                           ;main.c: 57: _delay((unsigned long)((500)*(4000000UL/4000.0)));
   217  07F0  3003               	movlw	3
   218  07F1  00F5               	movwf	??_main+2
   219  07F2  308A               	movlw	138
   220  07F3  00F4               	movwf	??_main+1
   221  07F4  3056               	movlw	86
   222  07F5  00F3               	movwf	??_main
   223  07F6                     u37:	
   224  07F6  0BF3               	decfsz	??_main,f
   225  07F7  2FF6               	goto	u37
   226  07F8  0BF4               	decfsz	??_main+1,f
   227  07F9  2FF6               	goto	u37
   228  07FA  0BF5               	decfsz	??_main+2,f
   229  07FB  2FF6               	goto	u37
   230  07FC  2FFD               	nop2
   231  07FD  2FEE               	goto	l528
   232  07FE                     __end_of_main:	
   233                           ;main.c: 58: }
   234                           ;main.c: 59: return 1;
   235                           ;	Return value of _main is never used
   236                           
   237                           
   238                           	psect	text1
   239  07DB                     __ptext1:	
   240 ;; *************** function _usartPutString *****************
   241 ;; Defined at:
   242 ;;		line 44 in file "main.c"
   243 ;; Parameters:    Size  Location     Type
   244 ;;  strPtr          1    wreg     PTR const unsigned char 
   245 ;;		 -> STR_1(33), 
   246 ;; Auto vars:     Size  Location     Type
   247 ;;  strPtr          1    2[COMMON] PTR const unsigned char 
   248 ;;		 -> STR_1(33), 
   249 ;; Return value:  Size  Location     Type
   250 ;;		None               void
   251 ;; Registers used:
   252 ;;		wreg, fsr0l, fsr0h, status,2, status,0, pclath, cstack
   253 ;; Tracked objects:
   254 ;;		On entry : 0/0
   255 ;;		On exit  : 0/0
   256 ;;		Unchanged: 0/0
   257 ;; Data sizes:     COMMON   BANK0   BANK1   BANK2
   258 ;;      Params:         0       0       0       0
   259 ;;      Locals:         1       0       0       0
   260 ;;      Temps:          1       0       0       0
   261 ;;      Totals:         2       0       0       0
   262 ;;Total ram usage:        2 bytes
   263 ;; Hardware stack levels used:    1
   264 ;; Hardware stack levels required when called:    1
   265 ;; This function calls:
   266 ;;		_usartSend
   267 ;; This function is called by:
   268 ;;		_main
   269 ;; This function uses a non-reentrant model
   270 ;;
   271                           
   272                           
   273                           ;psect for function _usartPutString
   274  07DB                     _usartPutString:	
   275                           
   276                           ;incstack = 0
   277                           ; Regs used in _usartPutString: [wreg-fsr0h+status,2+status,0+pclath+cstack]
   278                           ;usartPutString@strPtr stored from wreg
   279  07DB  00F2               	movwf	usartPutString@strPtr
   280  07DC                     l520:	
   281                           ;main.c: 45: while (*strPtr != '\0') {
   282                           
   283  07DC  0872               	movf	usartPutString@strPtr,w
   284  07DD  0084               	movwf	4
   285  07DE  2001               	fcall	stringdir
   286  07DF  3800               	iorlw	0
   287  07E0  1903               	btfsc	3,2
   288  07E1  0008               	return
   289                           
   290                           ;main.c: 46: usartSend(*strPtr);
   291  07E2  0872               	movf	usartPutString@strPtr,w
   292  07E3  0084               	movwf	4
   293  07E4  2001               	fcall	stringdir
   294  07E5  27C4               	fcall	_usartSend
   295                           
   296                           ;main.c: 47: strPtr++;
   297  07E6  3001               	movlw	1
   298  07E7  00F1               	movwf	??_usartPutString
   299  07E8  0871               	movf	??_usartPutString,w
   300  07E9  07F2               	addwf	usartPutString@strPtr,f
   301  07EA  2FDC               	goto	l520
   302  07EB                     __end_of_usartPutString:	
   303                           
   304                           	psect	text2
   305  07C4                     __ptext2:	
   306 ;; *************** function _usartSend *****************
   307 ;; Defined at:
   308 ;;		line 39 in file "main.c"
   309 ;; Parameters:    Size  Location     Type
   310 ;;  data            1    wreg     unsigned char 
   311 ;; Auto vars:     Size  Location     Type
   312 ;;  data            1    0[COMMON] unsigned char 
   313 ;; Return value:  Size  Location     Type
   314 ;;		None               void
   315 ;; Registers used:
   316 ;;		wreg
   317 ;; Tracked objects:
   318 ;;		On entry : 0/0
   319 ;;		On exit  : 0/0
   320 ;;		Unchanged: 0/0
   321 ;; Data sizes:     COMMON   BANK0   BANK1   BANK2
   322 ;;      Params:         0       0       0       0
   323 ;;      Locals:         1       0       0       0
   324 ;;      Temps:          0       0       0       0
   325 ;;      Totals:         1       0       0       0
   326 ;;Total ram usage:        1 bytes
   327 ;; Hardware stack levels used:    1
   328 ;; This function calls:
   329 ;;		Nothing
   330 ;; This function is called by:
   331 ;;		_usartPutString
   332 ;; This function uses a non-reentrant model
   333 ;;
   334                           
   335                           
   336                           ;psect for function _usartSend
   337  07C4                     _usartSend:	
   338                           
   339                           ;incstack = 0
   340                           ; Regs used in _usartSend: [wreg]
   341                           ;usartSend@data stored from wreg
   342  07C4  00F0               	movwf	usartSend@data
   343  07C5                     l20:	
   344                           ;main.c: 40: while (!PIR1bits.TXIF);
   345                           
   346  07C5  1283               	bcf	3,5	;RP0=0, select bank0
   347  07C6  1303               	bcf	3,6	;RP1=0, select bank0
   348  07C7  1E0C               	btfss	12,4	;volatile
   349  07C8  2FC5               	goto	l20
   350                           
   351                           ;main.c: 41: TXREG = data;
   352  07C9  0870               	movf	usartSend@data,w
   353  07CA  0099               	movwf	25	;volatile
   354  07CB  0008               	return
   355  07CC                     __end_of_usartSend:	
   356                           
   357                           	psect	text3
   358  07CC                     __ptext3:	
   359 ;; *************** function _usartInit *****************
   360 ;; Defined at:
   361 ;;		line 23 in file "main.c"
   362 ;; Parameters:    Size  Location     Type
   363 ;;		None
   364 ;; Auto vars:     Size  Location     Type
   365 ;;		None
   366 ;; Return value:  Size  Location     Type
   367 ;;		None               void
   368 ;; Registers used:
   369 ;;		wreg
   370 ;; Tracked objects:
   371 ;;		On entry : 0/0
   372 ;;		On exit  : 0/0
   373 ;;		Unchanged: 0/0
   374 ;; Data sizes:     COMMON   BANK0   BANK1   BANK2
   375 ;;      Params:         0       0       0       0
   376 ;;      Locals:         0       0       0       0
   377 ;;      Temps:          0       0       0       0
   378 ;;      Totals:         0       0       0       0
   379 ;;Total ram usage:        0 bytes
   380 ;; Hardware stack levels used:    1
   381 ;; This function calls:
   382 ;;		Nothing
   383 ;; This function is called by:
   384 ;;		_main
   385 ;; This function uses a non-reentrant model
   386 ;;
   387                           
   388                           
   389                           ;psect for function _usartInit
   390  07CC                     _usartInit:	
   391                           
   392                           ;main.c: 24: SPBRG = ((4000000UL / (9600 * 16UL)) -1);
   393                           
   394                           ;incstack = 0
   395                           ; Regs used in _usartInit: [wreg]
   396  07CC  3019               	movlw	25
   397  07CD  1683               	bsf	3,5	;RP0=1, select bank1
   398  07CE  1303               	bcf	3,6	;RP1=0, select bank1
   399  07CF  0099               	movwf	25	;volatile
   400                           
   401                           ;main.c: 27: TXSTAbits.TX9 = 0;
   402  07D0  1318               	bcf	24,6	;volatile
   403                           
   404                           ;main.c: 28: TXSTAbits.TXEN = 1;
   405  07D1  1698               	bsf	24,5	;volatile
   406                           
   407                           ;main.c: 29: TXSTAbits.SYNC = 0;
   408  07D2  1218               	bcf	24,4	;volatile
   409                           
   410                           ;main.c: 30: TXSTAbits.BRGH = 1;
   411  07D3  1518               	bsf	24,2	;volatile
   412                           
   413                           ;main.c: 33: RCSTAbits.SPEN = 1;
   414  07D4  1283               	bcf	3,5	;RP0=0, select bank0
   415  07D5  1303               	bcf	3,6	;RP1=0, select bank0
   416  07D6  1798               	bsf	24,7	;volatile
   417                           
   418                           ;main.c: 34: RCSTAbits.RX9 = 0;
   419  07D7  1318               	bcf	24,6	;volatile
   420                           
   421                           ;main.c: 35: RCSTAbits.CREN = 1;
   422  07D8  1618               	bsf	24,4	;volatile
   423                           
   424                           ;main.c: 36: RCSTAbits.ADDEN = 0;
   425  07D9  1198               	bcf	24,3	;volatile
   426  07DA  0008               	return
   427  07DB                     __end_of_usartInit:	
   428  007E                     btemp	set	126	;btemp
   429  007E                     wtemp	set	126
   430  007E                     wtemp0	set	126
   431  0080                     wtemp1	set	128
   432  0082                     wtemp2	set	130
   433  0084                     wtemp3	set	132
   434  0086                     wtemp4	set	134
   435  0088                     wtemp5	set	136
   436  007F                     wtemp6	set	127
   437  007E                     ttemp	set	126
   438  007E                     ttemp0	set	126
   439  0081                     ttemp1	set	129
   440  0084                     ttemp2	set	132
   441  0087                     ttemp3	set	135
   442  007F                     ttemp4	set	127
   443  007E                     ltemp	set	126
   444  007E                     ltemp0	set	126
   445  0082                     ltemp1	set	130
   446  0086                     ltemp2	set	134
   447  0080                     ltemp3	set	128


Data Sizes:
    Strings     33
    Constant    0
    Data        0
    BSS         0
    Persistent  0
    Stack       0

Auto Spaces:
    Space          Size  Autos    Used
    COMMON           14      6       6
    BANK0            80      0       0
    BANK1            80      0       0
    BANK2            48      0       0

Pointer List with Targets:

    usartPutString@strPtr	PTR const unsigned char  size(1) Largest target is 33
		 -> STR_1(CODE[33]), 


Critical Paths under _main in COMMON

    _main->_usartPutString
    _usartPutString->_usartSend

Critical Paths under _main in BANK0

    None.

Critical Paths under _main in BANK1

    None.

Critical Paths under _main in BANK2

    None.

Call Graph Tables:

 ---------------------------------------------------------------------------------
 (Depth) Function   	        Calls       Base Space   Used Autos Params    Refs
 ---------------------------------------------------------------------------------
 (0) _main                                                 3     3      0      69
                                              3 COMMON     3     3      0
                          _usartInit
                     _usartPutString
 ---------------------------------------------------------------------------------
 (1) _usartPutString                                       2     2      0      69
                                              1 COMMON     2     2      0
                          _usartSend
 ---------------------------------------------------------------------------------
 (2) _usartSend                                            1     1      0      15
                                              0 COMMON     1     1      0
 ---------------------------------------------------------------------------------
 (1) _usartInit                                            0     0      0       0
 ---------------------------------------------------------------------------------
 Estimated maximum stack depth 2
 ---------------------------------------------------------------------------------

 Call Graph Graphs:

 _main (ROOT)
   _usartInit
   _usartPutString
     _usartSend

 Address spaces:
Name               Size   Autos  Total    Cost      Usage
BITCOMMON            E      0       0       0        0.0%
EEDATA              80      0       0       0        0.0%
NULL                 0      0       0       0        0.0%
CODE                 0      0       0       0        0.0%
COMMON               E      6       6       1       42.9%
BITSFR0              0      0       0       1        0.0%
SFR0                 0      0       0       1        0.0%
BITSFR1              0      0       0       2        0.0%
SFR1                 0      0       0       2        0.0%
STACK                0      0       0       2        0.0%
BANK0               50      0       0       3        0.0%
BITSFR3              0      0       0       4        0.0%
SFR3                 0      0       0       4        0.0%
ABS                  0      0       0       4        0.0%
BITBANK0            50      0       0       5        0.0%
BITSFR2              0      0       0       5        0.0%
SFR2                 0      0       0       5        0.0%
BITBANK1            50      0       0       6        0.0%
BANK1               50      0       0       7        0.0%
BITBANK2            30      0       0       8        0.0%
BANK2               30      0       0       9        0.0%
DATA                 0      0       0      10        0.0%


Microchip Technology PIC Macro Assembler V1.33 build 59893 
Symbol Table                                                                                   Fri Feb 06 21:12:35 2015

                      pc 0002              __CFG_CP$OFF 0000                       l20 07C5  
                     u37 07F6                       fsr 0004                      l520 07DC  
                    l528 07EE             __CFG_CPD$OFF 0000                      fsr0 0004  
           __CFG_LVP$OFF 0000                     STR_1 0007                     _main 07EB  
                   btemp 007E            __CFG_BOREN$ON 0000                     ltemp 007E  
                   start 0000                     ttemp 007E                     wtemp 007E  
          __CFG_MCLRE$ON 0000                    ?_main 0070            __CFG_WDTE$OFF 0000  
                  _SPBRG 0099                    _TXREG 0019            __CFG_PWRTE$ON 0000  
                  pclath 000A                    ltemp0 007E                    ltemp1 0082  
                  ltemp2 0086                    ltemp3 0080                    ttemp0 007E  
                  ttemp1 0081                    ttemp2 0084                    ttemp3 0087  
                  ttemp4 007F                    status 0003                    wtemp0 007E  
                  wtemp1 0080                    wtemp2 0082                    wtemp3 0084  
                  wtemp4 0086                    wtemp5 0088                    wtemp6 007F  
        __initialization 07FE             __end_of_main 07FE                   ??_main 0073  
__size_of_usartPutString 0010  __end_of__initialization 07FE           __pcstackCOMMON 0070  
             __pmaintext 07EB           _usartPutString 07DB               __stringtab 0001  
     __size_of_usartInit 000F       __size_of_usartSend 0008                  __ptext1 07DB  
                __ptext2 07C4                  __ptext3 07CC   __end_of_usartPutString 07EB  
   end_of_initialization 07FE                _RCSTAbits 0018        __end_of_usartInit 07DB  
      __end_of_usartSend 07CC          ?_usartPutString 0070                _TXSTAbits 0098  
    start_initialization 07FE            usartSend@data 0070                ___latbits 0000  
    __end_of__stringdata 0028                __pstrings 0001                 _PIR1bits 000C  
   usartPutString@strPtr 0072         ??_usartPutString 0071              __stringbase 0006  
            __stringdata 0007                _usartInit 07CC                _usartSend 07C4  
     __end_of__stringtab 0007               ?_usartInit 0070               ?_usartSend 0070  
          __size_of_main 0013               _INTCONbits 000B                stringcode 0001  
            ??_usartInit 0070              ??_usartSend 0070                 stringdir 0001  
               stringtab 0001       __CFG_FOSC$INTOSCIO 0000  
