

Microchip Technology PIC LITE Macro Assembler V1.33 build 59893 
                                                                                               Mon Jan 05 20:20:28 2015

Microchip Technology Omniscient Code Generator (Lite mode) build 59893
     1                           	processor	16F628A
     2                           	opt	pw 120
     3                           	opt	lm
     4                           	psect	idataCOMMON,global,class=CODE,delta=2
     5                           	psect	cinit,global,class=CODE,merge=1,delta=2
     6                           	psect	dataCOMMON,global,class=COMMON,space=1,delta=1
     7                           	psect	cstackCOMMON,global,class=COMMON,space=1,delta=1
     8                           	psect	maintext,global,class=CODE,split=1,delta=2
     9                           	psect	text1,local,class=CODE,merge=1,delta=2
    10                           	psect	text2,local,class=CODE,merge=1,delta=2
    11                           	psect	text3,local,class=CODE,merge=1,delta=2
    12                           	psect	intentry,global,class=CODE,delta=2
    13                           	dabs	1,0x7E,2
    14  0000                     	;# 
    15  0001                     	;# 
    16  0002                     	;# 
    17  0003                     	;# 
    18  0004                     	;# 
    19  0005                     	;# 
    20  0006                     	;# 
    21  000A                     	;# 
    22  000B                     	;# 
    23  000C                     	;# 
    24  000E                     	;# 
    25  000E                     	;# 
    26  000F                     	;# 
    27  0010                     	;# 
    28  0011                     	;# 
    29  0012                     	;# 
    30  0015                     	;# 
    31  0015                     	;# 
    32  0016                     	;# 
    33  0017                     	;# 
    34  0018                     	;# 
    35  0019                     	;# 
    36  001A                     	;# 
    37  001F                     	;# 
    38  0081                     	;# 
    39  0085                     	;# 
    40  0086                     	;# 
    41  008C                     	;# 
    42  008E                     	;# 
    43  0092                     	;# 
    44  0098                     	;# 
    45  0099                     	;# 
    46  009A                     	;# 
    47  009B                     	;# 
    48  009C                     	;# 
    49  009D                     	;# 
    50  009F                     	;# 
    51                           
    52                           	psect	idataCOMMON
    53  0042                     __pidataCOMMON:	
    54                           
    55                           ;initializer for _timer0Value
    56  0042  34B2               	retlw	178
    57  000B                     _INTCONbits	set	11
    58  0006                     _PORTB	set	6
    59  0006                     _PORTBbits	set	6
    60  0001                     _TMR0	set	1
    61  0081                     _OPTION_REGbits	set	129
    62  0430                     _TRISB0	set	1072
    63                           
    64                           ; #config settings
    65  0000                     
    66                           	psect	cinit
    67  0011                     start_initialization:	
    68  0011                     __initialization:	
    69                           
    70                           ; Initialize objects allocated to COMMON
    71  0011  2042               	fcall	__pidataCOMMON	;fetch initializer
    72  0012  00F4               	movwf	__pdataCOMMON& (0+127)
    73  0013                     end_of_initialization:	
    74                           ;End of C runtime variable initialization code
    75                           
    76  0013                     __end_of__initialization:	
    77  0013  0183               	clrf	3
    78  0014  283A               	ljmp	_main	;jump to C main() function
    79                           
    80                           	psect	dataCOMMON
    81  0074                     __pdataCOMMON:	
    82  0074                     _timer0Value:	
    83  0074                     	ds	1
    84                           
    85                           	psect	cstackCOMMON
    86  0070                     __pcstackCOMMON:	
    87  0070                     ?_timer0Init:	
    88  0070                     ?_interruptInit:	
    89                           ; 0 bytes @ 0x0
    90                           
    91  0070                     ?_ISR:	
    92                           ; 0 bytes @ 0x0
    93                           
    94  0070                     ??_ISR:	
    95                           ; 0 bytes @ 0x0
    96                           
    97  0070                     ?_main:	
    98                           ; 0 bytes @ 0x0
    99                           
   100                           
   101                           ; 2 bytes @ 0x0
   102  0070                     	ds	4
   103  0074                     ??_timer0Init:	
   104  0074                     ??_interruptInit:	
   105                           ; 0 bytes @ 0x4
   106                           
   107  0074                     ??_main:	
   108                           ; 0 bytes @ 0x4
   109                           
   110                           
   111                           	psect	maintext
   112  003A                     __pmaintext:	
   113                           ; 0 bytes @ 0x4
   114 ;;
   115 ;;Main: autosize = 0, tempsize = 0, incstack = 0, save=0
   116 ;;
   117 ;; *************** function _main *****************
   118 ;; Defined at:
   119 ;;		line 38 in file "main.c"
   120 ;; Parameters:    Size  Location     Type
   121 ;;		None
   122 ;; Auto vars:     Size  Location     Type
   123 ;;		None
   124 ;; Return value:  Size  Location     Type
   125 ;;                  2   22[COMMON] int 
   126 ;; Registers used:
   127 ;;		wreg, status,2, status,0, pclath, cstack
   128 ;; Tracked objects:
   129 ;;		On entry : 17F/0
   130 ;;		On exit  : 0/0
   131 ;;		Unchanged: 0/0
   132 ;; Data sizes:     COMMON   BANK0   BANK1   BANK2
   133 ;;      Params:         0       0       0       0
   134 ;;      Locals:         0       0       0       0
   135 ;;      Temps:          0       0       0       0
   136 ;;      Totals:         0       0       0       0
   137 ;;Total ram usage:        0 bytes
   138 ;; Hardware stack levels required when called:    2
   139 ;; This function calls:
   140 ;;		_interruptInit
   141 ;;		_timer0Init
   142 ;; This function is called by:
   143 ;;		Startup code after reset
   144 ;; This function uses a non-reentrant model
   145 ;;
   146                           
   147                           
   148                           ;psect for function _main
   149  003A                     _main:	
   150                           
   151                           ;main.c: 39: TRISB0 = 0;
   152                           
   153                           ;incstack = 0
   154                           ; Regs used in _main: [wreg+status,2+status,0+pclath+cstack]
   155  003A  1683               	bsf	3,5	;RP0=1, select bank1
   156  003B  1303               	bcf	3,6	;RP1=0, select bank1
   157  003C  1006               	bcf	6,0	;volatile
   158                           
   159                           ;main.c: 40: timer0Init();
   160  003D  202C               	fcall	_timer0Init
   161                           
   162                           ;main.c: 41: interruptInit();
   163  003E  2040               	fcall	_interruptInit
   164  003F                     l23:	
   165                           ;main.c: 42: while (1);
   166                           
   167  003F  283F               	goto	l23
   168  0040                     __end_of_main:	
   169                           ;main.c: 43: return 1;
   170                           ;	Return value of _main is never used
   171                           
   172                           
   173                           	psect	text1
   174  002C                     __ptext1:	
   175 ;; *************** function _timer0Init *****************
   176 ;; Defined at:
   177 ;;		line 22 in file "main.c"
   178 ;; Parameters:    Size  Location     Type
   179 ;;		None
   180 ;; Auto vars:     Size  Location     Type
   181 ;;		None
   182 ;; Return value:  Size  Location     Type
   183 ;;		None               void
   184 ;; Registers used:
   185 ;;		wreg
   186 ;; Tracked objects:
   187 ;;		On entry : 0/0
   188 ;;		On exit  : 0/0
   189 ;;		Unchanged: 0/0
   190 ;; Data sizes:     COMMON   BANK0   BANK1   BANK2
   191 ;;      Params:         0       0       0       0
   192 ;;      Locals:         0       0       0       0
   193 ;;      Temps:          0       0       0       0
   194 ;;      Totals:         0       0       0       0
   195 ;;Total ram usage:        0 bytes
   196 ;; Hardware stack levels used:    1
   197 ;; Hardware stack levels required when called:    1
   198 ;; This function calls:
   199 ;;		Nothing
   200 ;; This function is called by:
   201 ;;		_main
   202 ;; This function uses a non-reentrant model
   203 ;;
   204                           
   205                           
   206                           ;psect for function _timer0Init
   207  002C                     _timer0Init:	
   208                           
   209                           ;main.c: 23: TMR0 = timer0Value;
   210                           
   211                           ;incstack = 0
   212                           ; Regs used in _timer0Init: [wreg]
   213  002C  0874               	movf	_timer0Value,w
   214  002D  1283               	bcf	3,5	;RP0=0, select bank0
   215  002E  1303               	bcf	3,6	;RP1=0, select bank0
   216  002F  0081               	movwf	1	;volatile
   217                           
   218                           ;main.c: 24: OPTION_REGbits.T0CS = 0;
   219  0030  1683               	bsf	3,5	;RP0=1, select bank1
   220  0031  1303               	bcf	3,6	;RP1=0, select bank1
   221  0032  1281               	bcf	1,5	;volatile
   222                           
   223                           ;main.c: 25: OPTION_REGbits.PSA = 0;
   224  0033  1181               	bcf	1,3	;volatile
   225                           
   226                           ;main.c: 26: OPTION_REGbits.PS2 = 1;
   227  0034  1501               	bsf	1,2	;volatile
   228                           
   229                           ;main.c: 27: OPTION_REGbits.PS1 = 1;
   230  0035  1481               	bsf	1,1	;volatile
   231                           
   232                           ;main.c: 28: OPTION_REGbits.PS0 = 1;
   233  0036  1401               	bsf	1,0	;volatile
   234                           
   235                           ;main.c: 30: INTCONbits.T0IE = 1;
   236  0037  168B               	bsf	11,5	;volatile
   237                           
   238                           ;main.c: 31: INTCONbits.T0IF = 0;
   239  0038  110B               	bcf	11,2	;volatile
   240  0039  0008               	return
   241  003A                     __end_of_timer0Init:	
   242                           
   243                           	psect	text2
   244  0040                     __ptext2:	
   245 ;; *************** function _interruptInit *****************
   246 ;; Defined at:
   247 ;;		line 34 in file "main.c"
   248 ;; Parameters:    Size  Location     Type
   249 ;;		None
   250 ;; Auto vars:     Size  Location     Type
   251 ;;		None
   252 ;; Return value:  Size  Location     Type
   253 ;;		None               void
   254 ;; Registers used:
   255 ;;		None
   256 ;; Tracked objects:
   257 ;;		On entry : 0/0
   258 ;;		On exit  : 0/0
   259 ;;		Unchanged: 0/0
   260 ;; Data sizes:     COMMON   BANK0   BANK1   BANK2
   261 ;;      Params:         0       0       0       0
   262 ;;      Locals:         0       0       0       0
   263 ;;      Temps:          0       0       0       0
   264 ;;      Totals:         0       0       0       0
   265 ;;Total ram usage:        0 bytes
   266 ;; Hardware stack levels used:    1
   267 ;; Hardware stack levels required when called:    1
   268 ;; This function calls:
   269 ;;		Nothing
   270 ;; This function is called by:
   271 ;;		_main
   272 ;; This function uses a non-reentrant model
   273 ;;
   274                           
   275                           
   276                           ;psect for function _interruptInit
   277  0040                     _interruptInit:	
   278                           
   279                           ;main.c: 35: INTCONbits.GIE = 1;
   280                           
   281                           ;incstack = 0
   282                           ; Regs used in _interruptInit: []
   283  0040  178B               	bsf	11,7	;volatile
   284  0041  0008               	return
   285  0042                     __end_of_interruptInit:	
   286                           
   287                           	psect	text3
   288  0015                     __ptext3:	
   289 ;; *************** function _ISR *****************
   290 ;; Defined at:
   291 ;;		line 46 in file "main.c"
   292 ;; Parameters:    Size  Location     Type
   293 ;;		None
   294 ;; Auto vars:     Size  Location     Type
   295 ;;		None
   296 ;; Return value:  Size  Location     Type
   297 ;;		None               void
   298 ;; Registers used:
   299 ;;		wreg, status,2, status,0
   300 ;; Tracked objects:
   301 ;;		On entry : 0/0
   302 ;;		On exit  : 0/0
   303 ;;		Unchanged: 0/0
   304 ;; Data sizes:     COMMON   BANK0   BANK1   BANK2
   305 ;;      Params:         0       0       0       0
   306 ;;      Locals:         0       0       0       0
   307 ;;      Temps:          4       0       0       0
   308 ;;      Totals:         4       0       0       0
   309 ;;Total ram usage:        4 bytes
   310 ;; Hardware stack levels used:    1
   311 ;; This function calls:
   312 ;;		Nothing
   313 ;; This function is called by:
   314 ;;		Interrupt level 1
   315 ;; This function uses a non-reentrant model
   316 ;;
   317                           
   318                           
   319                           ;psect for function _ISR
   320  0015                     _ISR:	
   321                           
   322                           ;main.c: 47: if (INTCONbits.T0IF) {
   323  0015  1D0B               	btfss	11,2	;volatile
   324  0016  2821               	goto	i1l30
   325                           
   326                           ;main.c: 48: INTCONbits.T0IF = 0;
   327  0017  110B               	bcf	11,2	;volatile
   328                           
   329                           ;main.c: 49: TMR0 = timer0Value;
   330  0018  0874               	movf	_timer0Value,w
   331  0019  0081               	movwf	1	;volatile
   332                           
   333                           ;main.c: 50: PORTB = ~PORTBbits.RB0;
   334  001A  1003               	clrc
   335  001B  1C06               	btfss	6,0	;volatile
   336  001C  1403               	setc
   337  001D  3000               	movlw	0
   338  001E  1803               	btfsc	3,0
   339  001F  3001               	movlw	1
   340  0020  0086               	movwf	6	;volatile
   341  0021                     i1l30:	
   342  0021  0873               	movf	??_ISR+3,w
   343  0022  00FF               	movwf	127
   344  0023  0872               	movf	??_ISR+2,w
   345  0024  008A               	movwf	10
   346  0025  0871               	movf	??_ISR+1,w
   347  0026  0084               	movwf	4
   348  0027  0E70               	swapf	??_ISR^(0+-128),w
   349  0028  0083               	movwf	3
   350  0029  0EFE               	swapf	126,f
   351  002A  0E7E               	swapf	126,w
   352  002B  0009               	retfie
   353  002C                     __end_of_ISR:	
   354  007E                     btemp	set	126	;btemp
   355  007E                     wtemp	set	126
   356  007E                     wtemp0	set	126
   357  0080                     wtemp1	set	128
   358  0082                     wtemp2	set	130
   359  0084                     wtemp3	set	132
   360  0086                     wtemp4	set	134
   361  0088                     wtemp5	set	136
   362  007F                     wtemp6	set	127
   363  007E                     ttemp	set	126
   364  007E                     ttemp0	set	126
   365  0081                     ttemp1	set	129
   366  0084                     ttemp2	set	132
   367  0087                     ttemp3	set	135
   368  007F                     ttemp4	set	127
   369  007E                     ltemp	set	126
   370  007E                     ltemp0	set	126
   371  0082                     ltemp1	set	130
   372  0086                     ltemp2	set	134
   373  0080                     ltemp3	set	128
   374                           
   375                           	psect	intentry
   376  0004                     __pintentry:	
   377                           ;incstack = 0
   378                           ; Regs used in _ISR: [wreg+status,2+status,0]
   379                           
   380  0004                     interrupt_function:	
   381  007E                     saved_w	set	btemp
   382  0004  00FE               	movwf	btemp
   383  0005  0E03               	swapf	3,w
   384  0006  00F0               	movwf	??_ISR
   385  0007  0804               	movf	4,w
   386  0008  00F1               	movwf	??_ISR+1
   387  0009  080A               	movf	10,w
   388  000A  00F2               	movwf	??_ISR+2
   389  000B  1283               	bcf	3,5	;RP0=0, select bank0
   390  000C  1303               	bcf	3,6	;RP1=0, select bank0
   391  000D  087F               	movf	btemp+1,w
   392  000E  00F3               	movwf	??_ISR+3
   393  000F  2815               	ljmp	_ISR


Data Sizes:
    Strings     0
    Constant    0
    Data        1
    BSS         0
    Persistent  0
    Stack       0

Auto Spaces:
    Space          Size  Autos    Used
    COMMON           14      4       5
    BANK0            80      0       0
    BANK1            80      0       0
    BANK2            48      0       0

Pointer List with Targets:

    None.

Critical Paths under _main in COMMON

    None.

Critical Paths under _ISR in COMMON

    None.

Critical Paths under _main in BANK0

    None.

Critical Paths under _ISR in BANK0

    None.

Critical Paths under _main in BANK1

    None.

Critical Paths under _ISR in BANK1

    None.

Critical Paths under _main in BANK2

    None.

Critical Paths under _ISR in BANK2

    None.

Call Graph Tables:

 ---------------------------------------------------------------------------------
 (Depth) Function   	        Calls       Base Space   Used Autos Params    Refs
 ---------------------------------------------------------------------------------
 (0) _main                                                 0     0      0       0
                      _interruptInit
                         _timer0Init
 ---------------------------------------------------------------------------------
 (1) _timer0Init                                           0     0      0       0
 ---------------------------------------------------------------------------------
 (1) _interruptInit                                        0     0      0       0
 ---------------------------------------------------------------------------------
 Estimated maximum stack depth 1
 ---------------------------------------------------------------------------------
 (Depth) Function   	        Calls       Base Space   Used Autos Params    Refs
 ---------------------------------------------------------------------------------
 (2) _ISR                                                  4     4      0       0
                                              0 COMMON     4     4      0
 ---------------------------------------------------------------------------------
 Estimated maximum stack depth 2
 ---------------------------------------------------------------------------------

 Call Graph Graphs:

 _main (ROOT)
   _interruptInit
   _timer0Init

 _ISR (ROOT)

 Address spaces:
Name               Size   Autos  Total    Cost      Usage
SFR3                 0      0       0       4        0.0%
BITSFR3              0      0       0       4        0.0%
BANK2               30      0       0       9        0.0%
BITBANK2            30      0       0       8        0.0%
SFR2                 0      0       0       5        0.0%
BITSFR2              0      0       0       5        0.0%
BANK1               50      0       0       7        0.0%
BITBANK1            50      0       0       6        0.0%
SFR1                 0      0       0       2        0.0%
BITSFR1              0      0       0       2        0.0%
BANK0               50      0       0       3        0.0%
BITBANK0            50      0       0       5        0.0%
SFR0                 0      0       0       1        0.0%
BITSFR0              0      0       0       1        0.0%
COMMON               E      4       5       1       35.7%
BITCOMMON            E      0       0       0        0.0%
CODE                 0      0       0       0        0.0%
DATA                 0      0       5      10        0.0%
ABS                  0      0       5       4        0.0%
NULL                 0      0       0       0        0.0%
STACK                0      0       0       2        0.0%
EEDATA              80      0       0       0        0.0%


Microchip Technology PIC Macro Assembler V1.33 build 59893 
Symbol Table                                                                                   Mon Jan 05 20:20:28 2015

  __end_of_interruptInit 0042              __CFG_CP$OFF 0000                       l23 003F  
           __CFG_CPD$OFF 0000                      _ISR 0015                      fsr0 0004  
           __CFG_LVP$OFF 0000                     ?_ISR 0070                     i1l30 0021  
                   _TMR0 0001                     _main 003A                     btemp 007E  
          __CFG_BOREN$ON 0000                     ltemp 007E                     start 0010  
                   ttemp 007E                     wtemp 007E            __CFG_MCLRE$ON 0000  
                  ??_ISR 0070                    ?_main 0070            __CFG_WDTE$OFF 0000  
                  _PORTB 0006            __CFG_PWRTE$ON 0000                    pclath 000A  
                  ltemp0 007E                    ltemp1 0082                    ltemp2 0086  
                  ltemp3 0080                    ttemp0 007E                    ttemp1 0081  
                  ttemp2 0084                    ttemp3 0087                    ttemp4 007F  
                  status 0003                    wtemp0 007E                    wtemp1 0080  
                  wtemp2 0082                    wtemp3 0084                    wtemp4 0086  
                  wtemp5 0088                    wtemp6 007F          __initialization 0011  
           __end_of_main 0040                   ??_main 0074                   _TRISB0 0430  
           __pdataCOMMON 0074                   saved_w 007E  __end_of__initialization 0013  
         __pcstackCOMMON 0070           _OPTION_REGbits 0081               __pmaintext 003A  
             __pintentry 0004   __size_of_interruptInit 0002                  __ptext1 002C  
                __ptext2 0040                  __ptext3 0015             __size_of_ISR 0017  
   end_of_initialization 0013               _timer0Init 002C            _interruptInit 0040  
              _PORTBbits 0006           ?_interruptInit 0070            __pidataCOMMON 0042  
    start_initialization 0011              __end_of_ISR 002C              ?_timer0Init 0070  
              ___latbits 0000          ??_interruptInit 0074      __size_of_timer0Init 000E  
      interrupt_function 0004            __size_of_main 0006             ??_timer0Init 0074  
             _INTCONbits 000B       __end_of_timer0Init 003A                 intlevel1 0000  
            _timer0Value 0074       __CFG_FOSC$INTOSCIO 0000  
