

Microchip Technology PIC18 LITE Macro Assembler V1.33 build 59893 
                                                                                               Mon Jan 12 10:00:53 2015

Microchip Technology Omniscient Code Generator (Lite mode) build 59893
     1                           	processor	18F45K22
     2                           	fnconf	rparam,??,?,0
     3                           	opt	pw 120
     4                           	opt	lm
     5                           	psect	idataCOMRAM,global,class=CODE,delta=1
     6                           	psect	cinit,global,reloc=2,class=CODE,delta=1
     7                           	psect	dataCOMRAM,global,class=COMRAM,space=1,delta=1
     8                           	psect	cstackCOMRAM,global,class=COMRAM,space=1,delta=1
     9                           	psect	text0,global,reloc=2,class=CODE,delta=1
    10                           	psect	text1,global,reloc=2,class=CODE,delta=1
    11                           	psect	text2,global,reloc=2,class=CODE,delta=1
    12                           	psect	text3,global,reloc=2,class=CODE,delta=1
    13                           	psect	text4,global,reloc=2,class=CODE,delta=1
    14                           	psect	intcode,global,reloc=2,class=CODE,delta=1
    15                           	psect	intsave_regs,global,class=BIGRAM,space=1,delta=1
    16                           	psect	rparam,global,class=COMRAM,space=1,delta=1
    17  0000                     
    18                           	psect	idataCOMRAM
    19  000114                     __pidataCOMRAM:
    20                           	opt stack 0
    21                           
    22                           ;initializer for ISR@tmr0Counter
    23  000114  0001               	dw	1
    24  0000                     _INTCON	set	4082
    25  0000                     _INTCON2	set	4081
    26  0000                     _OSCTUNE	set	3995
    27  0000                     _PORTA	set	3968
    28  0000                     _PORTB	set	3969
    29  0000                     _PORTC	set	3970
    30  0000                     _PORTD	set	3971
    31  0000                     _PORTE	set	3972
    32  0000                     _RCON	set	4048
    33  0000                     _T0CON	set	4053
    34  0000                     _TMR0L	set	4054
    35  0000                     _TRISA	set	3986
    36  0000                     _TRISB	set	3987
    37                           
    38                           ; #config settings
    39  0000                     
    40                           	psect	cinit
    41  0000A4                     __pcinit:
    42                           	opt stack 0
    43  0000A4                     start_initialization:
    44                           	opt stack 0
    45  0000A4                     __initialization:
    46                           	opt stack 0
    47                           
    48                           ; Initialize objects allocated to COMRAM (2 bytes)
    49                           ; load TBLPTR registers with __pidataCOMRAM
    50  0000A4  0E14               	movlw	low __pidataCOMRAM
    51  0000A6  6EF6               	movwf	tblptrl,c
    52  0000A8  0E01               	movlw	high __pidataCOMRAM
    53  0000AA  6EF7               	movwf	tblptrh,c
    54  0000AC  0E00               	movlw	low (__pidataCOMRAM shr (0+16))
    55  0000AE  6EF8               	movwf	tblptru,c
    56  0000B0  0009               	tblrd		*+	;fetch initializer
    57  0000B2  CFF5 F00F          	movff	tablat,__pdataCOMRAM
    58  0000B6  0009               	tblrd		*+	;fetch initializer
    59  0000B8  CFF5 F010          	movff	tablat,__pdataCOMRAM+1
    60  0000BC                     end_of_initialization:
    61                           	opt stack 0
    62  0000BC                     __end_of__initialization:
    63                           	opt stack 0
    64  0000BC  0100               	movlb	0
    65  0000BE  EF70  F000         	goto	_main	;jump to C main() function
    66                           tblptru	equ	0xFF8
    67                           tblptrh	equ	0xFF7
    68                           tblptrl	equ	0xFF6
    69                           tablat	equ	0xFF5
    70                           
    71                           	psect	dataCOMRAM
    72  00000F                     __pdataCOMRAM:
    73                           	opt stack 0
    74  00000F                     ISR@tmr0Counter:
    75                           	opt stack 0
    76  00000F                     	ds	2
    77                           tblptru	equ	0xFF8
    78                           tblptrh	equ	0xFF7
    79                           tblptrl	equ	0xFF6
    80                           tablat	equ	0xFF5
    81                           
    82                           	psect	cstackCOMRAM
    83  000001                     __pcstackCOMRAM:
    84                           	opt stack 0
    85  000001                     ??_ISR:
    86  000001                     
    87                           ; 2 bytes @ 0x0
    88  000001                     	ds	14
    89  00000F                     tblptru	equ	0xFF8
    90                           tblptrh	equ	0xFF7
    91                           tblptrl	equ	0xFF6
    92                           tablat	equ	0xFF5
    93                           
    94                           ; 0 bytes @ 0xE
    95 ;;
    96 ;;Main: autosize = 0, tempsize = 0, incstack = 0, save=0
    97 ;;
    98 ;; *************** function _main *****************
    99 ;; Defined at:
   100 ;;		line 21 in file "main.c"
   101 ;; Parameters:    Size  Location     Type
   102 ;;		None
   103 ;; Auto vars:     Size  Location     Type
   104 ;;		None
   105 ;; Return value:  Size  Location     Type
   106 ;;                  2   36[COMRAM] int 
   107 ;; Registers used:
   108 ;;		wreg, status,2, status,0, cstack
   109 ;; Tracked objects:
   110 ;;		On entry : 0/0
   111 ;;		On exit  : 0/0
   112 ;;		Unchanged: 0/0
   113 ;; Data sizes:     COMRAM   BANK0   BANK1   BANK2   BANK3   BANK4   BANK5
   114 ;;      Params:         0       0       0       0       0       0       0
   115 ;;      Locals:         0       0       0       0       0       0       0
   116 ;;      Temps:          0       0       0       0       0       0       0
   117 ;;      Totals:         0       0       0       0       0       0       0
   118 ;;Total ram usage:        0 bytes
   119 ;; Hardware stack levels required when called:    2
   120 ;; This function calls:
   121 ;;		_generalConfig
   122 ;;		_interruptConfig
   123 ;;		_ledBlockConfig
   124 ;;		_timer0Init
   125 ;; This function is called by:
   126 ;;		Startup code after reset
   127 ;; This function uses a non-reentrant model
   128 ;;
   129                           
   130                           	psect	text0
   131  0000E0                     __ptext0:
   132                           	opt stack 0
   133  0000E0                     _main:
   134                           	opt stack 29
   135                           
   136                           ;main.c: 22: generalConfig();
   137                           
   138                           ;incstack = 0
   139  0000E0  EC61  F000         	call	_generalConfig	;wreg free
   140                           
   141                           ;main.c: 23: ledBlockConfig();
   142  0000E4  EC86  F000         	call	_ledBlockConfig	;wreg free
   143                           
   144                           ;main.c: 24: interruptConfig();
   145  0000E8  EC80  F000         	call	_interruptConfig	;wreg free
   146                           
   147                           ;main.c: 25: timer0Init();
   148  0000EC  EC79  F000         	call	_timer0Init	;wreg free
   149  0000F0                     l37:
   150  0000F0  D7FF               	goto	l37
   151  0000F2                     __end_of_main:
   152                           	opt stack 0
   153                           tblptru	equ	0xFF8
   154                           tblptrh	equ	0xFF7
   155                           tblptrl	equ	0xFF6
   156                           tablat	equ	0xFF5
   157                           
   158 ;; *************** function _timer0Init *****************
   159 ;; Defined at:
   160 ;;		line 57 in file "main.c"
   161 ;; Parameters:    Size  Location     Type
   162 ;;		None
   163 ;; Auto vars:     Size  Location     Type
   164 ;;		None
   165 ;; Return value:  Size  Location     Type
   166 ;;		None               void
   167 ;; Registers used:
   168 ;;		wreg, status,2, status,0
   169 ;; Tracked objects:
   170 ;;		On entry : 0/0
   171 ;;		On exit  : 0/0
   172 ;;		Unchanged: 0/0
   173 ;; Data sizes:     COMRAM   BANK0   BANK1   BANK2   BANK3   BANK4   BANK5
   174 ;;      Params:         0       0       0       0       0       0       0
   175 ;;      Locals:         0       0       0       0       0       0       0
   176 ;;      Temps:          0       0       0       0       0       0       0
   177 ;;      Totals:         0       0       0       0       0       0       0
   178 ;;Total ram usage:        0 bytes
   179 ;; Hardware stack levels used:    1
   180 ;; Hardware stack levels required when called:    1
   181 ;; This function calls:
   182 ;;		Nothing
   183 ;; This function is called by:
   184 ;;		_main
   185 ;; This function uses a non-reentrant model
   186 ;;
   187                           
   188                           	psect	text1
   189  0000F2                     __ptext1:
   190                           	opt stack 0
   191  0000F2                     _timer0Init:
   192                           	opt stack 29
   193                           
   194                           ;main.c: 59: T0CON |= (1 << 6);
   195                           
   196                           ;incstack = 0
   197  0000F2  8CD5               	bsf	4053,6,c	;volatile
   198                           
   199                           ;main.c: 60: T0CON &= ~(1 << 3 | 0b111 << 0 | 1 << 5);
   200  0000F4  0ED0               	movlw	208
   201  0000F6  16D5               	andwf	4053,f,c	;volatile
   202                           
   203                           ;main.c: 61: TMR0L = 0;
   204  0000F8  0E00               	movlw	0
   205  0000FA  6ED6               	movwf	4054,c	;volatile
   206                           
   207                           ;main.c: 62: T0CON |= (1 << 7);
   208  0000FC  8ED5               	bsf	4053,7,c	;volatile
   209  0000FE  0012               	return	
   210  000100                     __end_of_timer0Init:
   211                           	opt stack 0
   212                           tblptru	equ	0xFF8
   213                           tblptrh	equ	0xFF7
   214                           tblptrl	equ	0xFF6
   215                           tablat	equ	0xFF5
   216                           
   217 ;; *************** function _ledBlockConfig *****************
   218 ;; Defined at:
   219 ;;		line 45 in file "main.c"
   220 ;; Parameters:    Size  Location     Type
   221 ;;		None
   222 ;; Auto vars:     Size  Location     Type
   223 ;;		None
   224 ;; Return value:  Size  Location     Type
   225 ;;		None               void
   226 ;; Registers used:
   227 ;;		wreg, status,2
   228 ;; Tracked objects:
   229 ;;		On entry : 0/0
   230 ;;		On exit  : 0/0
   231 ;;		Unchanged: 0/0
   232 ;; Data sizes:     COMRAM   BANK0   BANK1   BANK2   BANK3   BANK4   BANK5
   233 ;;      Params:         0       0       0       0       0       0       0
   234 ;;      Locals:         0       0       0       0       0       0       0
   235 ;;      Temps:          0       0       0       0       0       0       0
   236 ;;      Totals:         0       0       0       0       0       0       0
   237 ;;Total ram usage:        0 bytes
   238 ;; Hardware stack levels used:    1
   239 ;; Hardware stack levels required when called:    1
   240 ;; This function calls:
   241 ;;		Nothing
   242 ;; This function is called by:
   243 ;;		_main
   244 ;; This function uses a non-reentrant model
   245 ;;
   246                           
   247                           	psect	text2
   248  00010C                     __ptext2:
   249                           	opt stack 0
   250  00010C                     _ledBlockConfig:
   251                           	opt stack 29
   252                           
   253                           ;main.c: 46: TRISB &= ~((0xFF << 0));
   254                           
   255                           ;incstack = 0
   256  00010C  0E00               	movlw	0
   257  00010E  6E93               	movwf	3987,c	;volatile
   258                           
   259                           ;main.c: 47: PORTB |= ((0xFF << 0));
   260  000110  6881               	setf	3969,c	;volatile
   261  000112  0012               	return	
   262  000114                     __end_of_ledBlockConfig:
   263                           	opt stack 0
   264                           tblptru	equ	0xFF8
   265                           tblptrh	equ	0xFF7
   266                           tblptrl	equ	0xFF6
   267                           tablat	equ	0xFF5
   268                           
   269 ;; *************** function _interruptConfig *****************
   270 ;; Defined at:
   271 ;;		line 50 in file "main.c"
   272 ;; Parameters:    Size  Location     Type
   273 ;;		None
   274 ;; Auto vars:     Size  Location     Type
   275 ;;		None
   276 ;; Return value:  Size  Location     Type
   277 ;;		None               void
   278 ;; Registers used:
   279 ;;		wreg, status,2, status,0
   280 ;; Tracked objects:
   281 ;;		On entry : 0/0
   282 ;;		On exit  : 0/0
   283 ;;		Unchanged: 0/0
   284 ;; Data sizes:     COMRAM   BANK0   BANK1   BANK2   BANK3   BANK4   BANK5
   285 ;;      Params:         0       0       0       0       0       0       0
   286 ;;      Locals:         0       0       0       0       0       0       0
   287 ;;      Temps:          0       0       0       0       0       0       0
   288 ;;      Totals:         0       0       0       0       0       0       0
   289 ;;Total ram usage:        0 bytes
   290 ;; Hardware stack levels used:    1
   291 ;; Hardware stack levels required when called:    1
   292 ;; This function calls:
   293 ;;		Nothing
   294 ;; This function is called by:
   295 ;;		_main
   296 ;; This function uses a non-reentrant model
   297 ;;
   298                           
   299                           	psect	text3
   300  000100                     __ptext3:
   301                           	opt stack 0
   302  000100                     _interruptConfig:
   303                           	opt stack 29
   304                           
   305                           ;main.c: 51: RCON |= (1 << 7);
   306                           
   307                           ;incstack = 0
   308  000100  8ED0               	bsf	4048,7,c	;volatile
   309                           
   310                           ;main.c: 52: INTCON |= (1 << 7 | 1 << 6 | 1 << 5);
   311  000102  0EE0               	movlw	224
   312  000104  12F2               	iorwf	intcon,f,c	;volatile
   313                           
   314                           ;main.c: 53: INTCON &= ~(1 << 2);
   315  000106  94F2               	bcf	intcon,2,c	;volatile
   316                           
   317                           ;main.c: 54: INTCON2 |= (1 << 2);
   318  000108  84F1               	bsf	intcon2,2,c	;volatile
   319  00010A  0012               	return	
   320  00010C                     __end_of_interruptConfig:
   321                           	opt stack 0
   322                           tblptru	equ	0xFF8
   323                           tblptrh	equ	0xFF7
   324                           tblptrl	equ	0xFF6
   325                           tablat	equ	0xFF5
   326                           intcon	equ	0xFF2
   327                           intcon2	equ	0xFF1
   328                           
   329 ;; *************** function _generalConfig *****************
   330 ;; Defined at:
   331 ;;		line 30 in file "main.c"
   332 ;; Parameters:    Size  Location     Type
   333 ;;		None
   334 ;; Auto vars:     Size  Location     Type
   335 ;;		None
   336 ;; Return value:  Size  Location     Type
   337 ;;		None               void
   338 ;; Registers used:
   339 ;;		wreg, status,2, status,0
   340 ;; Tracked objects:
   341 ;;		On entry : 0/0
   342 ;;		On exit  : 0/0
   343 ;;		Unchanged: 0/0
   344 ;; Data sizes:     COMRAM   BANK0   BANK1   BANK2   BANK3   BANK4   BANK5
   345 ;;      Params:         0       0       0       0       0       0       0
   346 ;;      Locals:         0       0       0       0       0       0       0
   347 ;;      Temps:          0       0       0       0       0       0       0
   348 ;;      Totals:         0       0       0       0       0       0       0
   349 ;;Total ram usage:        0 bytes
   350 ;; Hardware stack levels used:    1
   351 ;; Hardware stack levels required when called:    1
   352 ;; This function calls:
   353 ;;		Nothing
   354 ;; This function is called by:
   355 ;;		_main
   356 ;; This function uses a non-reentrant model
   357 ;;
   358                           
   359                           	psect	text4
   360  0000C2                     __ptext4:
   361                           	opt stack 0
   362  0000C2                     _generalConfig:
   363                           	opt stack 29
   364                           
   365                           ;main.c: 36: OSCTUNE &= (1 << 6);
   366                           
   367                           ;incstack = 0
   368  0000C2  0E40               	movlw	64
   369  0000C4  169B               	andwf	3995,f,c	;volatile
   370                           
   371                           ;main.c: 37: TRISA &= ~(0xFF << 0);
   372  0000C6  0E00               	movlw	0
   373  0000C8  6E92               	movwf	3986,c	;volatile
   374                           
   375                           ;main.c: 38: PORTA &= ~(0xFF << 0);
   376  0000CA  0E00               	movlw	0
   377  0000CC  6E80               	movwf	3968,c	;volatile
   378                           
   379                           ;main.c: 39: PORTB &= ~(0xFF << 0);
   380  0000CE  0E00               	movlw	0
   381  0000D0  6E81               	movwf	3969,c	;volatile
   382                           
   383                           ;main.c: 40: PORTC &= ~(0xFF << 0);
   384  0000D2  0E00               	movlw	0
   385  0000D4  6E82               	movwf	3970,c	;volatile
   386                           
   387                           ;main.c: 41: PORTD &= ~(0xFF << 0);
   388  0000D6  0E00               	movlw	0
   389  0000D8  6E83               	movwf	3971,c	;volatile
   390                           
   391                           ;main.c: 42: PORTE &= ~(0xFF << 0);
   392  0000DA  0E00               	movlw	0
   393  0000DC  6E84               	movwf	3972,c	;volatile
   394  0000DE  0012               	return	
   395  0000E0                     __end_of_generalConfig:
   396                           	opt stack 0
   397                           tblptru	equ	0xFF8
   398                           tblptrh	equ	0xFF7
   399                           tblptrl	equ	0xFF6
   400                           tablat	equ	0xFF5
   401                           intcon	equ	0xFF2
   402                           intcon2	equ	0xFF1
   403                           
   404 ;; *************** function _ISR *****************
   405 ;; Defined at:
   406 ;;		line 65 in file "main.c"
   407 ;; Parameters:    Size  Location     Type
   408 ;;		None
   409 ;; Auto vars:     Size  Location     Type
   410 ;;		None
   411 ;; Return value:  Size  Location     Type
   412 ;;		None               void
   413 ;; Registers used:
   414 ;;		wreg, status,2, status,0
   415 ;; Tracked objects:
   416 ;;		On entry : 0/0
   417 ;;		On exit  : 0/0
   418 ;;		Unchanged: 0/0
   419 ;; Data sizes:     COMRAM   BANK0   BANK1   BANK2   BANK3   BANK4   BANK5
   420 ;;      Params:         0       0       0       0       0       0       0
   421 ;;      Locals:         0       0       0       0       0       0       0
   422 ;;      Temps:         14       0       0       0       0       0       0
   423 ;;      Totals:        14       0       0       0       0       0       0
   424 ;;Total ram usage:       14 bytes
   425 ;; Hardware stack levels used:    1
   426 ;; This function calls:
   427 ;;		Nothing
   428 ;; This function is called by:
   429 ;;		Interrupt level 2
   430 ;; This function uses a non-reentrant model
   431 ;;
   432                           
   433                           	psect	intcode
   434  000008                     __pintcode:
   435                           	opt stack 0
   436  000008                     _ISR:
   437                           	opt stack 29
   438                           
   439                           ;incstack = 0
   440  000008  CFFA F001          	movff	pclath,??_ISR
   441  00000C  CFFB F002          	movff	pclatu,??_ISR+1
   442  000010  CFE9 F003          	movff	fsr0l,??_ISR+2
   443  000014  CFEA F004          	movff	fsr0h,??_ISR+3
   444  000018  CFE1 F005          	movff	fsr1l,??_ISR+4
   445  00001C  CFE2 F006          	movff	fsr1h,??_ISR+5
   446  000020  CFD9 F007          	movff	fsr2l,??_ISR+6
   447  000024  CFDA F008          	movff	fsr2h,??_ISR+7
   448  000028  CFF3 F009          	movff	prodl,??_ISR+8
   449  00002C  CFF4 F00A          	movff	prodh,??_ISR+9
   450  000030  CFF6 F00B          	movff	tblptrl,??_ISR+10
   451  000034  CFF7 F00C          	movff	tblptrh,??_ISR+11
   452  000038  CFF8 F00D          	movff	tblptru,??_ISR+12
   453  00003C  CFF5 F00E          	movff	tablat,??_ISR+13
   454                           
   455                           ;main.c: 66: static uint16_t tmr0Counter = 1;
   456                           ;main.c: 67: if (INTCON & (1 << 2)) {
   457  000040  A4F2               	btfss	intcon,2,c	;volatile
   458  000042  D011               	goto	i2l59
   459                           
   460                           ;main.c: 69: if (tmr0Counter >= 31372) {
   461  000044  0E8C               	movlw	140
   462  000046  5C0F               	subwf	ISR@tmr0Counter,w,c
   463  000048  0E7A               	movlw	122
   464  00004A  5810               	subwfb	ISR@tmr0Counter+1,w,c
   465  00004C  A0D8               	btfss	status,0,c
   466  00004E  D006               	goto	i2l685
   467                           
   468                           ;main.c: 70: PORTB ^= ((0xFF << 0));
   469  000050  0EFF               	movlw	255
   470  000052  1A81               	xorwf	3969,f,c	;volatile
   471                           
   472                           ;main.c: 71: tmr0Counter = 0;
   473  000054  0E00               	movlw	0
   474  000056  6E10               	movwf	ISR@tmr0Counter+1,c
   475  000058  0E00               	movlw	0
   476  00005A  6E0F               	movwf	ISR@tmr0Counter,c
   477  00005C                     i2l685:
   478                           
   479                           ;main.c: 72: }
   480                           ;main.c: 73: TMR0L = 0;
   481  00005C  0E00               	movlw	0
   482  00005E  6ED6               	movwf	4054,c	;volatile
   483                           
   484                           ;main.c: 74: INTCON &= ~(1 << 2);
   485  000060  94F2               	bcf	intcon,2,c	;volatile
   486                           
   487                           ;main.c: 75: tmr0Counter++;
   488  000062  4A0F               	infsnz	ISR@tmr0Counter,f,c
   489  000064  2A10               	incf	ISR@tmr0Counter+1,f,c
   490  000066                     i2l59:
   491  000066  C00E  FFF5         	movff	??_ISR+13,tablat
   492  00006A  C00D  FFF8         	movff	??_ISR+12,tblptru
   493  00006E  C00C  FFF7         	movff	??_ISR+11,tblptrh
   494  000072  C00B  FFF6         	movff	??_ISR+10,tblptrl
   495  000076  C00A  FFF4         	movff	??_ISR+9,prodh
   496  00007A  C009  FFF3         	movff	??_ISR+8,prodl
   497  00007E  C008  FFDA         	movff	??_ISR+7,fsr2h
   498  000082  C007  FFD9         	movff	??_ISR+6,fsr2l
   499  000086  C006  FFE2         	movff	??_ISR+5,fsr1h
   500  00008A  C005  FFE1         	movff	??_ISR+4,fsr1l
   501  00008E  C004  FFEA         	movff	??_ISR+3,fsr0h
   502  000092  C003  FFE9         	movff	??_ISR+2,fsr0l
   503  000096  C002  FFFB         	movff	??_ISR+1,pclatu
   504  00009A  C001  FFFA         	movff	??_ISR,pclath
   505  00009E  0011               	retfie		f
   506  0000A0                     __end_of_ISR:
   507                           	opt stack 0
   508  0000                     pclatu	equ	0xFFB
   509                           pclath	equ	0xFFA
   510                           tblptru	equ	0xFF8
   511                           tblptrh	equ	0xFF7
   512                           tblptrl	equ	0xFF6
   513                           tablat	equ	0xFF5
   514                           prodh	equ	0xFF4
   515                           prodl	equ	0xFF3
   516                           intcon	equ	0xFF2
   517                           intcon2	equ	0xFF1
   518                           fsr0h	equ	0xFEA
   519                           fsr0l	equ	0xFE9
   520                           fsr1h	equ	0xFE2
   521                           fsr1l	equ	0xFE1
   522                           fsr2h	equ	0xFDA
   523                           fsr2l	equ	0xFD9
   524                           status	equ	0xFD8
   525                           pclatu	equ	0xFFB
   526                           pclath	equ	0xFFA
   527                           tblptru	equ	0xFF8
   528                           tblptrh	equ	0xFF7
   529                           tblptrl	equ	0xFF6
   530                           tablat	equ	0xFF5
   531                           prodh	equ	0xFF4
   532                           prodl	equ	0xFF3
   533                           intcon	equ	0xFF2
   534                           intcon2	equ	0xFF1
   535                           fsr0h	equ	0xFEA
   536                           fsr0l	equ	0xFE9
   537                           fsr1h	equ	0xFE2
   538                           fsr1l	equ	0xFE1
   539                           fsr2h	equ	0xFDA
   540                           fsr2l	equ	0xFD9
   541                           status	equ	0xFD8
   542                           
   543                           	psect	rparam
   544  0000                     pclatu	equ	0xFFB
   545                           pclath	equ	0xFFA
   546                           tblptru	equ	0xFF8
   547                           tblptrh	equ	0xFF7
   548                           tblptrl	equ	0xFF6
   549                           tablat	equ	0xFF5
   550                           prodh	equ	0xFF4
   551                           prodl	equ	0xFF3
   552                           intcon	equ	0xFF2
   553                           intcon2	equ	0xFF1
   554                           fsr0h	equ	0xFEA
   555                           fsr0l	equ	0xFE9
   556                           fsr1h	equ	0xFE2
   557                           fsr1l	equ	0xFE1
   558                           fsr2h	equ	0xFDA
   559                           fsr2l	equ	0xFD9
   560                           status	equ	0xFD8


Data Sizes:
    Strings     0
    Constant    0
    Data        2
    BSS         0
    Persistent  0
    Stack       0

Auto Spaces:
    Space          Size  Autos    Used
    COMRAM           95     14      16
    BANK0           160      0       0
    BANK1           256      0       0
    BANK2           256      0       0
    BANK3           256      0       0
    BANK4           256      0       0
    BANK5           256      0       0

Pointer List with Targets:

    None.

Critical Paths under _main in COMRAM

    None.

Critical Paths under _ISR in COMRAM

    None.

Critical Paths under _main in BANK0

    None.

Critical Paths under _ISR in BANK0

    None.

Critical Paths under _main in BANK1

    None.

Critical Paths under _ISR in BANK1

    None.

Critical Paths under _main in BANK2

    None.

Critical Paths under _ISR in BANK2

    None.

Critical Paths under _main in BANK3

    None.

Critical Paths under _ISR in BANK3

    None.

Critical Paths under _main in BANK4

    None.

Critical Paths under _ISR in BANK4

    None.

Critical Paths under _main in BANK5

    None.

Critical Paths under _ISR in BANK5

    None.

Call Graph Tables:

 ---------------------------------------------------------------------------------
 (Depth) Function   	        Calls       Base Space   Used Autos Params    Refs
 ---------------------------------------------------------------------------------
 (0) _main                                                 0     0      0       0
                      _generalConfig
                    _interruptConfig
                     _ledBlockConfig
                         _timer0Init
 ---------------------------------------------------------------------------------
 (1) _timer0Init                                           0     0      0       0
 ---------------------------------------------------------------------------------
 (1) _ledBlockConfig                                       0     0      0       0
 ---------------------------------------------------------------------------------
 (1) _interruptConfig                                      0     0      0       0
 ---------------------------------------------------------------------------------
 (1) _generalConfig                                        0     0      0       0
 ---------------------------------------------------------------------------------
 Estimated maximum stack depth 1
 ---------------------------------------------------------------------------------
 (Depth) Function   	        Calls       Base Space   Used Autos Params    Refs
 ---------------------------------------------------------------------------------
 (2) _ISR                                                 14    14      0       0
                                              0 COMRAM    14    14      0
 ---------------------------------------------------------------------------------
 Estimated maximum stack depth 2
 ---------------------------------------------------------------------------------

 Call Graph Graphs:

 _main (ROOT)
   _generalConfig
   _interruptConfig
   _ledBlockConfig
   _timer0Init

 _ISR (ROOT)

 Address spaces:
Name               Size   Autos  Total    Cost      Usage
BIGRAM             5FF      0       0      16        0.0%
EEDATA             100      0       0       0        0.0%
BITBANK5           100      0       0      14        0.0%
BANK5              100      0       0      15        0.0%
BITBANK4           100      0       0      12        0.0%
BANK4              100      0       0      13        0.0%
BITBANK3           100      0       0      10        0.0%
BANK3              100      0       0      11        0.0%
BITBANK2           100      0       0       7        0.0%
BANK2              100      0       0       8        0.0%
BITBANK1           100      0       0       5        0.0%
BANK1              100      0       0       6        0.0%
BITBANK0            A0      0       0       3        0.0%
BANK0               A0      0       0       4        0.0%
BITCOMRAM           5F      0       0       0        0.0%
COMRAM              5F      E      10       1       16.8%
BITSFR_1             0      0       0      40        0.0%
SFR_1                0      0       0      40        0.0%
BITSFR               0      0       0      40        0.0%
SFR                  0      0       0      40        0.0%
STACK                0      0       0       2        0.0%
NULL                 0      0       0       0        0.0%
ABS                  0      0      10       9        0.0%
DATA                 0      0      10      17        0.0%
CODE                 0      0       0       0        0.0%


Microchip Technology PIC18 Macro Assembler V1.33 build 59893 
Symbol Table                                                                                   Mon Jan 12 10:00:53 2015

                      l37 00F0              __CFG_CP0$OFF 000000              __CFG_CP1$OFF 000000  
            __CFG_CP2$OFF 000000              __CFG_CP3$OFF 000000               __CFG_LVP$ON 000000  
            __CFG_CPB$OFF 000000              __CFG_CPD$OFF 000000                       _ISR 0008  
 __end_of_interruptConfig 010C                      ?_ISR 0001                      i2l59 0066  
                    _RCON 000FD0                      _main 00E0                      fsr0h 000FEA  
                    fsr1h 000FE2                      fsr0l 000FE9                      fsr2h 000FDA  
                    fsr1l 000FE1                      fsr2l 000FD9             __CFG_BORV$190 000000  
                    pclat 000FFA                      prodh 000FF4                      prodl 000FF3  
         ??_generalConfig 000F                      start 00A0             __CFG_IESO$OFF 000000  
                   ??_ISR 0001                     ?_main 0001                     _T0CON 000FD5  
                   i2l685 005C                     _TMR0L 000FD6                     _PORTA 000F80  
                   _PORTB 000F81                     _PORTC 000F82                     _PORTD 000F83  
                   _PORTE 000F84                     _TRISA 000F92                     _TRISB 000F93  
           __CFG_WRT0$OFF 000000             __CFG_WRT1$OFF 000000             __CFG_WRT2$OFF 000000  
           __CFG_WRT3$OFF 000000            __CFG_EBTR0$OFF 000000            __CFG_FCMEN$OFF 000000  
          __CFG_EBTR1$OFF 000000            __CFG_EBTR2$OFF 000000            __CFG_EBTR3$OFF 000000  
           __CFG_WRTB$OFF 000000             __CFG_WRTC$OFF 000000             __CFG_WRTD$OFF 000000  
          __CFG_EBTRB$OFF 000000        __CFG_MCLRE$EXTMCLR 000000                     tablat 000FF5  
                   status 000FD8            __CFG_HFOFST$ON 000000            __CFG_FOSC$HSHP 000000  
         __initialization 00A4              __end_of_main 00F2                    ??_main 000F  
           __activetblptr 000000            __CFG_PLLCFG$ON 000000          ?_interruptConfig 0001  
          __CFG_WDTEN$OFF 000000                    _INTCON 000FF2            __CFG_PWRTEN$ON 000000  
          __CFG_XINST$OFF 000000            __CFG_STVREN$ON 000000              __pdataCOMRAM 000F  
                  tblptrh 000FF7                    tblptrl 000FF6                    tblptru 000FF8  
              __accesstop 0060   __end_of__initialization 00BC           __CFG_PBADEN$OFF 000000  
          __pcstackCOMRAM 0001   __size_of_ledBlockConfig 0008        __CFG_CCP2MX$PORTC1 000000  
      __CFG_CCP3MX$PORTB5 000000                   _INTCON2 000FF1                   _OSCTUNE 000F9B  
          ISR@tmr0Counter 000F                   __Hparam 0000                   __Lparam 0000  
   __end_of_generalConfig 00E0                   __pcinit 00A4                   __ramtop 0600  
                 __ptext0 00E0                   __ptext1 00F2                   __ptext2 010C  
                 __ptext3 0100                   __ptext4 00C2              __size_of_ISR 0098  
    end_of_initialization 00BC                _timer0Init 00F2            _ledBlockConfig 010C  
__size_of_interruptConfig 000C             __pidataCOMRAM 0114    __end_of_ledBlockConfig 0114  
     start_initialization 00A4               __end_of_ISR 00A0               ?_timer0Init 0001  
         ?_ledBlockConfig 0001         ??_interruptConfig 000F                 __pintcode 0008  
        __CFG_PRICLKEN$ON 000000       __size_of_timer0Init 000E          __CFG_WDTPS$32768 000000  
  __size_of_generalConfig 001E                  __Hrparam 0000                  __Lrparam 0000  
      __CFG_BOREN$SBORDIS 000000         __CFG_P2BMX$PORTD2 000000             __size_of_main 0012  
            ??_timer0Init 000F             _generalConfig 00C2          ??_ledBlockConfig 000F  
      __end_of_timer0Init 0100           _interruptConfig 0100                  intlevel2 0000  
          ?_generalConfig 0001         __CFG_T3CMX$PORTC0 000000  
