

Microchip Technology PIC LITE Macro Assembler V1.33 build 59893 
                                                                                               Mon Jan 05 20:08:13 2015

Microchip Technology Omniscient Code Generator (Lite mode) build 59893
     1                           	processor	16F628A
     2                           	opt	pw 120
     3                           	opt	lm
     4                           	psect	idataCOMMON,global,class=CODE,delta=2
     5                           	psect	cinit,global,class=CODE,merge=1,delta=2
     6                           	psect	dataCOMMON,global,class=COMMON,space=1,delta=1
     7                           	psect	cstackCOMMON,global,class=COMMON,space=1,delta=1
     8                           	psect	maintext,global,class=CODE,split=1,delta=2
     9                           	psect	text1,local,class=CODE,merge=1,delta=2
    10                           	psect	text2,local,class=CODE,merge=1,delta=2
    11                           	psect	text3,local,class=CODE,merge=1,delta=2
    12                           	psect	intentry,global,class=CODE,delta=2
    13                           	dabs	1,0x7E,2
    14  0000                     	;# 
    15  0001                     	;# 
    16  0002                     	;# 
    17  0003                     	;# 
    18  0004                     	;# 
    19  0005                     	;# 
    20  0006                     	;# 
    21  000A                     	;# 
    22  000B                     	;# 
    23  000C                     	;# 
    24  000E                     	;# 
    25  000E                     	;# 
    26  000F                     	;# 
    27  0010                     	;# 
    28  0011                     	;# 
    29  0012                     	;# 
    30  0015                     	;# 
    31  0015                     	;# 
    32  0016                     	;# 
    33  0017                     	;# 
    34  0018                     	;# 
    35  0019                     	;# 
    36  001A                     	;# 
    37  001F                     	;# 
    38  0081                     	;# 
    39  0085                     	;# 
    40  0086                     	;# 
    41  008C                     	;# 
    42  008E                     	;# 
    43  0092                     	;# 
    44  0098                     	;# 
    45  0099                     	;# 
    46  009A                     	;# 
    47  009B                     	;# 
    48  009C                     	;# 
    49  009D                     	;# 
    50  009F                     	;# 
    51                           
    52                           	psect	idataCOMMON
    53  004E                     __pidataCOMMON:	
    54                           
    55                           ;initializer for _timer1H
    56  004E  34D8               	retlw	216
    57                           
    58                           ;initializer for _timer1L
    59  004F  34F0               	retlw	240
    60  000B                     _INTCONbits	set	11
    61  000C                     _PIR1bits	set	12
    62  0006                     _PORTB	set	6
    63  0006                     _PORTBbits	set	6
    64  0010                     _T1CONbits	set	16
    65  000F                     _TMR1H	set	15
    66  000E                     _TMR1L	set	14
    67  008E                     _PCONbits	set	142
    68  008C                     _PIE1bits	set	140
    69  0430                     _TRISB0	set	1072
    70                           
    71                           ; #config settings
    72  0000                     
    73                           	psect	cinit
    74  0011                     start_initialization:	
    75  0011                     __initialization:	
    76                           
    77                           ; Initialize objects allocated to COMMON
    78  0011  204E               	fcall	__pidataCOMMON	;fetch initializer
    79  0012  00F4               	movwf	__pdataCOMMON& (0+127)
    80  0013  204F               	fcall	__pidataCOMMON+1	;fetch initializer
    81  0014  00F5               	movwf	(__pdataCOMMON+1)& (0+127)
    82  0015                     end_of_initialization:	
    83                           ;End of C runtime variable initialization code
    84                           
    85  0015                     __end_of__initialization:	
    86  0015  0183               	clrf	3
    87  0016  2845               	ljmp	_main	;jump to C main() function
    88                           
    89                           	psect	dataCOMMON
    90  0074                     __pdataCOMMON:	
    91  0074                     _timer1H:	
    92  0074                     	ds	1
    93  0075                     _timer1L:	
    94  0075                     	ds	1
    95                           
    96                           	psect	cstackCOMMON
    97  0070                     __pcstackCOMMON:	
    98  0070                     ?_timer1Init:	
    99  0070                     ?_interruptInit:	
   100                           ; 0 bytes @ 0x0
   101                           
   102  0070                     ?_ISR:	
   103                           ; 0 bytes @ 0x0
   104                           
   105  0070                     ??_ISR:	
   106                           ; 0 bytes @ 0x0
   107                           
   108  0070                     ?_main:	
   109                           ; 0 bytes @ 0x0
   110                           
   111                           
   112                           ; 2 bytes @ 0x0
   113  0070                     	ds	4
   114  0074                     ??_timer1Init:	
   115  0074                     ??_interruptInit:	
   116                           ; 0 bytes @ 0x4
   117                           
   118  0074                     ??_main:	
   119                           ; 0 bytes @ 0x4
   120                           
   121                           
   122                           	psect	maintext
   123  0045                     __pmaintext:	
   124                           ; 0 bytes @ 0x4
   125 ;;
   126 ;;Main: autosize = 0, tempsize = 0, incstack = 0, save=0
   127 ;;
   128 ;; *************** function _main *****************
   129 ;; Defined at:
   130 ;;		line 43 in file "main.c"
   131 ;; Parameters:    Size  Location     Type
   132 ;;		None
   133 ;; Auto vars:     Size  Location     Type
   134 ;;		None
   135 ;; Return value:  Size  Location     Type
   136 ;;                  2   32[COMMON] int 
   137 ;; Registers used:
   138 ;;		wreg, status,2, status,0, pclath, cstack
   139 ;; Tracked objects:
   140 ;;		On entry : 17F/0
   141 ;;		On exit  : 0/0
   142 ;;		Unchanged: 0/0
   143 ;; Data sizes:     COMMON   BANK0   BANK1   BANK2
   144 ;;      Params:         0       0       0       0
   145 ;;      Locals:         0       0       0       0
   146 ;;      Temps:          0       0       0       0
   147 ;;      Totals:         0       0       0       0
   148 ;;Total ram usage:        0 bytes
   149 ;; Hardware stack levels required when called:    2
   150 ;; This function calls:
   151 ;;		_interruptInit
   152 ;;		_timer1Init
   153 ;; This function is called by:
   154 ;;		Startup code after reset
   155 ;; This function uses a non-reentrant model
   156 ;;
   157                           
   158                           
   159                           ;psect for function _main
   160  0045                     _main:	
   161                           
   162                           ;main.c: 44: TRISB0 = 0;
   163                           
   164                           ;incstack = 0
   165                           ; Regs used in _main: [wreg+status,2+status,0+pclath+cstack]
   166  0045  1683               	bsf	3,5	;RP0=1, select bank1
   167  0046  1303               	bcf	3,6	;RP1=0, select bank1
   168  0047  1006               	bcf	6,0	;volatile
   169                           
   170                           ;main.c: 45: interruptInit();
   171  0048  204B               	fcall	_interruptInit
   172                           
   173                           ;main.c: 46: timer1Init();
   174  0049  2030               	fcall	_timer1Init
   175  004A                     l33:	
   176                           ;main.c: 47: while (1);
   177                           
   178  004A  284A               	goto	l33
   179  004B                     __end_of_main:	
   180                           ;main.c: 48: return 1;
   181                           ;	Return value of _main is never used
   182                           
   183                           
   184                           	psect	text1
   185  0030                     __ptext1:	
   186 ;; *************** function _timer1Init *****************
   187 ;; Defined at:
   188 ;;		line 25 in file "main.c"
   189 ;; Parameters:    Size  Location     Type
   190 ;;		None
   191 ;; Auto vars:     Size  Location     Type
   192 ;;		None
   193 ;; Return value:  Size  Location     Type
   194 ;;		None               void
   195 ;; Registers used:
   196 ;;		wreg
   197 ;; Tracked objects:
   198 ;;		On entry : 0/0
   199 ;;		On exit  : 0/0
   200 ;;		Unchanged: 0/0
   201 ;; Data sizes:     COMMON   BANK0   BANK1   BANK2
   202 ;;      Params:         0       0       0       0
   203 ;;      Locals:         0       0       0       0
   204 ;;      Temps:          0       0       0       0
   205 ;;      Totals:         0       0       0       0
   206 ;;Total ram usage:        0 bytes
   207 ;; Hardware stack levels used:    1
   208 ;; Hardware stack levels required when called:    1
   209 ;; This function calls:
   210 ;;		Nothing
   211 ;; This function is called by:
   212 ;;		_main
   213 ;; This function uses a non-reentrant model
   214 ;;
   215                           
   216                           
   217                           ;psect for function _timer1Init
   218  0030                     _timer1Init:	
   219                           
   220                           ;main.c: 26: PCONbits.OSCF = 1;
   221                           
   222                           ;incstack = 0
   223                           ; Regs used in _timer1Init: [wreg]
   224  0030  1683               	bsf	3,5	;RP0=1, select bank1
   225  0031  1303               	bcf	3,6	;RP1=0, select bank1
   226  0032  158E               	bsf	14,3	;volatile
   227                           
   228                           ;main.c: 27: T1CONbits.TMR1CS = 0;
   229  0033  1283               	bcf	3,5	;RP0=0, select bank0
   230  0034  1303               	bcf	3,6	;RP1=0, select bank0
   231  0035  1090               	bcf	16,1	;volatile
   232                           
   233                           ;main.c: 28: T1CONbits.nT1SYNC = 1;
   234  0036  1510               	bsf	16,2	;volatile
   235                           
   236                           ;main.c: 29: T1CONbits.T1CKPS1 = 1;
   237  0037  1690               	bsf	16,5	;volatile
   238                           
   239                           ;main.c: 30: T1CONbits.T1CKPS0 = 1;
   240  0038  1610               	bsf	16,4	;volatile
   241                           
   242                           ;main.c: 31: PIR1bits.TMR1IF = 0;
   243  0039  100C               	bcf	12,0	;volatile
   244                           
   245                           ;main.c: 32: PIE1bits.TMR1IE = 1;
   246  003A  1683               	bsf	3,5	;RP0=1, select bank1
   247  003B  1303               	bcf	3,6	;RP1=0, select bank1
   248  003C  140C               	bsf	12,0	;volatile
   249                           
   250                           ;main.c: 33: TMR1H = timer1H;
   251  003D  0874               	movf	_timer1H,w
   252  003E  1283               	bcf	3,5	;RP0=0, select bank0
   253  003F  1303               	bcf	3,6	;RP1=0, select bank0
   254  0040  008F               	movwf	15	;volatile
   255                           
   256                           ;main.c: 34: TMR1L = timer1L;
   257  0041  0875               	movf	_timer1L,w
   258  0042  008E               	movwf	14	;volatile
   259                           
   260                           ;main.c: 35: T1CONbits.TMR1ON = 1;
   261  0043  1410               	bsf	16,0	;volatile
   262  0044  0008               	return
   263  0045                     __end_of_timer1Init:	
   264                           
   265                           	psect	text2
   266  004B                     __ptext2:	
   267 ;; *************** function _interruptInit *****************
   268 ;; Defined at:
   269 ;;		line 38 in file "main.c"
   270 ;; Parameters:    Size  Location     Type
   271 ;;		None
   272 ;; Auto vars:     Size  Location     Type
   273 ;;		None
   274 ;; Return value:  Size  Location     Type
   275 ;;		None               void
   276 ;; Registers used:
   277 ;;		None
   278 ;; Tracked objects:
   279 ;;		On entry : 0/0
   280 ;;		On exit  : 0/0
   281 ;;		Unchanged: 0/0
   282 ;; Data sizes:     COMMON   BANK0   BANK1   BANK2
   283 ;;      Params:         0       0       0       0
   284 ;;      Locals:         0       0       0       0
   285 ;;      Temps:          0       0       0       0
   286 ;;      Totals:         0       0       0       0
   287 ;;Total ram usage:        0 bytes
   288 ;; Hardware stack levels used:    1
   289 ;; Hardware stack levels required when called:    1
   290 ;; This function calls:
   291 ;;		Nothing
   292 ;; This function is called by:
   293 ;;		_main
   294 ;; This function uses a non-reentrant model
   295 ;;
   296                           
   297                           
   298                           ;psect for function _interruptInit
   299  004B                     _interruptInit:	
   300                           
   301                           ;main.c: 39: INTCONbits.GIE = 1;
   302                           
   303                           ;incstack = 0
   304                           ; Regs used in _interruptInit: []
   305  004B  178B               	bsf	11,7	;volatile
   306                           
   307                           ;main.c: 40: INTCONbits.PEIE = 1;
   308  004C  170B               	bsf	11,6	;volatile
   309  004D  0008               	return
   310  004E                     __end_of_interruptInit:	
   311                           
   312                           	psect	text3
   313  0017                     __ptext3:	
   314 ;; *************** function _ISR *****************
   315 ;; Defined at:
   316 ;;		line 52 in file "main.c"
   317 ;; Parameters:    Size  Location     Type
   318 ;;		None
   319 ;; Auto vars:     Size  Location     Type
   320 ;;		None
   321 ;; Return value:  Size  Location     Type
   322 ;;		None               void
   323 ;; Registers used:
   324 ;;		wreg, status,2, status,0
   325 ;; Tracked objects:
   326 ;;		On entry : 0/0
   327 ;;		On exit  : 0/0
   328 ;;		Unchanged: 0/0
   329 ;; Data sizes:     COMMON   BANK0   BANK1   BANK2
   330 ;;      Params:         0       0       0       0
   331 ;;      Locals:         0       0       0       0
   332 ;;      Temps:          4       0       0       0
   333 ;;      Totals:         4       0       0       0
   334 ;;Total ram usage:        4 bytes
   335 ;; Hardware stack levels used:    1
   336 ;; This function calls:
   337 ;;		Nothing
   338 ;; This function is called by:
   339 ;;		Interrupt level 1
   340 ;; This function uses a non-reentrant model
   341 ;;
   342                           
   343                           
   344                           ;psect for function _ISR
   345  0017                     _ISR:	
   346                           
   347                           ;main.c: 53: if (PIR1bits.TMR1IF) {
   348  0017  1C0C               	btfss	12,0	;volatile
   349  0018  2825               	goto	i1l40
   350                           
   351                           ;main.c: 54: PIR1bits.TMR1IF = 0;
   352  0019  100C               	bcf	12,0	;volatile
   353                           
   354                           ;main.c: 55: TMR1H = timer1H;
   355  001A  0874               	movf	_timer1H,w
   356  001B  008F               	movwf	15	;volatile
   357                           
   358                           ;main.c: 56: TMR1L = timer1L;
   359  001C  0875               	movf	_timer1L,w
   360  001D  008E               	movwf	14	;volatile
   361                           
   362                           ;main.c: 57: PORTB = ~PORTBbits.RB0;
   363  001E  1003               	clrc
   364  001F  1C06               	btfss	6,0	;volatile
   365  0020  1403               	setc
   366  0021  3000               	movlw	0
   367  0022  1803               	btfsc	3,0
   368  0023  3001               	movlw	1
   369  0024  0086               	movwf	6	;volatile
   370  0025                     i1l40:	
   371  0025  0873               	movf	??_ISR+3,w
   372  0026  00FF               	movwf	127
   373  0027  0872               	movf	??_ISR+2,w
   374  0028  008A               	movwf	10
   375  0029  0871               	movf	??_ISR+1,w
   376  002A  0084               	movwf	4
   377  002B  0E70               	swapf	??_ISR^(0+-128),w
   378  002C  0083               	movwf	3
   379  002D  0EFE               	swapf	126,f
   380  002E  0E7E               	swapf	126,w
   381  002F  0009               	retfie
   382  0030                     __end_of_ISR:	
   383  007E                     btemp	set	126	;btemp
   384  007E                     wtemp	set	126
   385  007E                     wtemp0	set	126
   386  0080                     wtemp1	set	128
   387  0082                     wtemp2	set	130
   388  0084                     wtemp3	set	132
   389  0086                     wtemp4	set	134
   390  0088                     wtemp5	set	136
   391  007F                     wtemp6	set	127
   392  007E                     ttemp	set	126
   393  007E                     ttemp0	set	126
   394  0081                     ttemp1	set	129
   395  0084                     ttemp2	set	132
   396  0087                     ttemp3	set	135
   397  007F                     ttemp4	set	127
   398  007E                     ltemp	set	126
   399  007E                     ltemp0	set	126
   400  0082                     ltemp1	set	130
   401  0086                     ltemp2	set	134
   402  0080                     ltemp3	set	128
   403                           
   404                           	psect	intentry
   405  0004                     __pintentry:	
   406                           ;incstack = 0
   407                           ; Regs used in _ISR: [wreg+status,2+status,0]
   408                           
   409  0004                     interrupt_function:	
   410  007E                     saved_w	set	btemp
   411  0004  00FE               	movwf	btemp
   412  0005  0E03               	swapf	3,w
   413  0006  00F0               	movwf	??_ISR
   414  0007  0804               	movf	4,w
   415  0008  00F1               	movwf	??_ISR+1
   416  0009  080A               	movf	10,w
   417  000A  00F2               	movwf	??_ISR+2
   418  000B  1283               	bcf	3,5	;RP0=0, select bank0
   419  000C  1303               	bcf	3,6	;RP1=0, select bank0
   420  000D  087F               	movf	btemp+1,w
   421  000E  00F3               	movwf	??_ISR+3
   422  000F  2817               	ljmp	_ISR


Data Sizes:
    Strings     0
    Constant    0
    Data        2
    BSS         0
    Persistent  0
    Stack       0

Auto Spaces:
    Space          Size  Autos    Used
    COMMON           14      4       6
    BANK0            80      0       0
    BANK1            80      0       0
    BANK2            48      0       0

Pointer List with Targets:

    None.

Critical Paths under _main in COMMON

    None.

Critical Paths under _ISR in COMMON

    None.

Critical Paths under _main in BANK0

    None.

Critical Paths under _ISR in BANK0

    None.

Critical Paths under _main in BANK1

    None.

Critical Paths under _ISR in BANK1

    None.

Critical Paths under _main in BANK2

    None.

Critical Paths under _ISR in BANK2

    None.

Call Graph Tables:

 ---------------------------------------------------------------------------------
 (Depth) Function   	        Calls       Base Space   Used Autos Params    Refs
 ---------------------------------------------------------------------------------
 (0) _main                                                 0     0      0       0
                      _interruptInit
                         _timer1Init
 ---------------------------------------------------------------------------------
 (1) _timer1Init                                           0     0      0       0
 ---------------------------------------------------------------------------------
 (1) _interruptInit                                        0     0      0       0
 ---------------------------------------------------------------------------------
 Estimated maximum stack depth 1
 ---------------------------------------------------------------------------------
 (Depth) Function   	        Calls       Base Space   Used Autos Params    Refs
 ---------------------------------------------------------------------------------
 (2) _ISR                                                  4     4      0       0
                                              0 COMMON     4     4      0
 ---------------------------------------------------------------------------------
 Estimated maximum stack depth 2
 ---------------------------------------------------------------------------------

 Call Graph Graphs:

 _main (ROOT)
   _interruptInit
   _timer1Init

 _ISR (ROOT)

 Address spaces:
Name               Size   Autos  Total    Cost      Usage
SFR3                 0      0       0       4        0.0%
BITSFR3              0      0       0       4        0.0%
BANK2               30      0       0       9        0.0%
BITBANK2            30      0       0       8        0.0%
SFR2                 0      0       0       5        0.0%
BITSFR2              0      0       0       5        0.0%
BANK1               50      0       0       7        0.0%
BITBANK1            50      0       0       6        0.0%
SFR1                 0      0       0       2        0.0%
BITSFR1              0      0       0       2        0.0%
BANK0               50      0       0       3        0.0%
BITBANK0            50      0       0       5        0.0%
SFR0                 0      0       0       1        0.0%
BITSFR0              0      0       0       1        0.0%
COMMON               E      4       6       1       42.9%
BITCOMMON            E      0       0       0        0.0%
CODE                 0      0       0       0        0.0%
DATA                 0      0       6      10        0.0%
ABS                  0      0       6       4        0.0%
NULL                 0      0       0       0        0.0%
STACK                0      0       0       2        0.0%
EEDATA              80      0       0       0        0.0%


Microchip Technology PIC Macro Assembler V1.33 build 59893 
Symbol Table                                                                                   Mon Jan 05 20:08:13 2015

  __end_of_interruptInit 004E              __CFG_CP$OFF 0000                       l33 004A  
           __CFG_CPD$OFF 0000                      _ISR 0017                      fsr0 0004  
           __CFG_LVP$OFF 0000                     ?_ISR 0070                     i1l40 0025  
                   _main 0045                     btemp 007E            __CFG_BOREN$ON 0000  
                   ltemp 007E                     start 0010                     ttemp 007E  
                   wtemp 007E            __CFG_MCLRE$ON 0000                    ??_ISR 0070  
                  ?_main 0070            __CFG_WDTE$OFF 0000                    _TMR1H 000F  
                  _TMR1L 000E                    _PORTB 0006            __CFG_PWRTE$ON 0000  
                  pclath 000A                    ltemp0 007E                    ltemp1 0082  
                  ltemp2 0086                    ltemp3 0080                    ttemp0 007E  
                  ttemp1 0081                    ttemp2 0084                    ttemp3 0087  
                  ttemp4 007F                    status 0003                    wtemp0 007E  
                  wtemp1 0080                    wtemp2 0082                    wtemp3 0084  
                  wtemp4 0086                    wtemp5 0088                    wtemp6 007F  
        __initialization 0011             __end_of_main 004B                   ??_main 0074  
                 _TRISB0 0430             __pdataCOMMON 0074                   saved_w 007E  
__end_of__initialization 0015           __pcstackCOMMON 0070               __pmaintext 0045  
             __pintentry 0004   __size_of_interruptInit 0003                  __ptext1 0030  
                __ptext2 004B                  __ptext3 0017             __size_of_ISR 0019  
              _T1CONbits 0010                  _timer1H 0074                  _timer1L 0075  
   end_of_initialization 0015               _timer1Init 0030            _interruptInit 004B  
              _PORTBbits 0006           ?_interruptInit 0070            __pidataCOMMON 004E  
    start_initialization 0011              __end_of_ISR 0030              ?_timer1Init 0070  
              ___latbits 0000          ??_interruptInit 0074      __size_of_timer1Init 0015  
      interrupt_function 0004                 _PIE1bits 008C                 _PCONbits 008E  
               _PIR1bits 000C            __size_of_main 0006             ??_timer1Init 0074  
             _INTCONbits 000B       __end_of_timer1Init 0045                 intlevel1 0000  
     __CFG_FOSC$INTOSCIO 0000  
