

Microchip Technology PIC18 LITE Macro Assembler V1.33 build 59893 
                                                                                               Fri Jan 09 20:01:30 2015

Microchip Technology Omniscient Code Generator (Lite mode) build 59893
     1                           	processor	18F45K22
     2                           	fnconf	rparam,??,?,0
     3                           	opt	pw 120
     4                           	opt	lm
     5                           	psect	text0,global,reloc=2,class=CODE,delta=1
     6                           	psect	cinit,global,reloc=2,class=CODE,delta=1
     7                           	psect	cstackCOMRAM,global,class=COMRAM,space=1,delta=1
     8                           	psect	intsave_regs,global,class=BIGRAM,space=1,delta=1
     9                           	psect	rparam,global,class=COMRAM,space=1,delta=1
    10  0000                     
    11                           ; 2 bytes @ 0x0
    12 ;;
    13 ;;Main: autosize = 0, tempsize = 0, incstack = 0, save=0
    14 ;;
    15 ;; *************** function _main *****************
    16 ;; Defined at:
    17 ;;		line 76 in file "main.c"
    18 ;; Parameters:    Size  Location     Type
    19 ;;		None
    20 ;; Auto vars:     Size  Location     Type
    21 ;;		None
    22 ;; Return value:  Size  Location     Type
    23 ;;                  2    2[COMRAM] int 
    24 ;; Registers used:
    25 ;;		None
    26 ;; Tracked objects:
    27 ;;		On entry : 0/0
    28 ;;		On exit  : 0/0
    29 ;;		Unchanged: 0/0
    30 ;; Data sizes:     COMRAM   BANK0   BANK1   BANK2   BANK3   BANK4   BANK5
    31 ;;      Params:         0       0       0       0       0       0       0
    32 ;;      Locals:         0       0       0       0       0       0       0
    33 ;;      Temps:          0       0       0       0       0       0       0
    34 ;;      Totals:         0       0       0       0       0       0       0
    35 ;;Total ram usage:        0 bytes
    36 ;; This function calls:
    37 ;;		Nothing
    38 ;; This function is called by:
    39 ;;		Startup code after reset
    40 ;; This function uses a non-reentrant model
    41 ;;
    42                           
    43                           	psect	text0
    44  007FF8                     __ptext0:
    45                           	opt stack 0
    46  007FF8                     _main:
    47                           	opt stack 31
    48  007FF8                     l3:
    49  007FF8  D7FF               	goto	l3
    50  007FFA                     __end_of_main:
    51                           	opt stack 0
    52  0000                     
    53                           	psect	cinit
    54  007FFA                     __pcinit:
    55                           	opt stack 0
    56  007FFA                     start_initialization:
    57                           	opt stack 0
    58  007FFA                     __initialization:
    59                           	opt stack 0
    60  007FFA                     end_of_initialization:
    61                           	opt stack 0
    62  007FFA                     __end_of__initialization:
    63                           	opt stack 0
    64  007FFA  0100               	movlb	0
    65  007FFC  EFFC  F03F         	goto	_main	;jump to C main() function
    66                           
    67                           	psect	cstackCOMRAM
    68  000000                     __pcstackCOMRAM:
    69                           	opt stack 0
    70  000000                     
    71                           	psect	rparam


Data Sizes:
    Strings     0
    Constant    0
    Data        0
    BSS         0
    Persistent  0
    Stack       0

Auto Spaces:
    Space          Size  Autos    Used
    COMRAM           95      0       0
    BANK0           160      0       0
    BANK1           256      0       0
    BANK2           256      0       0
    BANK3           256      0       0
    BANK4           256      0       0
    BANK5           256      0       0

Pointer List with Targets:

    None.

Critical Paths under _main in COMRAM

    None.

Critical Paths under _main in BANK0

    None.

Critical Paths under _main in BANK1

    None.

Critical Paths under _main in BANK2

    None.

Critical Paths under _main in BANK3

    None.

Critical Paths under _main in BANK4

    None.

Critical Paths under _main in BANK5

    None.

Call Graph Tables:

 ---------------------------------------------------------------------------------
 (Depth) Function   	        Calls       Base Space   Used Autos Params    Refs
 ---------------------------------------------------------------------------------
 (0) _main                                                 0     0      0       0
 ---------------------------------------------------------------------------------
 Estimated maximum stack depth 0
 ---------------------------------------------------------------------------------

 Call Graph Graphs:

 _main (ROOT)

 Address spaces:
Name               Size   Autos  Total    Cost      Usage
BITCOMRAM           5F      0       0       0        0.0%
EEDATA             100      0       0       0        0.0%
NULL                 0      0       0       0        0.0%
CODE                 0      0       0       0        0.0%
COMRAM              5F      0       0       1        0.0%
STACK                0      0       0       2        0.0%
BITBANK0            A0      0       0       3        0.0%
BANK0               A0      0       0       4        0.0%
BITBANK1           100      0       0       5        0.0%
BANK1              100      0       0       6        0.0%
BITBANK2           100      0       0       7        0.0%
BANK2              100      0       0       8        0.0%
ABS                  0      0       0       9        0.0%
BITBANK3           100      0       0      10        0.0%
BANK3              100      0       0      11        0.0%
BITBANK4           100      0       0      12        0.0%
BANK4              100      0       0      13        0.0%
BITBANK5           100      0       0      14        0.0%
BANK5              100      0       0      15        0.0%
BIGRAM             5FF      0       0      16        0.0%
DATA                 0      0       0      17        0.0%
BITSFR_1             0      0       0      40        0.0%
SFR_1                0      0       0      40        0.0%
BITSFR               0      0       0      40        0.0%
SFR                  0      0       0      40        0.0%


Microchip Technology PIC18 Macro Assembler V1.33 build 59893 
Symbol Table                                                                                   Fri Jan 09 20:01:30 2015

                      l3 7FF8             __CFG_CP0$OFF 000000             __CFG_CP1$OFF 000000  
           __CFG_CP2$OFF 000000             __CFG_CP3$OFF 000000              __CFG_LVP$ON 000000  
           __CFG_CPB$OFF 000000             __CFG_CPD$OFF 000000                     _main 7FF8  
          __CFG_BORV$190 000000                     start 0000            __CFG_IESO$OFF 000000  
                  ?_main 0000            __CFG_WRT0$OFF 000000            __CFG_WRT1$OFF 000000  
          __CFG_WRT2$OFF 000000            __CFG_WRT3$OFF 000000           __CFG_EBTR0$OFF 000000  
         __CFG_FCMEN$OFF 000000           __CFG_EBTR1$OFF 000000           __CFG_EBTR2$OFF 000000  
         __CFG_EBTR3$OFF 000000            __CFG_WRTB$OFF 000000            __CFG_WRTC$OFF 000000  
          __CFG_WRTD$OFF 000000           __CFG_EBTRB$OFF 000000       __CFG_MCLRE$EXTMCLR 000000  
         __CFG_HFOFST$ON 000000           __CFG_FOSC$HSMP 000000          __initialization 7FFA  
           __end_of_main 7FFA                   ??_main 0000            __activetblptr 000000  
         __CFG_WDTEN$OFF 000000           __CFG_PWRTEN$ON 000000           __CFG_XINST$OFF 000000  
         __CFG_STVREN$ON 000000               __accesstop 0060  __end_of__initialization 7FFA  
        __CFG_PBADEN$OFF 000000           __pcstackCOMRAM 0000          __CFG_PLLCFG$OFF 000000  
     __CFG_CCP2MX$PORTC1 000000       __CFG_CCP3MX$PORTB5 000000                  __Hparam 0000  
                __Lparam 0000                  __pcinit 7FFA                  __ramtop 0600  
                __ptext0 7FF8     end_of_initialization 7FFA      start_initialization 7FFA  
       __CFG_PRICLKEN$ON 000000         __CFG_WDTPS$32768 000000                 __Hrparam 0000  
               __Lrparam 0000       __CFG_BOREN$SBORDIS 000000        __CFG_P2BMX$PORTD2 000000  
          __size_of_main 0002        __CFG_T3CMX$PORTC0 000000  
